VL8_VL4_VA,0.81,0.065536
VL8_VL4_VL2,0.81,0.065536
VL8_VL4_VL4,0.81,0.065536
VL8_VL4_VL8,0.81,0.065536
VL8_VL8_VL4,0.81,0.065536
VL8_VL8_VL8,0.81,0.065536
VL8_VL8_VL2,0.82,0.065536
VL8_IV_N,0.83,0.065536
VL8_IV_VL8,0.83,0.065536
VL8_VL2_N,0.83,0.065536
VL8_VL4_IV,0.83,0.065536
VL8_VL8_IV,0.83,0.065536
VL8_VL8_N,0.83,0.065536
VL8_N_IV,0.84,0.065536
VL8_N_N,0.84,0.065536
VL8_N_VL2,0.84,0.065536
VL8_VA_N,0.84,0.065536
VL8_VA_VA,0.84,0.065536
VL8_VA_VL2,0.84,0.065536
VL8_VL2_IV,0.84,0.065536
VL8_VL2_VA,0.84,0.065536
VL8_VL2_VL2,0.84,0.065536
VL8_VL8_VA,0.84,0.065536
VL8_IV_VA,0.85,0.065536
VL8_N_VL4,0.85,0.065536
VL8_N_VL8,0.85,0.065536
VL8_IV_VL2,0.86,0.065536
VL8_N_VA,0.86,0.065536
VL8_VA_VL4,0.86,0.065536
VL8_VL2_VL4,0.86,0.065536
VL8_VL2_VL8,0.87,0.065536
VL8_VL4_N,0.87,0.065536
VL8_IV_VL4,0.88,0.065536
VL8_VA_VL8,0.88,0.065536
VL8_IV_IV,0.90,0.065536
VL8_VA_IV,1.01,0.065536
VL4_IV_IV,1.51,0.065536
VL4_VA_IV,1.51,0.065536
VL4_VA_N,1.51,0.065536
VL4_N_VA,1.52,0.065536
VL4_VA_VA,1.52,0.065536
VL4_IV_VL2,1.53,0.065536
VL4_N_VL8,1.53,0.065536
VL4_IV_N,1.54,0.065536
VL4_N_N,1.54,0.065536
VL4_N_VL2,1.54,0.065536
VL4_IV_VA,1.55,0.065536
VL4_IV_VL8,1.55,0.065536
VL4_N_IV,1.55,0.065536
VL4_VL8_VA,1.56,0.065536
VL4_N_VL4,1.57,0.065536
VL4_VA_VL8,1.58,0.065536
VL4_VL2_N,1.58,0.065536
VL4_VL8_IV,1.58,0.065536
VL4_VA_VL2,1.59,0.065536
VL4_VA_VL4,1.59,0.065536
VL4_VL2_VL4,1.59,0.065536
VL4_VL8_N,1.59,0.065536
VL4_VL8_VL2,1.59,0.065536
VL4_VL8_VL4,1.59,0.065536
VL4_VL2_VL2,1.60,0.065536
VL4_VL4_VL8,1.60,0.065536
VL4_VL2_VA,1.61,0.065536
VL4_VL2_VL8,1.61,0.065536
VL4_VL4_IV,1.61,0.065536
VL4_VL4_VL2,1.61,0.065536
VL4_VL8_VL8,1.61,0.065536
VL4_VL4_N,1.62,0.065536
VL4_IV_VL4,1.63,0.065536
VL4_VL2_IV,1.65,0.065536
VL4_VL4_VA,1.65,0.065536
VL4_VL4_VL4,1.93,0.065536
VL2_IV_VL2,3.04,0.065536
VL2_VL8_VA,3.04,0.065536
VL2_VL2_VL2,3.05,0.065536
VL2_N_IV,3.06,0.065536
VL2_N_VL2,3.06,0.065536
VL2_N_VL4,3.06,0.065536
VL2_N_VL8,3.06,0.065536
VL2_VL2_VL4,3.06,0.065536
VL2_IV_IV,3.07,0.065536
VL2_IV_N,3.07,0.065536
VL2_N_N,3.07,0.065536
VL2_VL2_VA,3.07,0.065536
VL2_VL8_VL4,3.07,0.065536
VL2_VL8_VL8,3.07,0.065536
VL2_IV_VA,3.08,0.065536
VL2_N_VA,3.09,0.065536
VL2_VL2_N,3.09,0.065536
VL2_VL2_VL8,3.09,0.065536
VL2_VL8_VL2,3.09,0.065536
VL2_IV_VL8,3.10,0.065536
VL2_VA_IV,3.10,0.065536
VL2_IV_VL4,3.12,0.065536
VL2_VL4_IV,3.12,0.065536
VL2_VL4_VA,3.12,0.065536
VL2_VL8_IV,3.12,0.065536
VL2_VL8_N,3.13,0.065536
VL2_VL4_VL2,3.14,0.065536
VL2_VA_VL8,3.15,0.065536
VL2_VL4_VL8,3.15,0.065536
VL2_VA_N,3.16,0.065536
VL2_VL4_N,3.20,0.065536
VL2_VA_VL2,3.24,0.065536
VL2_VA_VL4,3.24,0.065536
VL2_VA_VA,3.27,0.065536
VL2_VL2_IV,3.46,0.065536
VL2_VL4_VL4,3.73,0.065536
N_VL4_N,4.25,0.065536
IV_VL4_VL8,4.26,0.065536
N_VL4_VL2,4.26,0.065536
N_VL4_VL4,4.26,0.065536
VA_VL4_IV,4.26,0.065536
VA_VL4_VL2,4.26,0.065536
N_VL4_IV,4.27,0.065536
N_VL4_VL8,4.27,0.065536
IV_VL4_VL4,4.28,0.065536
VA_VL4_N,4.28,0.065536
VA_VL4_VL4,4.28,0.065536
VA_VL4_VL8,4.28,0.065536
IV_VL4_N,4.29,0.065536
VA_VL4_VA,4.29,0.065536
IV_VL4_IV,4.30,0.065536
IV_VL4_VL2,4.31,0.065536
N_VL4_VA,4.31,0.065536
IV_VL4_VA,4.35,0.065536
VA_VL2_VL2,4.39,0.065536
VA_VL2_N,4.41,0.065536
IV_VL2_IV,4.44,0.065536
IV_VL2_VL8,4.44,0.065536
N_VL2_N,4.45,0.065536
N_VL2_VL4,4.45,0.065536
IV_VL2_VL4,4.46,0.065536
N_VL2_VL8,4.46,0.065536
VA_VL2_IV,4.46,0.065536
VA_VL2_VL4,4.46,0.065536
VA_VL2_VL8,4.46,0.065536
N_VL2_VA,4.47,0.065536
N_VL2_VL2,4.47,0.065536
VA_VL2_VA,4.47,0.065536
IV_VL2_N,4.50,0.065536
IV_VL2_VL2,4.51,0.065536
N_VL2_IV,4.59,0.065536
IV_VL2_VA,4.62,0.065536
IV_VA_VL4,5.77,0.065536
N_VA_VL4,5.77,0.065536
IV_N_VL2,5.79,0.065536
IV_N_VL4,5.79,0.065536
VA_N_VL4,5.79,0.065536
IV_VA_IV,5.80,0.065536
VA_IV_N,5.80,0.065536
VA_VA_VL4,5.80,0.065536
IV_IV_VL4,5.81,0.065536
VA_IV_VL4,5.82,0.065536
IV_VA_VL2,5.83,0.065536
N_IV_VL4,5.83,0.065536
VA_VA_VA,5.83,0.065536
IV_N_VL8,5.84,0.065536
N_IV_IV,5.84,0.065536
VA_IV_VA,5.84,0.065536
IV_IV_VL8,5.85,0.065536
N_VA_VL8,5.85,0.065536
VA_IV_VL2,5.85,0.065536
IV_VA_VL8,5.86,0.065536
N_IV_VL2,5.86,0.065536
VA_N_VL2,5.86,0.065536
VA_VA_IV,5.86,0.065536
VA_VA_N,5.86,0.065536
VA_VA_VL8,5.86,0.065536
IV_N_N,5.87,0.065536
VA_VA_VL2,5.87,0.065536
IV_N_VA,5.88,0.065536
IV_VA_N,5.88,0.065536
IV_VA_VA,5.88,0.065536
N_IV_N,5.89,0.065536
N_IV_VL8,5.89,0.065536
N_N_VL4,5.89,0.065536
N_VA_IV,5.89,0.065536
N_VA_N,5.89,0.065536
N_VA_VL2,5.89,0.065536
VA_IV_VL8,5.89,0.065536
IV_IV_VL2,5.90,0.065536
N_IV_VA,5.90,0.065536
N_VA_VA,5.90,0.065536
VA_N_IV,5.90,0.065536
IV_N_IV,5.91,0.065536
N_N_N,5.91,0.065536
N_N_VL2,5.91,0.065536
VA_IV_IV,5.92,0.065536
N_N_VA,5.95,0.065536
IV_IV_IV,5.98,0.065536
VA_N_N,5.98,0.065536
IV_IV_VA,6.00,0.065536
N_N_VL8,6.01,0.065536
IV_IV_N,6.02,0.065536
N_N_IV,6.03,0.065536
VA_N_VL8,6.50,0.065536
VA_N_VA,6.69,0.065536
IV_VL8_VL4,7.45,0.065536
N_VL8_VL8,7.45,0.065536
IV_VL8_N,7.46,0.065536
VA_VL8_VL8,7.46,0.065536
IV_VL8_VL8,7.47,0.065536
VA_VL8_VL4,7.47,0.065536
IV_VL8_VA,7.48,0.065536
IV_VL8_VL2,7.50,0.065536
N_VL8_VL4,7.50,0.065536
VA_VL8_VA,7.50,0.065536
N_VL8_N,7.51,0.065536
N_VL8_VA,7.51,0.065536
IV_VL8_IV,7.54,0.065536
N_VL8_IV,7.55,0.065536
N_VL8_VL2,7.58,0.065536
VA_VL8_VL2,7.63,0.065536
VA_VL8_IV,7.79,0.065536
VA_VL8_N,7.84,0.065536
