VL4_N_VL4,5.14,2634.274414
VL2_VL4_N,5.18,2634.274414
VL4_IV_VL4,5.18,2634.274414
VL4_VL4_VA,5.18,2634.274414
IV_VL4_IV,5.19,2634.274414
VL4_VL4_VL4,5.19,2634.274414
IV_VL4_VL8,5.20,2634.274414
VL4_VL4_VL2,5.20,2634.274414
VL8_IV_VL4,5.20,2634.274414
IV_IV_VL4,5.22,2634.274414
VA_N_VL4,5.22,2634.274414
VA_VL4_N,5.22,2634.274414
VL2_VL4_VL2,5.22,2634.274414
VL4_N_VL2,5.22,2634.274414
VA_VL4_VL8,5.23,2634.274414
VL4_VL4_N,5.23,2634.274414
VL8_N_VL4,5.23,2634.274414
VL8_VA_VL4,5.23,2634.274414
IV_VL4_VL2,5.24,2634.274414
N_VL4_VL8,5.24,2634.274414
VA_VL4_IV,5.24,2634.274414
VL2_VA_VL4,5.24,2634.274414
VL2_VL4_IV,5.24,2634.274414
VL2_VL4_VL8,5.24,2634.274414
VL8_VA_VL2,5.24,2634.274414
VL8_VL4_IV,5.24,2634.274414
VL8_VL4_VL2,5.24,2634.274414
IV_VL4_N,5.25,2634.274414
N_IV_VL4,5.25,2634.274414
N_VA_VL4,5.25,2634.274414
N_VL4_VL2,5.25,2634.274414
VA_VL4_VL2,5.25,2634.274414
VL4_VL4_IV,5.25,2634.274414
N_VL4_IV,5.26,2634.274414
VA_VL4_VL4,5.26,2634.274414
VL4_IV_VL2,5.26,2634.274414
VL4_VA_VL4,5.26,2634.274414
VL8_VL4_N,5.26,2634.274414
IV_VL4_VA,5.27,2634.274414
N_N_VL4,5.27,2634.274414
VL2_VL4_VA,5.27,2634.274414
VL2_VL4_VL4,5.27,2634.274414
VL4_N_VA,5.27,2634.274414
VL8_IV_VL2,5.27,2634.274414
IV_N_VL4,5.28,2634.274414
N_VL4_VL4,5.28,2634.274414
VA_IV_VL4,5.28,2634.274414
VL4_N_N,5.28,2634.274414
VL4_VL4_VL8,5.28,2634.274414
VL8_N_VA,5.28,2634.274414
VL8_N_VL2,5.28,2634.274414
VL8_VL4_VA,5.28,2634.274414
VL8_VL4_VL4,5.28,2634.274414
VL8_VL4_VL8,5.28,2634.274414
N_VL4_VA,5.29,2634.274414
VA_VL4_VA,5.29,2634.274414
VL2_IV_VL4,5.29,2634.274414
VL4_VA_VL2,5.29,2634.274414
VL8_VA_VA,5.29,2634.274414
IV_VL4_VL4,5.30,2634.274414
N_IV_VL2,5.30,2634.274414
VA_IV_N,5.30,2634.274414
VA_IV_VA,5.30,2634.274414
VL8_IV_VA,5.30,2634.274414
IV_IV_VL2,5.31,2634.274414
VA_VA_VL4,5.31,2634.274414
VL2_IV_VL2,5.31,2634.274414
VL8_IV_N,5.31,2634.274414
IV_VA_VL4,5.32,2634.274414
VL8_N_N,5.32,2634.274414
VL8_VA_N,5.32,2634.274414
VA_VA_N,5.33,2634.274414
IV_IV_VA,5.34,2634.274414
IV_VA_VL2,5.34,2634.274414
N_IV_N,5.34,2634.274414
VL2_VA_VA,5.34,2634.274414
VL2_VA_VL2,5.34,2634.274414
N_N_N,5.35,2634.274414
N_N_VA,5.35,2634.274414
N_N_VL2,5.35,2634.274414
VA_IV_VL2,5.35,2634.274414
VL4_VA_VA,5.35,2634.274414
N_VA_N,5.36,2634.274414
N_VA_VL2,5.36,2634.274414
VL2_N_VL2,5.36,2634.274414
VL4_IV_N,5.36,2634.274414
VA_N_VL2,5.37,2634.274414
IV_VA_N,5.38,2634.274414
IV_VA_VA,5.38,2634.274414
N_IV_VA,5.38,2634.274414
N_VA_VA,5.38,2634.274414
VA_N_VA,5.39,2634.274414
VA_VA_VA,5.39,2634.274414
VA_VA_VL2,5.39,2634.274414
VL2_N_VL4,5.39,2634.274414
VA_N_N,5.40,2634.274414
VL4_IV_VA,5.40,2634.274414
VL4_VA_N,5.40,2634.274414
IV_N_VL2,5.41,2634.274414
VL2_IV_N,5.41,2634.274414
IV_N_N,5.42,2634.274414
N_VL4_N,5.42,2634.274414
IV_N_VA,5.43,2634.274414
VL2_IV_VA,5.43,2634.274414
IV_IV_N,5.44,2634.274414
VL2_N_VA,5.44,2634.274414
VL2_N_N,5.50,2634.274414
VL2_VA_N,5.53,2634.274414
VL4_IV_VL8,5.56,2634.274414
VL8_VA_IV,5.56,2634.274414
VL2_VA_VL8,5.58,2634.274414
VL4_VA_VL8,5.59,2634.274414
VL8_IV_VL8,5.59,2634.274414
VL4_IV_IV,5.60,2634.274414
VL4_N_IV,5.60,2634.274414
VL4_VA_IV,5.61,2634.274414
VL8_N_IV,5.61,2634.274414
VL4_N_VL8,5.62,2634.274414
VL8_IV_IV,5.64,2634.274414
VL8_N_VL8,5.64,2634.274414
VL4_VL2_VL2,5.65,2634.274414
VL2_VL2_VL8,5.66,2634.274414
VL4_VL2_VL4,5.66,2634.274414
VL4_VL2_VL8,5.66,2634.274414
VL8_VA_VL8,5.66,2634.274414
IV_N_IV,5.67,2634.274414
VL2_IV_VL8,5.67,2634.274414
VL2_N_VL8,5.67,2634.274414
VL2_VL2_VL4,5.67,2634.274414
VL4_VL2_N,5.67,2634.274414
N_VL2_IV,5.68,2634.274414
VL2_VL2_IV,5.68,2634.274414
VL2_VL2_VL2,5.68,2634.274414
VL4_VL2_VA,5.68,2634.274414
N_N_VL8,5.69,2634.274414
VA_VL2_VL8,5.69,2634.274414
VL2_VL2_N,5.69,2634.274414
VL8_VL2_IV,5.69,2634.274414
N_VL2_VA,5.70,2634.274414
VA_VL2_IV,5.70,2634.274414
IV_VA_IV,5.71,2634.274414
IV_VL2_VA,5.71,2634.274414
N_N_IV,5.71,2634.274414
VA_IV_VL8,5.71,2634.274414
VL8_VL2_VA,5.71,2634.274414
VL8_VL2_VL2,5.71,2634.274414
VL8_VL2_VL4,5.71,2634.274414
VL8_VL2_VL8,5.71,2634.274414
N_VL2_VL2,5.72,2634.274414
N_VL2_VL8,5.72,2634.274414
VA_N_VL8,5.72,2634.274414
VA_VA_IV,5.72,2634.274414
VL2_VA_IV,5.72,2634.274414
VL2_VL2_VA,5.72,2634.274414
IV_VL2_VL8,5.73,2634.274414
N_VL2_N,5.73,2634.274414
VL2_IV_IV,5.73,2634.274414
VL2_N_IV,5.73,2634.274414
IV_N_VL8,5.74,2634.274414
IV_VL2_N,5.74,2634.274414
VL4_VL2_IV,5.74,2634.274414
VL8_VL2_N,5.74,2634.274414
N_VA_IV,5.75,2634.274414
N_VL2_VL4,5.75,2634.274414
VA_IV_IV,5.75,2634.274414
N_VA_VL8,5.76,2634.274414
VA_N_IV,5.76,2634.274414
IV_VA_VL8,5.77,2634.274414
VA_VL2_VL4,5.77,2634.274414
N_IV_IV,5.78,2634.274414
VA_VL2_VA,5.78,2634.274414
VA_VL2_VL2,5.78,2634.274414
IV_IV_IV,5.79,2634.274414
IV_IV_VL8,5.79,2634.274414
VA_VA_VL8,5.79,2634.274414
IV_VL2_VL4,5.80,2634.274414
N_IV_VL8,5.80,2634.274414
IV_VL2_VL2,5.81,2634.274414
IV_VL2_IV,5.82,2634.274414
VA_VL2_N,5.86,2634.274414
VL4_VL8_IV,7.73,2634.274414
VL4_VL8_VL4,7.73,2634.274414
VL8_VL8_VL4,7.77,2634.274414
VL2_VL8_N,7.78,2634.274414
VL4_VL8_VL8,7.79,2634.274414
VL8_VL8_IV,7.79,2634.274414
VL8_VL8_VL2,7.79,2634.274414
VL4_VL8_N,7.80,2634.274414
VL4_VL8_VL2,7.80,2634.274414
VL8_VL8_N,7.81,2634.274414
VL8_VL8_VL8,7.81,2634.274414
VL2_VL8_IV,7.82,2634.274414
VL2_VL8_VA,7.82,2634.274414
VL8_VL8_VA,7.82,2634.274414
VL2_VL8_VL2,7.86,2634.274414
VA_VL8_VL4,7.88,2634.274414
VL4_VL8_VA,7.89,2634.274414
N_VL8_VL4,7.90,2634.274414
VL2_VL8_VL8,7.90,2634.274414
VA_VL8_IV,7.92,2634.274414
N_VL8_IV,7.93,2634.274414
N_VL8_VA,7.93,2634.274414
N_VL8_N,7.94,2634.274414
N_VL8_VL2,7.94,2634.274414
VA_VL8_VA,7.94,2634.274414
VA_VL8_N,7.95,2634.274414
VA_VL8_VL2,7.95,2634.274414
IV_VL8_VL4,7.96,2634.274414
IV_VL8_VL8,7.96,2634.274414
IV_VL8_VA,7.98,2634.274414
IV_VL8_N,7.99,2634.274414
N_VL8_VL8,7.99,2634.274414
VA_VL8_VL8,7.99,2634.274414
IV_VL8_IV,8.01,2634.274414
IV_VL8_VL2,8.08,2634.274414
VL2_VL8_VL4,8.29,2634.274414
