IV_IV_IV,0.57,4.000000
IV_IV_N,0.57,4.000000
IV_IV_VA,0.57,4.000000
IV_IV_VL8,0.57,4.000000
IV_N_IV,0.57,4.000000
IV_N_N,0.57,4.000000
IV_N_VA,0.57,4.000000
IV_N_VL8,0.57,4.000000
IV_VA_IV,0.57,4.000000
IV_VA_N,0.57,4.000000
IV_VA_VA,0.57,4.000000
IV_VA_VL8,0.57,4.000000
N_IV_IV,0.57,4.000000
N_IV_N,0.57,4.000000
N_IV_VA,0.57,4.000000
N_IV_VL8,0.57,4.000000
N_N_IV,0.57,4.000000
N_N_N,0.57,4.000000
N_N_VA,0.57,4.000000
N_N_VL8,0.57,4.000000
N_VA_IV,0.57,4.000000
N_VA_N,0.57,4.000000
N_VA_VA,0.57,4.000000
N_VA_VL8,0.57,4.000000
VA_IV_IV,0.57,4.000000
VA_IV_N,0.57,4.000000
VA_IV_VA,0.57,4.000000
VA_IV_VL8,0.57,4.000000
VA_N_IV,0.57,4.000000
VA_N_N,0.57,4.000000
VA_N_VA,0.57,4.000000
VA_N_VL8,0.57,4.000000
VA_VA_IV,0.57,4.000000
VA_VA_N,0.57,4.000000
VA_VA_VA,0.57,4.000000
VA_VA_VL8,0.57,4.000000
VL8_IV_IV,0.57,4.000000
VL8_IV_N,0.57,4.000000
VL8_IV_VA,0.57,4.000000
VL8_IV_VL2,0.57,4.000000
VL8_IV_VL4,0.57,4.000000
VL8_IV_VL8,0.57,4.000000
VL8_N_IV,0.57,4.000000
VL8_N_N,0.57,4.000000
VL8_N_VA,0.57,4.000000
VL8_N_VL2,0.57,4.000000
VL8_N_VL4,0.57,4.000000
VL8_N_VL8,0.57,4.000000
VL8_VA_IV,0.57,4.000000
VL8_VA_N,0.57,4.000000
VL8_VA_VA,0.57,4.000000
VL8_VA_VL2,0.57,4.000000
VL8_VA_VL4,0.57,4.000000
VL8_VA_VL8,0.57,4.000000
VL8_VL2_IV,0.57,4.000000
VL8_VL2_N,0.57,4.000000
VL8_VL2_VA,0.57,4.000000
VL8_VL2_VL2,0.57,4.000000
VL8_VL2_VL4,0.57,4.000000
VL8_VL2_VL8,0.57,4.000000
VL8_VL4_IV,0.57,4.000000
VL8_VL4_N,0.57,4.000000
VL8_VL4_VA,0.57,4.000000
VL8_VL4_VL2,0.57,4.000000
VL8_VL4_VL4,0.57,4.000000
VL8_VL4_VL8,0.57,4.000000
VL8_VL8_IV,0.57,4.000000
VL8_VL8_N,0.57,4.000000
VL8_VL8_VA,0.57,4.000000
VL8_VL8_VL2,0.57,4.000000
VL8_VL8_VL4,0.57,4.000000
VL8_VL8_VL8,0.57,4.000000
IV_IV_VL4,1.07,4.000000
IV_N_VL4,1.07,4.000000
IV_VA_VL4,1.07,4.000000
VL4_N_VA,1.07,4.000000
VL4_N_VL2,1.07,4.000000
VL4_N_VL4,1.07,4.000000
VL4_N_VL8,1.07,4.000000
VL4_VA_IV,1.07,4.000000
VL4_VA_N,1.07,4.000000
VL4_VA_VL2,1.07,4.000000
VL4_VA_VL4,1.07,4.000000
VL4_VA_VL8,1.07,4.000000
VL4_VL2_IV,1.07,4.000000
VL4_VL2_N,1.07,4.000000
VL4_VL2_VA,1.07,4.000000
VL4_VL2_VL2,1.07,4.000000
VL4_VL2_VL4,1.07,4.000000
VL4_VL2_VL8,1.07,4.000000
VL4_VL4_IV,1.07,4.000000
VL4_VL4_N,1.07,4.000000
VL4_VL4_VA,1.07,4.000000
VL4_VL4_VL2,1.07,4.000000
VL4_VL4_VL8,1.07,4.000000
VL4_VL8_IV,1.07,4.000000
VL4_VL8_N,1.07,4.000000
VL4_VL8_VA,1.07,4.000000
VL4_VL8_VL2,1.07,4.000000
VL4_VL8_VL4,1.07,4.000000
VL4_VL8_VL8,1.07,4.000000
VL4_VA_VA,1.08,4.000000
VL4_VL4_VL4,1.08,4.000000
IV_VL4_VL2,1.10,4.000000
IV_VL4_VL8,1.10,4.000000
VL4_N_N,1.10,4.000000
IV_VL4_IV,1.11,4.000000
IV_VL4_VA,1.11,4.000000
IV_VL4_VL4,1.11,4.000000
IV_VL4_N,1.12,4.000000
N_IV_VL4,1.13,4.000000
N_N_VL4,1.13,4.000000
N_VA_VL4,1.13,4.000000
VA_IV_VL4,1.13,4.000000
VA_N_VL4,1.13,4.000000
VA_VA_VL4,1.13,4.000000
VL4_IV_VA,1.13,4.000000
VL4_IV_IV,1.14,4.000000
VL4_IV_N,1.14,4.000000
VL4_IV_VL2,1.14,4.000000
VL4_IV_VL4,1.14,4.000000
VL4_IV_VL8,1.14,4.000000
VL4_N_IV,1.14,4.000000
N_VL4_IV,1.17,4.000000
N_VL4_N,1.17,4.000000
N_VL4_VA,1.17,4.000000
N_VL4_VL2,1.17,4.000000
N_VL4_VL4,1.17,4.000000
VA_VL4_IV,1.17,4.000000
VA_VL4_N,1.17,4.000000
VA_VL4_VA,1.17,4.000000
VA_VL4_VL2,1.17,4.000000
VA_VL4_VL4,1.17,4.000000
VA_VL4_VL8,1.17,4.000000
N_VL4_VL8,1.18,4.000000
IV_IV_VL2,2.14,4.000000
IV_N_VL2,2.14,4.000000
IV_VA_VL2,2.14,4.000000
IV_VL2_VL4,2.14,4.000000
N_IV_VL2,2.14,4.000000
IV_VL2_IV,2.15,4.000000
IV_VL2_N,2.15,4.000000
IV_VL2_VA,2.15,4.000000
IV_VL2_VL2,2.15,4.000000
IV_VL2_VL8,2.15,4.000000
N_N_VL2,2.26,4.000000
N_VA_VL2,2.26,4.000000
VA_IV_VL2,2.26,4.000000
VA_N_VL2,2.26,4.000000
VA_VA_VL2,2.26,4.000000
VL2_N_N,2.26,4.000000
VL2_N_VA,2.26,4.000000
VL2_VL8_VL2,2.26,4.000000
VL2_VL8_VL8,2.26,4.000000
N_VL2_N,2.27,4.000000
N_VL2_VA,2.27,4.000000
N_VL2_VL2,2.27,4.000000
N_VL2_VL4,2.27,4.000000
N_VL2_VL8,2.27,4.000000
VA_VL2_IV,2.27,4.000000
VA_VL2_N,2.27,4.000000
VA_VL2_VA,2.27,4.000000
VA_VL2_VL2,2.27,4.000000
VA_VL2_VL4,2.27,4.000000
VA_VL2_VL8,2.27,4.000000
VL2_IV_IV,2.27,4.000000
VL2_IV_N,2.27,4.000000
VL2_IV_VA,2.27,4.000000
VL2_IV_VL2,2.27,4.000000
VL2_IV_VL4,2.27,4.000000
VL2_IV_VL8,2.27,4.000000
VL2_N_IV,2.27,4.000000
VL2_N_VL2,2.27,4.000000
VL2_N_VL4,2.27,4.000000
VL2_N_VL8,2.27,4.000000
VL2_VA_IV,2.27,4.000000
VL2_VA_N,2.27,4.000000
VL2_VA_VA,2.27,4.000000
VL2_VA_VL2,2.27,4.000000
VL2_VA_VL4,2.27,4.000000
VL2_VA_VL8,2.27,4.000000
VL2_VL2_IV,2.27,4.000000
VL2_VL2_N,2.27,4.000000
VL2_VL2_VA,2.27,4.000000
VL2_VL2_VL2,2.27,4.000000
VL2_VL2_VL4,2.27,4.000000
VL2_VL2_VL8,2.27,4.000000
VL2_VL4_IV,2.27,4.000000
VL2_VL4_N,2.27,4.000000
VL2_VL4_VA,2.27,4.000000
VL2_VL4_VL2,2.27,4.000000
VL2_VL4_VL4,2.27,4.000000
VL2_VL4_VL8,2.27,4.000000
VL2_VL8_IV,2.27,4.000000
VL2_VL8_N,2.27,4.000000
VL2_VL8_VA,2.27,4.000000
VL2_VL8_VL4,2.27,4.000000
N_VL2_IV,2.28,4.000000
IV_VL8_IV,2.86,4.000000
IV_VL8_VL2,2.86,4.000000
VA_VL8_VA,2.86,4.000000
IV_VL8_VL8,2.87,4.000000
N_VL8_N,2.87,4.000000
N_VL8_VA,2.87,4.000000
N_VL8_VL4,2.87,4.000000
IV_VL8_N,2.88,4.000000
IV_VL8_VA,2.88,4.000000
IV_VL8_VL4,2.88,4.000000
N_VL8_VL8,2.88,4.000000
VA_VL8_IV,2.88,4.000000
VA_VL8_VL2,2.88,4.000000
VA_VL8_VL4,2.88,4.000000
VA_VL8_N,2.89,4.000000
N_VL8_VL2,2.90,4.000000
VA_VL8_VL8,2.90,4.000000
N_VL8_IV,3.06,4.000000
