VL8_IV_VL4,0.54,32015.958984
VL8_VA_VL2,0.54,32015.958984
VL8_VA_VL4,0.54,32015.958984
VL8_VL2_VL8,0.54,32015.958984
VL8_VL4_VL8,0.54,32015.958984
VL8_IV_VL2,0.55,32015.958984
VL8_IV_VL8,0.55,32015.958984
VL8_N_VL2,0.55,32015.958984
VL8_N_VL4,0.55,32015.958984
VL8_N_VL8,0.55,32015.958984
VL8_VA_VL8,0.55,32015.958984
VL8_VL2_VL4,0.55,32015.958984
VL8_VL4_VL2,0.55,32015.958984
VL8_VL4_VL4,0.55,32015.958984
VL8_VL8_VL2,0.55,32015.958984
VL8_VL8_VL4,0.55,32015.958984
VL8_VL2_VL2,0.57,32015.958984
VL8_VL8_VL8,0.58,32015.958984
VL8_IV_IV,0.63,32015.958984
VL8_IV_N,0.63,32015.958984
VL8_N_IV,0.63,32015.958984
VL8_N_VA,0.63,32015.958984
VL8_VA_IV,0.63,32015.958984
VL8_VL2_IV,0.63,32015.958984
VL8_VL4_IV,0.63,32015.958984
VL8_VL4_N,0.63,32015.958984
VL8_VL4_VA,0.63,32015.958984
VL8_VL8_IV,0.63,32015.958984
VL8_VL8_VA,0.63,32015.958984
VL8_IV_VA,0.64,32015.958984
VL8_N_N,0.64,32015.958984
VL8_VA_N,0.64,32015.958984
VL8_VA_VA,0.64,32015.958984
VL8_VL2_N,0.64,32015.958984
VL8_VL2_VA,0.64,32015.958984
VL8_VL8_N,0.64,32015.958984
VL4_N_N,0.78,32031.916016
VL4_N_VA,0.78,32031.916016
VL4_VA_N,0.78,32031.916016
VL4_VL4_VA,0.78,32031.916016
VL4_VL8_N,0.78,32031.916016
VL4_IV_IV,0.79,32031.916016
VL4_IV_VA,0.79,32031.916016
VL4_N_IV,0.79,32031.916016
VL4_VA_VA,0.79,32031.916016
VL4_VL2_N,0.79,32031.916016
VL4_VL8_IV,0.79,32031.916016
VL4_IV_N,0.80,32031.916016
VL4_VA_IV,0.80,32031.916016
VL4_VL2_IV,0.80,32031.916016
VL4_VL4_N,0.80,32031.916016
VL4_VL8_VA,0.80,32031.916016
VL4_VL2_VA,0.81,32031.916016
VL4_VL4_IV,0.82,32031.916016
VL4_VL4_VL2,0.88,32031.916016
VL4_IV_VL8,0.89,32031.916016
VL4_N_VL2,0.89,32031.916016
VL4_N_VL4,0.89,32031.916016
VL4_VA_VL4,0.89,32031.916016
VL4_VA_VL8,0.89,32031.916016
VL4_VL2_VL8,0.89,32031.916016
VL4_VL4_VL4,0.89,32031.916016
VL4_VL8_VL4,0.89,32031.916016
VL4_VL2_VL2,0.90,32031.916016
VL4_VL2_VL4,0.90,32031.916016
VL4_IV_VL4,0.91,32031.916016
VL4_N_VL8,0.91,32031.916016
VL4_VA_VL2,0.91,32031.916016
VL4_VL8_VL8,0.92,32031.916016
IV_IV_VL8,0.93,32127.666016
IV_N_IV,0.93,32127.666016
IV_N_N,0.93,32127.666016
IV_VA_N,0.93,32127.666016
IV_VA_VL8,0.93,32127.666016
N_IV_IV,0.93,32127.666016
N_N_IV,0.93,32127.666016
N_N_N,0.93,32127.666016
N_N_VA,0.93,32127.666016
N_VA_IV,0.93,32127.666016
N_VA_VA,0.93,32127.666016
N_VA_VL8,0.93,32127.666016
VA_IV_IV,0.93,32127.666016
VA_N_IV,0.93,32127.666016
VA_N_N,0.93,32127.666016
VA_N_VA,0.93,32127.666016
VA_N_VL8,0.93,32127.666016
VA_VA_IV,0.93,32127.666016
VA_VA_N,0.93,32127.666016
VA_VA_VA,0.93,32127.666016
VL4_IV_VL2,0.93,32031.916016
IV_IV_IV,0.94,32127.666016
IV_IV_N,0.94,32127.666016
IV_N_VA,0.94,32127.666016
IV_N_VL8,0.94,32127.666016
IV_VA_IV,0.94,32127.666016
IV_VA_VA,0.94,32127.666016
N_IV_N,0.94,32127.666016
N_IV_VA,0.94,32127.666016
N_IV_VL8,0.94,32127.666016
N_N_VL8,0.94,32127.666016
N_VA_N,0.94,32127.666016
VA_IV_N,0.94,32127.666016
VA_IV_VA,0.94,32127.666016
VA_IV_VL8,0.94,32127.666016
VA_VA_VL8,0.94,32127.666016
VL4_VL8_VL2,0.94,32031.916016
IV_IV_VA,0.95,32127.666016
VL4_VL4_VL8,0.95,32031.916016
IV_N_VL4,1.02,32127.666016
IV_VA_VL4,1.02,32127.666016
N_IV_VL4,1.02,32127.666016
N_N_VL4,1.02,32127.666016
N_VA_VL4,1.02,32127.666016
VA_N_VL4,1.02,32127.666016
VA_VA_VL4,1.02,32127.666016
IV_IV_VL4,1.03,32127.666016
VA_IV_VL4,1.03,32127.666016
VL2_N_VA,1.56,32063.832031
VL2_VA_IV,1.56,32063.832031
VL2_VL8_N,1.56,32063.832031
VL2_VL8_VA,1.56,32063.832031
VL2_IV_VA,1.57,32063.832031
VL2_N_IV,1.57,32063.832031
VL2_VA_VA,1.57,32063.832031
VL2_VL2_IV,1.57,32063.832031
VL2_VL8_IV,1.57,32063.832031
VL2_IV_IV,1.58,32063.832031
VL2_IV_N,1.58,32063.832031
VL2_N_N,1.58,32063.832031
VL2_VA_N,1.58,32063.832031
VL2_VL2_VA,1.58,32063.832031
VL2_VL4_VA,1.58,32063.832031
VL2_VL4_IV,1.61,32063.832031
VL2_VL4_N,1.61,32063.832031
IV_VL4_IV,1.65,32026.156250
IV_VL4_VL4,1.65,32026.156250
IV_VL4_VL8,1.65,32026.156250
N_VL4_VL8,1.65,32026.156250
VA_VL4_VL2,1.65,32026.156250
VA_VL4_VL4,1.65,32026.156250
N_VL4_VL2,1.66,32026.156250
N_VL4_VL4,1.66,32026.156250
VA_VL4_VA,1.66,32026.156250
VA_VL4_VL8,1.66,32026.156250
VL2_VL2_N,1.66,32063.832031
IV_VL4_VL2,1.67,32026.156250
N_VL4_VA,1.67,32026.156250
VA_VL4_IV,1.67,32026.156250
IV_VL4_N,1.68,32026.156250
IV_VL4_VA,1.68,32026.156250
N_VL4_IV,1.68,32026.156250
N_VL4_N,1.69,32026.156250
VA_VL4_N,1.73,32026.156250
VL2_VL8_VL4,1.76,32063.832031
VL2_N_VL2,1.77,32063.832031
VL2_N_VL4,1.77,32063.832031
VL2_N_VL8,1.77,32063.832031
VL2_IV_VL2,1.78,32063.832031
VL2_VA_VL2,1.78,32063.832031
VL2_VA_VL4,1.78,32063.832031
VL2_VL8_VL8,1.78,32063.832031
VL2_IV_VL4,1.79,32063.832031
VL2_IV_VL8,1.79,32063.832031
VL2_VL2_VL8,1.79,32063.832031
VL2_VL8_VL2,1.79,32063.832031
VL2_VL4_VL8,1.80,32063.832031
VL2_VL2_VL4,1.82,32063.832031
VL2_VL2_VL2,1.84,32063.832031
VL2_VL4_VL2,1.85,32063.832031
IV_VA_VL2,1.86,32127.666016
N_IV_VL2,1.86,32127.666016
VA_N_VL2,1.86,32127.666016
VA_VA_VL2,1.86,32127.666016
IV_N_VL2,1.87,32127.666016
N_VA_VL2,1.87,32127.666016
VL2_VA_VL8,1.87,32063.832031
VL2_VL4_VL4,1.87,32063.832031
VA_IV_VL2,1.89,32127.666016
IV_IV_VL2,1.94,32127.666016
N_N_VL2,1.99,32127.666016
IV_VL2_N,2.51,32058.068359
IV_VL2_VL2,2.51,32058.068359
IV_VL2_VL4,2.51,32058.068359
IV_VL2_VL8,2.52,32058.068359
N_VL2_IV,2.52,32058.068359
N_VL2_VA,2.52,32058.068359
VA_VL2_IV,2.52,32058.068359
VA_VL2_VL8,2.52,32058.068359
IV_VL8_VL8,2.53,32011.638672
VA_VL2_VL2,2.53,32058.068359
VA_VL2_VL4,2.53,32058.068359
IV_VL2_VA,2.54,32058.068359
IV_VL8_N,2.54,32011.638672
IV_VL8_VA,2.54,32011.638672
N_VL2_VL4,2.54,32058.068359
N_VL8_IV,2.54,32011.638672
N_VL8_N,2.54,32011.638672
N_VL8_VL4,2.54,32011.638672
N_VL8_VL8,2.54,32011.638672
VA_VL8_N,2.54,32011.638672
VA_VL8_VA,2.54,32011.638672
VA_VL8_VL4,2.54,32011.638672
IV_VL2_IV,2.55,32058.068359
IV_VL8_IV,2.55,32011.638672
IV_VL8_VL2,2.55,32011.638672
IV_VL8_VL4,2.55,32011.638672
N_VL2_N,2.55,32058.068359
N_VL2_VL2,2.55,32058.068359
N_VL8_VA,2.55,32011.638672
N_VL8_VL2,2.55,32011.638672
VA_VL8_IV,2.55,32011.638672
VA_VL8_VL2,2.55,32011.638672
VA_VL8_VL8,2.55,32011.638672
VA_VL2_N,2.57,32058.068359
VA_VL2_VA,2.59,32058.068359
N_VL2_VL8,2.63,32058.068359
