VL8_VA_IV,2.68,3.000000
VL8_VL2_VL8,2.68,3.000000
VL8_VL4_IV,2.68,3.000000
VL8_VL4_VA,2.68,3.000000
VL8_VL8_N,2.68,3.000000
VL8_VL8_VA,2.68,3.000000
VL8_VL8_VL2,2.68,3.000000
VL8_VL8_VL4,2.68,3.000000
VL8_IV_IV,2.69,3.000000
VL8_N_IV,2.69,3.000000
VL8_N_N,2.69,3.000000
VL8_N_VL2,2.69,3.000000
VL8_N_VL4,2.69,3.000000
VL8_VA_N,2.69,3.000000
VL8_VL2_IV,2.69,3.000000
VL8_VL2_N,2.69,3.000000
VL8_VL2_VL2,2.69,3.000000
VL8_VL4_N,2.69,3.000000
VL8_VL4_VL4,2.69,3.000000
VL8_VL8_IV,2.69,3.000000
VL8_VL8_VL8,2.69,3.000000
VL8_IV_N,2.70,3.000000
VL8_IV_VA,2.70,3.000000
VL8_IV_VL2,2.70,3.000000
VL8_IV_VL4,2.70,3.000000
VL8_IV_VL8,2.70,3.000000
VL8_N_VL8,2.70,3.000000
VL8_VA_VA,2.70,3.000000
VL8_VA_VL2,2.70,3.000000
VL8_VA_VL4,2.70,3.000000
VL8_VA_VL8,2.70,3.000000
VL8_VL2_VA,2.70,3.000000
VL8_VL2_VL4,2.70,3.000000
VL8_VL4_VL2,2.70,3.000000
VL8_VL4_VL8,2.70,3.000000
VL8_N_VA,2.71,3.000000
VL4_IV_N,3.50,3.000000
VL4_VL2_VL8,3.51,3.000000
VL4_VL4_VL8,3.51,3.000000
VL4_VL8_VL4,3.51,3.000000
VL4_IV_VA,3.52,3.000000
VL4_VA_VL8,3.52,3.000000
VL4_VL4_VL2,3.52,3.000000
VL4_IV_VL8,3.53,3.000000
VL4_N_IV,3.53,3.000000
VL4_N_VL4,3.53,3.000000
VL4_VA_VA,3.53,3.000000
VL4_VA_VL2,3.53,3.000000
VL4_VA_VL4,3.53,3.000000
VL4_VL8_IV,3.53,3.000000
VL4_VL8_VA,3.53,3.000000
VL4_IV_IV,3.54,3.000000
VL4_IV_VL2,3.54,3.000000
VL4_N_VA,3.54,3.000000
VL4_VA_N,3.54,3.000000
VL4_VL2_IV,3.54,3.000000
VL4_VL2_N,3.54,3.000000
VL4_VL2_VL4,3.54,3.000000
VL4_IV_VL4,3.55,3.000000
VL4_N_N,3.55,3.000000
VL4_VA_IV,3.55,3.000000
VL4_VL2_VA,3.55,3.000000
VL4_VL4_N,3.55,3.000000
VL4_VL8_VL2,3.55,3.000000
VL4_N_VL2,3.56,3.000000
VL4_N_VL8,3.56,3.000000
VL4_VL4_IV,3.56,3.000000
VL4_VL4_VA,3.56,3.000000
VL4_VL4_VL4,3.56,3.000000
VL4_VL8_N,3.56,3.000000
VL4_VL8_VL8,3.56,3.000000
VL4_VL2_VL2,3.57,3.000000
VA_N_VL8,3.78,3.000000
IV_IV_VL8,3.79,3.000000
IV_N_VL8,3.79,3.000000
IV_VA_VL8,3.79,3.000000
N_IV_VL8,3.79,3.000000
N_N_VL8,3.79,3.000000
VA_IV_VL8,3.79,3.000000
VA_VA_VL8,3.79,3.000000
N_VA_VL8,3.80,3.000000
IV_IV_N,3.88,3.000000
IV_VA_N,3.88,3.000000
N_N_N,3.88,3.000000
N_N_VA,3.88,3.000000
N_VA_N,3.88,3.000000
VA_IV_N,3.88,3.000000
VA_IV_VA,3.88,3.000000
VA_VA_N,3.88,3.000000
IV_IV_VA,3.89,3.000000
IV_N_VA,3.89,3.000000
IV_VA_VA,3.89,3.000000
VA_N_VA,3.89,3.000000
N_VA_VA,3.90,3.000000
IV_N_N,3.91,3.000000
VA_N_N,3.92,3.000000
N_IV_N,3.95,3.000000
N_IV_VA,3.95,3.000000
VA_VA_VA,3.96,3.000000
VA_VL4_VL8,4.76,3.000000
N_VL4_VL4,4.77,3.000000
VA_VL4_N,4.77,3.000000
IV_VL4_VL2,4.78,3.000000
VA_VL4_VL4,4.78,3.000000
N_VL4_VL8,4.79,3.000000
N_VL4_N,4.80,3.000000
N_VL4_VA,4.80,3.000000
IV_VL4_VL8,4.81,3.000000
IV_VL4_VA,4.82,3.000000
IV_VL4_VL4,4.82,3.000000
N_VL4_VL2,4.82,3.000000
VA_VL4_IV,4.82,3.000000
IV_VL4_N,4.83,3.000000
VA_VL4_VA,4.83,3.000000
VA_VL4_VL2,4.83,3.000000
IV_VL4_IV,4.86,3.000000
N_VL4_IV,4.88,3.000000
IV_VL8_VL4,6.32,3.000000
VA_VL8_VL8,6.33,3.000000
N_VL8_VL2,6.34,3.000000
VA_VL8_N,6.34,3.000000
IV_VL8_N,6.35,3.000000
IV_VL8_VA,6.35,3.000000
IV_VL8_VL8,6.35,3.000000
N_VL8_VA,6.35,3.000000
N_VL8_VL4,6.35,3.000000
N_VL8_VL8,6.35,3.000000
VA_VL8_VA,6.35,3.000000
VA_VL8_VL2,6.35,3.000000
VA_VL8_VL4,6.35,3.000000
IV_VL8_VL2,6.36,3.000000
N_VL8_N,6.36,3.000000
N_VA_VL4,6.37,3.000000
VA_VA_VL4,6.40,3.000000
IV_VA_VL4,6.41,3.000000
IV_IV_VL4,6.42,3.000000
IV_N_VL4,6.42,3.000000
VA_N_VL4,6.42,3.000000
VA_IV_VL4,6.43,3.000000
VA_VL8_IV,6.45,3.000000
N_N_VL4,6.46,3.000000
N_VL8_IV,6.46,3.000000
IV_VL8_IV,6.47,3.000000
N_IV_VL4,6.49,3.000000
VL2_IV_VA,7.03,3.000000
VL2_VL8_VL8,7.03,3.000000
VL2_IV_VL2,7.04,3.000000
VL2_VA_VA,7.04,3.000000
VL2_VL2_VA,7.04,3.000000
VL2_VL4_VL4,7.04,3.000000
VL2_VA_IV,7.05,3.000000
VL2_VL4_VL8,7.05,3.000000
VL2_VL8_VL2,7.05,3.000000
VL2_IV_VL4,7.06,3.000000
VL2_IV_VL8,7.06,3.000000
VL2_N_VA,7.06,3.000000
VL2_N_VL4,7.06,3.000000
VL2_VA_VL2,7.06,3.000000
VL2_VL2_VL4,7.06,3.000000
VL2_VL4_VL2,7.06,3.000000
VL2_VA_VL4,7.07,3.000000
VL2_VL8_IV,7.07,3.000000
VL2_VL8_N,7.07,3.000000
VL2_IV_IV,7.08,3.000000
VL2_N_IV,7.08,3.000000
VL2_VA_VL8,7.08,3.000000
VL2_VL2_IV,7.08,3.000000
VL2_VL4_N,7.08,3.000000
VL2_VL8_VA,7.08,3.000000
VL2_IV_N,7.09,3.000000
VL2_N_VL8,7.09,3.000000
VL2_VL2_N,7.09,3.000000
VL2_VL2_VL8,7.09,3.000000
VL2_N_N,7.10,3.000000
VL2_N_VL2,7.10,3.000000
VL2_VA_N,7.10,3.000000
VL2_VL8_VL4,7.11,3.000000
VL2_VL4_IV,7.13,3.000000
VL2_VL4_VA,7.13,3.000000
VL2_VL2_VL2,7.14,3.000000
IV_N_IV,7.41,3.000000
VA_N_IV,7.42,3.000000
N_IV_IV,7.45,3.000000
N_N_IV,7.47,3.000000
IV_IV_IV,7.48,3.000000
VA_IV_IV,7.50,3.000000
IV_VA_IV,7.51,3.000000
N_VA_IV,7.51,3.000000
VA_VA_IV,7.52,3.000000
IV_VL2_IV,7.91,3.000000
IV_VL2_N,7.91,3.000000
VA_VL2_VL4,7.92,3.000000
VA_VL2_VL8,7.93,3.000000
IV_VL2_VL8,7.94,3.000000
VA_VL2_N,7.94,3.000000
N_VL2_N,7.95,3.000000
N_VL2_VL2,7.95,3.000000
VA_VL2_VA,7.95,3.000000
N_VL2_VA,7.96,3.000000
N_VL2_VL8,7.96,3.000000
N_VL2_VL4,7.97,3.000000
VA_VL2_VL2,7.97,3.000000
N_VL2_IV,7.98,3.000000
VA_VL2_IV,7.98,3.000000
IV_VL2_VL4,8.00,3.000000
IV_VL2_VL2,8.05,3.000000
IV_VL2_VA,8.08,3.000000
IV_N_VL2,12.63,3.000000
VA_IV_VL2,12.65,3.000000
VA_VA_VL2,12.67,3.000000
IV_IV_VL2,12.70,3.000000
IV_VA_VL2,12.71,3.000000
N_IV_VL2,12.75,3.000000
N_N_VL2,12.75,3.000000
N_VA_VL2,12.75,3.000000
VA_N_VL2,12.78,3.000000
