IV_IV_IV_VL4,2.61,672170.687500
N_N_N_VL4,2.61,672170.687500
IV_IV_IV_VL8,2.62,672170.687500
IV_IV_N_VA,2.62,672170.687500
N_IV_IV_VL4,2.62,672170.687500
IV_IV_IV_VA,2.63,672170.687500
IV_IV_N_IV,2.63,672170.687500
IV_IV_N_VL4,2.63,672170.687500
N_N_N_VL8,2.63,672170.687500
IV_IV_IV_IV,2.64,672170.687500
IV_IV_IV_N,2.64,672170.687500
IV_IV_N_N,2.64,672170.687500
N_N_IV_IV,2.64,672170.687500
N_N_IV_N,2.64,672170.687500
IV_IV_N_VL8,2.65,672170.687500
N_N_IV_VA,2.65,672170.687500
N_IV_IV_N,2.67,672170.687500
N_IV_N_VA,2.67,672170.687500
N_IV_N_VL8,2.67,672170.687500
N_IV_N_N,2.68,672170.687500
N_N_IV_VL4,2.68,672170.687500
N_N_N_VA,2.68,672170.687500
N_IV_IV_IV,2.69,672170.687500
N_IV_N_VL4,2.69,672170.687500
N_IV_IV_VL8,2.70,672170.687500
N_IV_N_IV,2.70,672170.687500
N_N_IV_VL8,2.71,672170.687500
N_N_N_N,2.71,672170.687500
N_N_N_IV,2.72,672170.687500
IV_N_IV_IV,2.73,672170.687500
N_IV_IV_VA,2.73,672170.687500
IV_N_IV_VL4,2.75,672170.687500
IV_N_IV_VL8,2.76,672170.687500
IV_N_IV_N,2.77,672170.687500
IV_N_IV_VA,2.77,672170.687500
IV_N_N_VL4,2.78,672170.687500
IV_N_N_IV,2.80,672170.687500
IV_N_N_N,2.81,672170.687500
IV_N_N_VA,2.81,672170.687500
IV_N_N_VL8,2.84,672170.687500
N_N_IV_VL2,2.95,672170.687500
IV_IV_N_VL2,2.97,672170.687500
N_N_N_VL2,2.99,672170.687500
IV_IV_IV_VL2,3.02,672170.687500
IV_N_IV_VL2,3.04,672170.687500
N_IV_IV_VL2,3.04,672170.687500
N_IV_N_VL2,3.05,672170.687500
IV_N_N_VL2,3.18,672170.687500
VL8_IV_VL4_N,3.51,672170.687500
VL8_N_IV_IV,3.51,672170.687500
VL8_VA_VL8_IV,3.51,672170.687500
VL8_N_VL8_IV,3.52,672170.687500
VL8_VL2_N_IV,3.52,672170.687500
VL8_VL4_IV_VL4,3.52,672170.687500
VL8_IV_VA_VL4,3.53,672170.687500
VL8_VA_N_VL2,3.53,672170.687500
VL8_VL4_VL4_VL4,3.53,672170.687500
VL8_N_VL2_VL4,3.54,672170.687500
VL8_VA_N_VA,3.54,672170.687500
VL8_VL2_VL4_IV,3.54,672170.687500
VL8_VL2_VL4_VL8,3.54,672170.687500
VL8_VL2_VL8_VA,3.54,672170.687500
VL8_VL4_IV_VL8,3.54,672170.687500
VL8_VL4_VA_VL8,3.54,672170.687500
VL8_VL4_VL2_VL4,3.54,672170.687500
VL8_VL8_VL2_IV,3.54,672170.687500
VL8_VL8_VL4_VL4,3.54,672170.687500
VL8_IV_IV_IV,3.55,672170.687500
VL8_IV_VL4_VL2,3.55,672170.687500
VL8_IV_VL4_VL8,3.55,672170.687500
VL8_IV_VL8_IV,3.55,672170.687500
VL8_N_VL2_VL2,3.55,672170.687500
VL8_VL2_IV_IV,3.55,672170.687500
VL8_VL2_VL2_N,3.55,672170.687500
VL8_VL4_VL4_IV,3.55,672170.687500
VL8_VL8_VA_VA,3.55,672170.687500
VL8_VL8_VL2_VA,3.55,672170.687500
VL8_IV_VL4_IV,3.56,672170.687500
VL8_IV_VL8_VA,3.56,672170.687500
VL8_N_VA_VA,3.56,672170.687500
VL8_N_VA_VL2,3.56,672170.687500
VL8_N_VL2_N,3.56,672170.687500
VL8_N_VL2_VL8,3.56,672170.687500
VL8_VA_N_N,3.56,672170.687500
VL8_VA_VA_IV,3.56,672170.687500
VL8_VA_VA_N,3.56,672170.687500
VL8_VA_VA_VL2,3.56,672170.687500
VL8_VL2_IV_VL2,3.56,672170.687500
VL8_VL2_N_VL2,3.56,672170.687500
VL8_VL2_VL2_VL8,3.56,672170.687500
VL8_VL2_VL4_VL2,3.56,672170.687500
VL8_VL2_VL8_N,3.56,672170.687500
VL8_VL4_N_N,3.56,672170.687500
VL8_VL4_VL2_IV,3.56,672170.687500
VL8_VL4_VL4_VA,3.56,672170.687500
VL8_VL8_IV_VL4,3.56,672170.687500
VL8_VL8_VA_N,3.56,672170.687500
VL8_VL8_VA_VL2,3.56,672170.687500
VL8_VL8_VA_VL4,3.56,672170.687500
VL8_VL8_VL8_VL8,3.56,672170.687500
VL8_IV_IV_N,3.57,672170.687500
VL8_IV_IV_VL8,3.57,672170.687500
VL8_IV_VA_VA,3.57,672170.687500
VL8_IV_VL4_VA,3.57,672170.687500
VL8_IV_VL8_N,3.57,672170.687500
VL8_N_VA_IV,3.57,672170.687500
VL8_N_VL2_VA,3.57,672170.687500
VL8_N_VL4_N,3.57,672170.687500
VL8_VA_IV_VA,3.57,672170.687500
VL8_VA_N_VL8,3.57,672170.687500
VL8_VA_VL4_VA,3.57,672170.687500
VL8_VL2_IV_VL8,3.57,672170.687500
VL8_VL2_N_VA,3.57,672170.687500
VL8_VL2_VA_VL8,3.57,672170.687500
VL8_VL2_VL2_IV,3.57,672170.687500
VL8_VL2_VL4_VA,3.57,672170.687500
VL8_VL2_VL8_VL2,3.57,672170.687500
VL8_VL2_VL8_VL4,3.57,672170.687500
VL8_VL4_VL2_N,3.57,672170.687500
VL8_VL4_VL2_VA,3.57,672170.687500
VL8_VL4_VL2_VL8,3.57,672170.687500
VL8_VL4_VL4_N,3.57,672170.687500
VL8_VL4_VL8_N,3.57,672170.687500
VL8_VL8_N_IV,3.57,672170.687500
VL8_VL8_VL2_N,3.57,672170.687500
VL8_VL8_VL2_VL2,3.57,672170.687500
VL8_IV_IV_VL2,3.58,672170.687500
VL8_IV_IV_VL4,3.58,672170.687500
VL8_IV_VL2_VL8,3.58,672170.687500
VL8_IV_VL8_VL8,3.58,672170.687500
VL8_N_VA_N,3.58,672170.687500
VL8_N_VA_VL4,3.58,672170.687500
VL8_N_VL4_IV,3.58,672170.687500
VL8_N_VL8_N,3.58,672170.687500
VL8_VA_IV_N,3.58,672170.687500
VL8_VA_IV_VL4,3.58,672170.687500
VL8_VA_N_IV,3.58,672170.687500
VL8_VA_VA_VA,3.58,672170.687500
VL8_VL2_IV_VA,3.58,672170.687500
VL8_VL2_N_N,3.58,672170.687500
VL8_VL2_N_VL8,3.58,672170.687500
VL8_VL2_VL8_IV,3.58,672170.687500
VL8_VL4_VA_N,3.58,672170.687500
VL8_VL4_VL4_VL2,3.58,672170.687500
VL8_VL4_VL4_VL8,3.58,672170.687500
VL8_VL8_N_VL8,3.58,672170.687500
VL8_VL8_VA_IV,3.58,672170.687500
VL8_VL8_VL4_N,3.58,672170.687500
VL8_IV_IV_VA,3.59,672170.687500
VL8_IV_VA_VL2,3.59,672170.687500
VL8_N_IV_N,3.59,672170.687500
VL8_N_VA_VL8,3.59,672170.687500
VL8_N_VL8_VA,3.59,672170.687500
VL8_VA_N_VL4,3.59,672170.687500
VL8_VA_VA_VL4,3.59,672170.687500
VL8_VA_VL4_VL8,3.59,672170.687500
VL8_VL2_IV_N,3.59,672170.687500
VL8_VL2_N_VL4,3.59,672170.687500
VL8_VL4_IV_IV,3.59,672170.687500
VL8_VL4_IV_N,3.59,672170.687500
VL8_VL4_N_VA,3.59,672170.687500
VL8_VL4_N_VL4,3.59,672170.687500
VL8_VL8_N_VL4,3.59,672170.687500
VL8_VL8_VA_VL8,3.59,672170.687500
VL8_VL8_VL2_VL4,3.59,672170.687500
VL8_IV_N_IV,3.60,672170.687500
VL8_IV_VL4_VL4,3.60,672170.687500
VL8_N_IV_VL8,3.60,672170.687500
VL8_VA_VA_VL8,3.60,672170.687500
VL8_VL2_IV_VL4,3.60,672170.687500
VL8_VL2_VL4_VL4,3.60,672170.687500
VL8_VL2_VL8_VL8,3.60,672170.687500
VL8_VL4_N_VL2,3.60,672170.687500
VL8_VL4_VA_VL4,3.60,672170.687500
VL8_VL4_VL2_VL2,3.60,672170.687500
VL8_VL4_VL8_VL4,3.60,672170.687500
VL8_VL8_N_N,3.60,672170.687500
VL8_VL8_VL2_VL8,3.60,672170.687500
VL8_VL8_VL4_VL8,3.60,672170.687500
VL8_VL8_VL8_VL4,3.60,672170.687500
VL8_IV_VL2_VL2,3.61,672170.687500
VL8_N_VL2_IV,3.61,672170.687500
VL8_VA_VL2_N,3.61,672170.687500
VL8_VA_VL2_VA,3.61,672170.687500
VL8_VA_VL4_VL4,3.61,672170.687500
VL8_VL2_VL4_N,3.61,672170.687500
VL8_VL8_VL8_IV,3.61,672170.687500
VL8_IV_VL2_IV,3.62,672170.687500
VL8_N_IV_VA,3.62,672170.687500
VL8_VA_IV_VL2,3.62,672170.687500
VL8_VL2_VA_VL4,3.62,672170.687500
VL8_VL4_VL8_IV,3.62,672170.687500
VL8_VL8_VL8_VA,3.62,672170.687500
VL8_IV_N_N,3.63,672170.687500
VL8_IV_VA_N,3.63,672170.687500
VL8_IV_VL2_VA,3.63,672170.687500
VL8_IV_VL8_VL2,3.63,672170.687500
VL8_VA_VL8_VL4,3.63,672170.687500
VL8_VL4_N_IV,3.63,672170.687500
VL8_VL4_N_VL8,3.63,672170.687500
VL8_VL4_VL8_VL2,3.63,672170.687500
VL8_VL8_IV_VL2,3.63,672170.687500
VL8_VL8_IV_VL8,3.63,672170.687500
VL8_VL8_VL4_IV,3.63,672170.687500
VL8_IV_N_VL2,3.64,672170.687500
VL8_IV_N_VL4,3.64,672170.687500
VL8_IV_VA_IV,3.64,672170.687500
VL8_IV_VA_VL8,3.64,672170.687500
VL8_N_VL4_VA,3.64,672170.687500
VL8_N_VL4_VL8,3.64,672170.687500
VL8_VA_IV_IV,3.64,672170.687500
VL8_VA_VL2_IV,3.64,672170.687500
VL8_VA_VL8_N,3.64,672170.687500
VL8_VA_VL8_VL8,3.64,672170.687500
VL8_VL4_IV_VA,3.64,672170.687500
VL8_VL4_VL8_VA,3.64,672170.687500
VL8_N_N_VL8,3.65,672170.687500
VL8_N_VL8_VL4,3.65,672170.687500
VL8_VA_VL2_VL2,3.65,672170.687500
VL8_VL4_IV_VL2,3.65,672170.687500
VL8_VL4_VA_IV,3.65,672170.687500
VL8_VL8_VL4_VA,3.65,672170.687500
VL8_VL8_VL4_VL2,3.65,672170.687500
VL8_VL8_VL8_VL2,3.65,672170.687500
VL8_IV_N_VL8,3.66,672170.687500
VL8_IV_VL2_N,3.66,672170.687500
VL8_IV_VL8_VL4,3.66,672170.687500
VL8_VA_IV_VL8,3.66,672170.687500
VL8_VL2_VA_N,3.66,672170.687500
VL8_IV_N_VA,3.67,672170.687500
VL8_N_N_VL4,3.67,672170.687500
VL8_N_VL4_VL4,3.67,672170.687500
VL8_N_IV_VL2,3.68,672170.687500
VL8_N_IV_VL4,3.68,672170.687500
VL8_VA_VL2_VL4,3.68,672170.687500
VL8_VA_VL4_N,3.68,672170.687500
VL8_VA_VL4_VL2,3.68,672170.687500
VL8_VA_VL8_VL2,3.68,672170.687500
VL8_VL2_VL2_VL4,3.68,672170.687500
VL8_IV_VL2_VL4,3.69,672170.687500
VL8_N_VL8_VL8,3.69,672170.687500
VL8_VL2_VA_IV,3.69,672170.687500
VL8_VL2_VA_VL2,3.69,672170.687500
VL8_VL8_N_VA,3.69,672170.687500
VL8_N_N_IV,3.70,672170.687500
VL8_N_N_VL2,3.70,672170.687500
VL8_N_VL8_VL2,3.70,672170.687500
VL8_VA_VL4_IV,3.70,672170.687500
VL8_VL2_VA_VA,3.70,672170.687500
VL8_VL2_VL2_VA,3.70,672170.687500
VL8_VL4_VA_VA,3.70,672170.687500
VL8_VL2_VL2_VL2,3.71,672170.687500
VL8_VL8_IV_N,3.71,672170.687500
VL8_VL4_VA_VL2,3.72,672170.687500
VL8_N_VL4_VL2,3.73,672170.687500
VL8_VA_VL2_VL8,3.73,672170.687500
VL8_VA_VL8_VA,3.73,672170.687500
VL8_VL8_IV_IV,3.73,672170.687500
VL8_VL8_VL8_N,3.73,672170.687500
VL8_N_N_N,3.75,672170.687500
VL8_VL4_VL8_VL8,3.75,672170.687500
VL8_VL8_IV_VA,3.75,672170.687500
VL8_N_N_VA,3.77,672170.687500
VL8_VL8_N_VL2,3.78,672170.687500
N_N_VA_N,5.57,672170.687500
N_N_VA_VL4,5.57,672170.687500
N_N_VA_IV,5.58,672170.687500
N_N_VA_VL8,5.58,672170.687500
N_IV_VA_VL4,5.59,672170.687500
N_N_VA_VA,5.61,672170.687500
N_IV_VA_VL8,5.62,672170.687500
IV_IV_VA_IV,5.64,672170.687500
IV_IV_VA_N,5.68,672170.687500
IV_N_VA_VL8,5.70,672170.687500
N_IV_VA_VA,5.70,672170.687500
IV_N_VA_VA,5.71,672170.687500
N_IV_VA_IV,5.72,672170.687500
IV_N_VA_VL4,5.74,672170.687500
N_IV_VA_N,5.76,672170.687500
IV_IV_VA_VL8,5.79,672170.687500
IV_IV_VA_VA,5.82,672170.687500
IV_IV_VA_VL4,5.83,672170.687500
IV_N_VA_N,5.85,672170.687500
IV_N_VA_IV,5.94,672170.687500
N_N_VA_VL2,5.94,672170.687500
N_IV_VA_VL2,5.95,672170.687500
IV_N_VA_VL2,6.13,672170.687500
IV_IV_VA_VL2,6.16,672170.687500
VL4_IV_VL8_N,6.41,672170.687500
VL4_IV_VL4_VL2,6.43,672170.687500
VL4_IV_VL4_VL8,6.43,672170.687500
VL4_N_N_VL2,6.44,672170.687500
VL4_VL4_VL4_VA,6.44,672170.687500
VL4_VL8_IV_VL8,6.44,672170.687500
VL4_VL8_VL2_VL2,6.44,672170.687500
VL4_IV_VL8_IV,6.45,672170.687500
VL4_N_N_VA,6.45,672170.687500
VL4_VL2_IV_IV,6.45,672170.687500
VL4_VL8_VL8_VL4,6.45,672170.687500
VL4_IV_VL4_VL4,6.46,672170.687500
VL4_N_IV_IV,6.46,672170.687500
VL4_VA_VL2_VL8,6.47,672170.687500
VL4_VA_VL8_VL2,6.47,672170.687500
VL4_VA_VL8_VL4,6.47,672170.687500
VL4_VL4_IV_VA,6.47,672170.687500
VL4_VL4_VL4_N,6.47,672170.687500
VL4_VL8_IV_IV,6.47,672170.687500
VL4_VL8_IV_VL4,6.47,672170.687500
VL4_VL8_VL2_VL4,6.47,672170.687500
VL4_VL8_VL4_N,6.47,672170.687500
VL4_VL8_VL8_VL8,6.47,672170.687500
VL4_N_VL2_N,6.48,672170.687500
VL4_VL4_N_N,6.48,672170.687500
VL4_VL4_N_VL4,6.48,672170.687500
VL4_VL8_IV_VA,6.48,672170.687500
VL4_VL8_VL8_VL2,6.48,672170.687500
VL4_N_VL4_IV,6.49,672170.687500
VL4_N_VL4_N,6.49,672170.687500
VL4_N_VL4_VL2,6.49,672170.687500
VL4_VA_VL8_IV,6.49,672170.687500
VL4_VL4_N_VA,6.49,672170.687500
VL4_VL4_VA_IV,6.49,672170.687500
VL4_VL4_VA_VL2,6.49,672170.687500
VL4_VL4_VL2_VL8,6.49,672170.687500
VL4_VL8_N_N,6.49,672170.687500
VL4_VL8_VL2_IV,6.49,672170.687500
VL4_IV_VL4_VA,6.50,672170.687500
VL4_N_N_VL4,6.50,672170.687500
VL4_VA_VL8_VL8,6.50,672170.687500
VL4_VL4_N_VL2,6.50,672170.687500
VL4_VL4_VL2_VL4,6.50,672170.687500
VL4_IV_VA_VL2,6.51,672170.687500
VL4_N_VL4_VA,6.51,672170.687500
VL4_VL2_IV_VL4,6.51,672170.687500
VL4_VL4_N_IV,6.51,672170.687500
VL4_VL4_VL4_VL2,6.51,672170.687500
VL4_VL4_VL4_VL8,6.51,672170.687500
VL4_VL8_IV_VL2,6.51,672170.687500
VL4_VL8_N_VA,6.51,672170.687500
VL4_VL8_VL2_VA,6.51,672170.687500
VL4_VL8_VL4_VL8,6.51,672170.687500
VL4_VL8_VL8_VA,6.51,672170.687500
VL4_IV_IV_N,6.52,672170.687500
VL4_VA_VL4_IV,6.52,672170.687500
VL4_VL2_IV_N,6.52,672170.687500
VL4_VL8_VA_VL4,6.52,672170.687500
VL4_N_VL2_VA,6.53,672170.687500
VL4_N_VL2_VL8,6.53,672170.687500
VL4_VA_VL2_IV,6.53,672170.687500
VL4_VA_VL8_N,6.53,672170.687500
VL4_VL2_VA_VA,6.53,672170.687500
VL4_VL4_VL8_IV,6.53,672170.687500
VL4_VL8_VL2_N,6.53,672170.687500
VL4_VL8_VL4_IV,6.53,672170.687500
VL4_N_N_N,6.54,672170.687500
VL4_VL2_VL4_VL2,6.54,672170.687500
VL4_VL4_VL4_IV,6.54,672170.687500
VL4_VA_VL2_VA,6.55,672170.687500
VL4_VL2_VL8_IV,6.55,672170.687500
VL4_VL8_IV_N,6.55,672170.687500
VL4_VL8_N_IV,6.55,672170.687500
VL4_VL8_VA_VL8,6.55,672170.687500
VL4_IV_VA_VL4,6.56,672170.687500
VL4_N_N_VL8,6.56,672170.687500
VL4_VA_IV_VA,6.56,672170.687500
VL4_VL4_IV_VL2,6.56,672170.687500
VL4_VL4_N_VL8,6.56,672170.687500
VL4_IV_IV_VA,6.57,672170.687500
VL4_IV_VL4_IV,6.57,672170.687500
VL4_VA_IV_VL2,6.57,672170.687500
VL4_VA_VL2_VL2,6.57,672170.687500
VL4_VL2_VA_N,6.57,672170.687500
VL4_VL2_VA_VL4,6.57,672170.687500
VL4_VL2_VL2_VL2,6.57,672170.687500
VL4_VL2_VL4_VL8,6.57,672170.687500
VL4_VL2_VL8_N,6.57,672170.687500
VL4_VL8_VA_IV,6.57,672170.687500
VL4_IV_VL2_VL4,6.58,672170.687500
VL4_IV_VL2_VL8,6.58,672170.687500
VL4_VL2_IV_VL2,6.58,672170.687500
VL4_VL2_N_VL2,6.58,672170.687500
VL4_VL2_VA_VL2,6.58,672170.687500
VL4_VL2_VL4_VL4,6.58,672170.687500
VL4_VL2_VL8_VL4,6.58,672170.687500
VL4_VL4_VL8_VL8,6.58,672170.687500
VL4_N_IV_N,6.59,672170.687500
VL4_N_VL2_VL2,6.59,672170.687500
VL4_VA_IV_N,6.59,672170.687500
VL4_VA_N_IV,6.59,672170.687500
VL4_VA_VA_VL8,6.59,672170.687500
VL4_VA_VL8_VA,6.59,672170.687500
VL4_VL2_VA_VL8,6.59,672170.687500
VL4_VL4_VL4_VL4,6.59,672170.687500
VL4_VL8_VL2_VL8,6.59,672170.687500
VL4_VA_IV_VL4,6.60,672170.687500
VL4_VA_VL2_VL4,6.60,672170.687500
VL4_VL2_IV_VL8,6.60,672170.687500
VL4_VL2_VL4_VA,6.60,672170.687500
VL4_VL4_VA_VL4,6.60,672170.687500
VL4_VL4_VL2_N,6.60,672170.687500
VL4_IV_VL8_VL8,6.61,672170.687500
VL4_N_VL8_N,6.61,672170.687500
VL4_VA_IV_IV,6.61,672170.687500
VL4_VL2_IV_VA,6.61,672170.687500
VL4_VL2_N_VL4,6.61,672170.687500
VL4_VL2_VL8_VA,6.61,672170.687500
VL4_VL4_VA_VA,6.61,672170.687500
VL4_N_VL8_VL8,6.62,672170.687500
VL4_VA_VL2_N,6.62,672170.687500
VL4_VL2_N_VA,6.62,672170.687500
VL4_VL2_VA_IV,6.62,672170.687500
VL4_VL4_VL8_N,6.62,672170.687500
VL4_VL8_VL8_N,6.62,672170.687500
VL4_IV_VA_VA,6.63,672170.687500
VL4_VA_VL4_VL8,6.63,672170.687500
VL4_VL2_VL8_VL8,6.63,672170.687500
VL4_VL4_VL2_VA,6.63,672170.687500
VL4_VL8_VA_VL2,6.63,672170.687500
VL4_IV_VL2_VA,6.64,672170.687500
VL4_IV_VL4_N,6.64,672170.687500
VL4_N_VL2_VL4,6.64,672170.687500
VL4_VA_VL4_N,6.64,672170.687500
VL4_VL4_IV_N,6.64,672170.687500
VL4_VL8_VA_N,6.64,672170.687500
VL4_N_N_IV,6.65,672170.687500
VL4_VA_N_VL8,6.65,672170.687500
VL4_VA_VA_IV,6.65,672170.687500
VL4_VL8_N_VL4,6.65,672170.687500
VL4_VL8_N_VL8,6.65,672170.687500
VL4_VL8_VL8_IV,6.65,672170.687500
VL4_IV_VL2_IV,6.66,672170.687500
VL4_N_VA_VL4,6.66,672170.687500
VL4_N_VL4_VL4,6.66,672170.687500
VL4_VA_VA_N,6.66,672170.687500
VL4_VL4_VA_N,6.66,672170.687500
VL4_IV_VL2_N,6.67,672170.687500
VL4_IV_VL8_VA,6.67,672170.687500
VL4_N_VA_IV,6.67,672170.687500
VL4_N_VL8_VA,6.67,672170.687500
VL4_N_IV_VL4,6.68,672170.687500
VL4_N_VL8_VL2,6.68,672170.687500
VL4_VA_IV_VL8,6.68,672170.687500
VL4_VA_VL4_VL4,6.68,672170.687500
VL4_VL2_VL8_VL2,6.69,672170.687500
VL4_VL4_IV_VL4,6.69,672170.687500
VL4_IV_IV_IV,6.70,672170.687500
VL4_N_VA_N,6.70,672170.687500
VL4_VA_N_N,6.70,672170.687500
VL4_VL2_VL2_VL4,6.70,672170.687500
VL4_VA_VA_VL4,6.71,672170.687500
VL4_N_IV_VA,6.72,672170.687500
VL4_VL4_IV_IV,6.72,672170.687500
VL4_VL8_VL4_VL2,6.72,672170.687500
VL4_VA_N_VL2,6.73,672170.687500
VL4_VL2_N_VL8,6.73,672170.687500
VL4_VL2_VL2_IV,6.73,672170.687500
VL4_IV_N_N,6.74,672170.687500
VL4_IV_VL2_VL2,6.74,672170.687500
VL4_VL2_N_N,6.74,672170.687500
VL4_VL4_VL2_IV,6.74,672170.687500
VL4_IV_N_VA,6.75,672170.687500
VL4_N_IV_VL2,6.75,672170.687500
VL4_N_VL2_IV,6.75,672170.687500
VL4_VA_N_VA,6.75,672170.687500
VL4_VA_VL4_VL2,6.75,672170.687500
VL4_VL4_VL8_VA,6.75,672170.687500
VL4_VL4_VL8_VL2,6.75,672170.687500
VL4_VA_VL4_VA,6.76,672170.687500
VL4_VL2_N_IV,6.76,672170.687500
VL4_VL2_VL2_VL8,6.76,672170.687500
VL4_VL8_VL4_VA,6.76,672170.687500
VL4_N_VL8_IV,6.77,672170.687500
VL4_VL4_VL8_VL4,6.77,672170.687500
VL4_VL8_VL4_VL4,6.77,672170.687500
VL4_N_VL8_VL4,6.78,672170.687500
VL4_VL4_IV_VL8,6.78,672170.687500
VL4_VL4_VL2_VL2,6.78,672170.687500
VL4_IV_VL8_VL2,6.79,672170.687500
VL4_N_IV_VL8,6.79,672170.687500
VL4_VL2_VL2_VA,6.79,672170.687500
VL4_VL4_VA_VL8,6.79,672170.687500
VL4_VL8_N_VL2,6.79,672170.687500
VL4_N_VA_VA,6.80,672170.687500
VL4_N_VA_VL8,6.80,672170.687500
VL4_VA_N_VL4,6.80,672170.687500
VL4_VL8_VA_VA,6.80,672170.687500
VL4_IV_N_VL8,6.82,672170.687500
VL4_N_VL4_VL8,6.82,672170.687500
VL4_IV_VA_VL8,6.83,672170.687500
VL4_VL2_VL4_N,6.83,672170.687500
VL4_IV_VA_IV,6.84,672170.687500
VL4_IV_VA_N,6.84,672170.687500
VL4_VA_VA_VL2,6.85,672170.687500
VL4_IV_VL8_VL4,6.87,672170.687500
VL4_N_VA_VL2,6.87,672170.687500
VL4_VA_VA_VA,6.88,672170.687500
VL4_VL2_VL2_N,6.88,672170.687500
VL4_IV_N_IV,6.89,672170.687500
VL4_IV_N_VL2,6.90,672170.687500
VL4_VL2_VL4_IV,6.91,672170.687500
VL4_IV_IV_VL2,6.94,672170.687500
VL4_IV_IV_VL4,6.97,672170.687500
VL4_IV_IV_VL8,7.06,672170.687500
VL4_IV_N_VL4,7.07,672170.687500
N_VL4_VL2_VL4,10.65,672170.687500
VA_VL4_VL4_VA,10.66,672170.687500
N_VL4_VL2_VA,10.67,672170.687500
N_VL4_VL2_VL2,10.67,672170.687500
VA_VL4_N_IV,10.71,672170.687500
VA_VL4_VL4_N,10.71,672170.687500
N_VL4_N_VA,10.72,672170.687500
N_VL4_VA_IV,10.72,672170.687500
VA_VL4_VL4_VL2,10.72,672170.687500
VA_VL4_VL4_IV,10.73,672170.687500
VA_VL4_VA_VL2,10.76,672170.687500
IV_VL8_N_VA,10.77,672170.687500
N_VL4_VL2_VL8,10.77,672170.687500
N_VL4_IV_VL4,10.78,672170.687500
VA_VL4_IV_VL8,10.78,672170.687500
IV_VL8_N_IV,10.79,672170.687500
VA_VL4_VA_VL8,10.80,672170.687500
N_VL4_IV_VL8,10.81,672170.687500
N_VL4_VL2_IV,10.81,672170.687500
VA_VL4_N_N,10.81,672170.687500
VA_VL4_VA_VL4,10.81,672170.687500
VA_VL4_VL2_N,10.81,672170.687500
VA_VL4_VL2_VL8,10.81,672170.687500
N_VL4_N_VL2,10.82,672170.687500
VA_VL4_N_VL2,10.82,672170.687500
VA_VL4_VA_IV,10.82,672170.687500
VA_VL4_VL4_VL8,10.83,672170.687500
N_VL4_IV_VL2,10.84,672170.687500
N_VL4_N_N,10.84,672170.687500
N_VL4_VA_VL2,10.84,672170.687500
N_VL4_VL4_N,10.85,672170.687500
IV_VL8_VA_IV,10.86,672170.687500
VA_VL4_IV_VL4,10.88,672170.687500
VA_VL4_VL8_VA,10.88,672170.687500
VA_VL4_VL8_VL8,10.88,672170.687500
IV_VL8_VA_VA,10.89,672170.687500
N_VL4_N_IV,10.89,672170.687500
VA_VL4_VL2_VA,10.89,672170.687500
VA_VL4_N_VA,10.90,672170.687500
N_VL4_N_VL8,10.91,672170.687500
VA_VL4_VL4_VL4,10.91,672170.687500
N_VL4_VL2_N,10.92,672170.687500
VA_VL4_N_VL4,10.92,672170.687500
N_VL4_VA_N,10.93,672170.687500
IV_VL8_N_N,10.94,672170.687500
N_VL4_IV_N,10.96,672170.687500
N_VL4_VL4_IV,10.96,672170.687500
N_VL4_VL4_VA,10.98,672170.687500
VA_VL4_VL2_IV,10.98,672170.687500
VA_VL4_IV_VL2,10.99,672170.687500
VA_VL4_VA_VA,10.99,672170.687500
VA_VL4_VL2_VL2,11.01,672170.687500
VA_VL4_VL2_VL4,11.02,672170.687500
N_VL4_IV_VA,11.03,672170.687500
N_VL4_N_VL4,11.03,672170.687500
VA_VL4_N_VL8,11.04,672170.687500
VA_VL8_N_IV,11.05,672170.687500
N_VL8_IV_VA,11.06,672170.687500
N_VL8_VL4_VL8,11.06,672170.687500
VA_VL8_VL4_VA,11.06,672170.687500
N_VL8_VA_VA,11.07,672170.687500
VA_VL4_VA_N,11.07,672170.687500
VA_VL4_VL8_VL4,11.07,672170.687500
VA_VL8_VL4_N,11.07,672170.687500
IV_VL8_IV_VA,11.08,672170.687500
N_VL4_VA_VL8,11.08,672170.687500
N_VL4_VL4_VL8,11.08,672170.687500
N_VL8_VL2_VL4,11.08,672170.687500
N_VL8_VL8_N,11.08,672170.687500
VA_VL8_N_N,11.08,672170.687500
VA_VL8_VL4_VL2,11.08,672170.687500
VA_VL8_VL8_VL4,11.08,672170.687500
N_VL8_VA_IV,11.09,672170.687500
N_VL8_VA_N,11.09,672170.687500
N_VL8_VA_VL4,11.09,672170.687500
N_VL8_VL2_VL8,11.09,672170.687500
VA_VL8_N_VA,11.09,672170.687500
VA_VL8_VL8_VL2,11.09,672170.687500
IV_VL8_IV_IV,11.10,672170.687500
N_VL8_N_VL8,11.10,672170.687500
N_VL8_VL2_N,11.10,672170.687500
VA_VL8_VA_VL2,11.10,672170.687500
N_VL8_VL2_VL2,11.11,672170.687500
N_VL4_VL8_VA,11.12,672170.687500
N_VL8_VL2_VA,11.12,672170.687500
N_VL8_VL4_IV,11.12,672170.687500
VA_VL8_N_VL4,11.12,672170.687500
N_VL4_VL8_IV,11.13,672170.687500
N_VL8_IV_N,11.13,672170.687500
N_VL8_IV_VL2,11.13,672170.687500
N_VL8_VL8_IV,11.13,672170.687500
VA_VL8_VA_VL8,11.13,672170.687500
VA_VL8_VL4_VL4,11.13,672170.687500
VA_VL8_VL8_VA,11.13,672170.687500
VA_VL8_VL8_VL8,11.14,672170.687500
IV_VL8_IV_N,11.16,672170.687500
N_VL4_VL4_VL2,11.16,672170.687500
N_VL4_VL8_N,11.16,672170.687500
N_VL8_N_IV,11.16,672170.687500
N_VL8_IV_VL4,11.17,672170.687500
VA_VL8_N_VL2,11.17,672170.687500
VA_VL8_VL8_N,11.17,672170.687500
N_VL8_VL4_VA,11.18,672170.687500
VA_VL8_VA_VL4,11.18,672170.687500
VA_VL8_VL4_IV,11.18,672170.687500
IV_VL4_VL4_VA,11.19,672170.687500
VA_VL8_VL2_IV,11.19,672170.687500
IV_VL4_VL8_VL2,11.20,672170.687500
N_VL4_VL8_VL8,11.20,672170.687500
VA_VL8_N_VL8,11.20,672170.687500
N_VL8_N_VL4,11.21,672170.687500
N_VL8_VL4_N,11.21,672170.687500
VA_VL4_VL8_VL2,11.21,672170.687500
VA_VL8_IV_N,11.21,672170.687500
VA_VL8_VL2_VL2,11.21,672170.687500
N_VL4_VA_VA,11.22,672170.687500
N_VL4_VA_VL4,11.22,672170.687500
VA_VL8_IV_IV,11.22,672170.687500
VA_VL8_IV_VL2,11.22,672170.687500
VA_VL8_VL4_VL8,11.22,672170.687500
IV_VL8_VA_N,11.23,672170.687500
IV_VL8_VL8_VL4,11.23,672170.687500
N_VL8_VL8_VA,11.23,672170.687500
VA_VL8_IV_VL8,11.23,672170.687500
VA_VL8_VA_N,11.23,672170.687500
VA_VL8_VA_VA,11.23,672170.687500
IV_VL4_N_VA,11.24,672170.687500
N_VL4_IV_IV,11.24,672170.687500
N_VL4_VL4_VL4,11.24,672170.687500
N_VL8_VL4_VL2,11.24,672170.687500
VA_VL8_IV_VL4,11.25,672170.687500
VA_VL8_VL8_IV,11.25,672170.687500
VA_VL4_IV_VA,11.26,672170.687500
N_VL8_VA_VL2,11.27,672170.687500
N_VL8_VL4_VL4,11.27,672170.687500
VA_VL8_VL2_VA,11.27,672170.687500
VA_VL8_VL2_VL4,11.27,672170.687500
IV_VL4_VL8_VL8,11.28,672170.687500
N_VL8_N_N,11.28,672170.687500
N_VL8_VL2_IV,11.28,672170.687500
N_VL8_IV_VL8,11.29,672170.687500
N_VL8_VA_VL8,11.29,672170.687500
VA_VL8_VA_IV,11.29,672170.687500
IV_VL4_IV_IV,11.30,672170.687500
IV_VL4_VA_VA,11.30,672170.687500
VA_VL8_IV_VA,11.30,672170.687500
IV_VL4_VL8_N,11.31,672170.687500
IV_VL4_VL8_VL4,11.31,672170.687500
N_VL8_VL8_VL2,11.31,672170.687500
N_VL8_VL8_VL8,11.31,672170.687500
IV_VL4_VA_VL8,11.32,672170.687500
VA_VL8_VL2_VL8,11.32,672170.687500
IV_VL4_VL2_VA,11.33,672170.687500
N_VL8_N_VL2,11.33,672170.687500
VA_VL4_VL8_IV,11.33,672170.687500
IV_VL4_VL4_N,11.34,672170.687500
IV_VL8_VL8_IV,11.36,672170.687500
N_VL8_VL8_VL4,11.36,672170.687500
IV_VL8_VL2_VA,11.37,672170.687500
IV_VL8_VL8_VL2,11.37,672170.687500
N_VL8_N_VA,11.37,672170.687500
IV_VL8_VA_VL4,11.38,672170.687500
IV_VL4_IV_VL8,11.39,672170.687500
N_VL8_IV_IV,11.39,672170.687500
VA_VL4_VL8_N,11.39,672170.687500
IV_VL4_VL4_VL2,11.40,672170.687500
VA_VL8_VL2_N,11.40,672170.687500
IV_VL4_IV_VL2,11.41,672170.687500
IV_VL4_VL8_VA,11.41,672170.687500
IV_VL8_VL8_VL8,11.42,672170.687500
IV_VL8_VL8_N,11.43,672170.687500
IV_VL4_N_IV,11.44,672170.687500
IV_VL8_VL4_N,11.44,672170.687500
IV_VL8_IV_VL8,11.45,672170.687500
IV_VL8_VA_VL8,11.45,672170.687500
N_VL4_VL8_VL4,11.45,672170.687500
IV_VL4_N_N,11.46,672170.687500
IV_VL8_VL4_IV,11.46,672170.687500
IV_VL4_VA_VL2,11.47,672170.687500
IV_VL4_VA_VL4,11.47,672170.687500
IV_VL8_VA_VL2,11.47,672170.687500
IV_VL8_VL4_VA,11.48,672170.687500
N_VL4_VL8_VL2,11.48,672170.687500
IV_VL4_IV_N,11.49,672170.687500
IV_VL4_VL4_IV,11.49,672170.687500
VA_VL4_IV_IV,11.49,672170.687500
IV_VL8_VL4_VL8,11.50,672170.687500
IV_VL4_VL2_VL4,11.52,672170.687500
IV_VL8_VL4_VL2,11.53,672170.687500
IV_VL8_N_VL2,11.54,672170.687500
IV_VL8_N_VL4,11.55,672170.687500
IV_VL4_VA_N,11.56,672170.687500
IV_VL8_VL8_VA,11.56,672170.687500
IV_VL4_N_VL8,11.57,672170.687500
IV_VL4_VL2_VL8,11.57,672170.687500
IV_VL4_N_VL2,11.58,672170.687500
IV_VL8_VL2_VL8,11.58,672170.687500
IV_VL8_VL4_VL4,11.58,672170.687500
VA_VL4_IV_N,11.58,672170.687500
IV_VL4_VL2_N,11.61,672170.687500
IV_VL8_VL2_IV,11.61,672170.687500
IV_VL8_VL2_VL2,11.61,672170.687500
IV_VL4_VL8_IV,11.62,672170.687500
IV_VL4_VL4_VL8,11.63,672170.687500
IV_VL8_N_VL8,11.63,672170.687500
IV_VL4_VA_IV,11.64,672170.687500
IV_VL8_VL2_VL4,11.64,672170.687500
IV_VL4_IV_VA,11.65,672170.687500
IV_VL8_VL2_N,11.66,672170.687500
IV_VL8_IV_VL4,11.70,672170.687500
IV_VL8_IV_VL2,11.71,672170.687500
IV_VL4_VL2_VL2,11.72,672170.687500
IV_VL4_N_VL4,11.73,672170.687500
IV_VL4_VL2_IV,11.74,672170.687500
IV_VL4_IV_VL4,11.78,672170.687500
IV_VL4_VL4_VL4,11.79,672170.687500
VL2_IV_VL2_VL4,12.74,672170.687500
VL2_VL4_VL4_N,12.75,672170.687500
VL2_VA_VL4_VL4,12.78,672170.687500
VL2_VL2_IV_IV,12.78,672170.687500
VL2_VL4_VL2_IV,12.78,672170.687500
VL2_VL4_VL4_IV,12.79,672170.687500
VL2_VL4_VL4_VA,12.79,672170.687500
VL2_VL4_VL8_VL2,12.79,672170.687500
VL2_VL4_VA_VL8,12.80,672170.687500
VL2_IV_VL2_VL8,12.81,672170.687500
VL2_N_VL8_VA,12.81,672170.687500
VL2_N_VL8_VL2,12.81,672170.687500
VL2_VL8_VL4_VL8,12.81,672170.687500
VL2_N_VL4_N,12.82,672170.687500
VL2_VL2_VL2_VL8,12.82,672170.687500
VL2_IV_VA_N,12.83,672170.687500
VL2_N_IV_VA,12.83,672170.687500
VL2_VL8_VL2_VA,12.83,672170.687500
VL2_IV_VA_VA,12.84,672170.687500
VL2_IV_VA_VL2,12.84,672170.687500
VL2_IV_VL2_VL2,12.84,672170.687500
VL2_N_VL4_VA,12.84,672170.687500
VL2_N_VL8_VL4,12.84,672170.687500
VL2_VA_IV_VL4,12.84,672170.687500
VL2_VL4_N_VA,12.84,672170.687500
VL2_VL4_VL8_VL4,12.84,672170.687500
VL2_VL8_VL4_VL2,12.84,672170.687500
VL2_IV_IV_IV,12.85,672170.687500
VL2_VA_IV_VL2,12.85,672170.687500
VL2_VL4_VL8_VA,12.85,672170.687500
VL2_VL8_VL4_VL4,12.85,672170.687500
VL2_IV_VL8_IV,12.86,672170.687500
VL2_N_IV_VL2,12.86,672170.687500
VL2_VA_VL4_VL8,12.86,672170.687500
VL2_IV_VL8_N,12.87,672170.687500
VL2_VA_VL2_VA,12.87,672170.687500
VL2_VL4_VL8_N,12.87,672170.687500
VL2_N_IV_N,12.88,672170.687500
VL2_N_VL4_IV,12.88,672170.687500
VL2_VA_VL8_VL8,12.88,672170.687500
VL2_VL2_VL2_VL4,12.88,672170.687500
VL2_IV_N_IV,12.89,672170.687500
VL2_IV_N_N,12.89,672170.687500
VL2_N_VA_VL8,12.89,672170.687500
VL2_VL8_VL2_VL2,12.89,672170.687500
VL2_VA_VL8_VA,12.90,672170.687500
VL2_VA_VL8_VL4,12.90,672170.687500
VL2_VL8_VL2_N,12.90,672170.687500
VL2_IV_N_VL2,12.91,672170.687500
VL2_N_VA_VL4,12.91,672170.687500
VL2_N_VL8_IV,12.91,672170.687500
VL2_VL2_IV_VA,12.91,672170.687500
VL2_VL8_N_VL8,12.92,672170.687500
VL2_VL8_VL2_VL8,12.92,672170.687500
VL2_N_IV_VL4,12.93,672170.687500
VL2_N_VL8_N,12.93,672170.687500
VL2_N_VL4_VL4,12.94,672170.687500
VL2_VL2_IV_N,12.95,672170.687500
VL2_VL4_IV_VL2,12.95,672170.687500
VL2_IV_IV_VL2,12.96,672170.687500
VL2_IV_N_VA,12.96,672170.687500
VL2_N_IV_VL8,12.96,672170.687500
VL2_VL8_VA_IV,12.96,672170.687500
VL2_IV_VA_VL4,12.98,672170.687500
VL2_VL8_N_IV,12.98,672170.687500
VL2_N_N_VA,12.99,672170.687500
VL2_VA_IV_N,12.99,672170.687500
VL2_VA_VL2_VL2,12.99,672170.687500
VL2_VL4_VA_VL4,12.99,672170.687500
VL2_VL4_VL8_VL8,12.99,672170.687500
VL2_IV_VL4_IV,13.00,672170.687500
VL2_N_VL2_VL4,13.00,672170.687500
VL2_VA_IV_VL8,13.00,672170.687500
VL2_VA_VL8_IV,13.00,672170.687500
VL2_VL4_N_VL2,13.00,672170.687500
VL2_VL8_VL4_VA,13.00,672170.687500
VL2_IV_VL4_VL4,13.01,672170.687500
VL2_VA_VL4_N,13.02,672170.687500
VL2_VA_VL8_N,13.02,672170.687500
VL2_VL2_VL2_VA,13.02,672170.687500
VL2_VL8_VA_VL8,13.02,672170.687500
VL2_IV_VL8_VL4,13.03,672170.687500
VL2_VA_IV_IV,13.03,672170.687500
VL2_VL4_VL2_VL2,13.04,672170.687500
VL2_VL8_VL8_IV,13.04,672170.687500
VL2_IV_VL8_VA,13.06,672170.687500
VL2_VL4_VL2_N,13.06,672170.687500
VL2_IV_VL2_IV,13.07,672170.687500
VL2_IV_VL4_VL8,13.07,672170.687500
VL2_VL4_VL4_VL2,13.07,672170.687500
VL2_VL8_VL4_IV,13.07,672170.687500
VL2_VL2_VA_VL4,13.09,672170.687500
VL2_VL4_VL8_IV,13.09,672170.687500
VL2_N_VL4_VL2,13.10,672170.687500
VL2_VL4_VA_IV,13.10,672170.687500
VL2_VL4_VL4_VL8,13.10,672170.687500
VL2_IV_VA_IV,13.12,672170.687500
VL2_N_IV_IV,13.12,672170.687500
VL2_N_VL8_VL8,13.12,672170.687500
VL2_VL2_IV_VL2,13.12,672170.687500
VL2_VL4_VL2_VL4,13.12,672170.687500
VL2_VL2_N_VL2,13.13,672170.687500
VL2_VL4_N_IV,13.14,672170.687500
VL2_VL4_VL4_VL4,13.14,672170.687500
VL2_VL8_VL2_VL4,13.16,672170.687500
VL2_VL2_VA_VL8,13.17,672170.687500
VL2_N_VA_N,13.18,672170.687500
VL2_VA_VA_VA,13.19,672170.687500
VL2_VL4_IV_VL8,13.19,672170.687500
VL2_N_N_VL4,13.20,672170.687500
VL2_N_VL4_VL8,13.20,672170.687500
VL2_VA_N_VL8,13.20,672170.687500
VL2_IV_VL2_N,13.21,672170.687500
VL2_N_N_VL2,13.21,672170.687500
VL2_VL2_VL2_VL2,13.21,672170.687500
VL2_VL4_VA_VL2,13.21,672170.687500
VL2_VL4_VL2_VA,13.21,672170.687500
VL2_IV_IV_VA,13.22,672170.687500
VL2_IV_VL4_VA,13.22,672170.687500
VL2_VL2_VL4_VL2,13.22,672170.687500
VL2_IV_VL4_N,13.23,672170.687500
VL2_VL2_VL2_N,13.23,672170.687500
VL2_N_N_N,13.24,672170.687500
VL2_N_VL2_VL8,13.24,672170.687500
VL2_VA_VA_VL4,13.24,672170.687500
VL2_VL4_VL2_VL8,13.24,672170.687500
VL2_IV_IV_VL8,13.25,672170.687500
VL2_VL8_IV_VL8,13.25,672170.687500
VL2_IV_IV_N,13.26,672170.687500
VL2_VA_VL4_VA,13.26,672170.687500
VL2_VL4_N_N,13.26,672170.687500
VL2_VL8_VL4_N,13.27,672170.687500
VL2_N_VA_IV,13.28,672170.687500
VL2_N_VL2_VL2,13.28,672170.687500
VL2_VA_N_VL4,13.28,672170.687500
VL2_VL2_VL2_IV,13.28,672170.687500
VL2_IV_VA_VL8,13.29,672170.687500
VL2_VA_N_IV,13.29,672170.687500
VL2_VL2_VA_VL2,13.29,672170.687500
VL2_VL4_IV_VL4,13.29,672170.687500
VL2_VL8_N_N,13.29,672170.687500
VL2_VL8_VL8_N,13.29,672170.687500
VL2_IV_IV_VL4,13.30,672170.687500
VL2_IV_VL4_VL2,13.30,672170.687500
VL2_VL2_VL4_VL4,13.30,672170.687500
VL2_IV_VL2_VA,13.31,672170.687500
VL2_N_VL2_VA,13.31,672170.687500
VL2_VA_N_VL2,13.31,672170.687500
VL2_VL2_N_VA,13.31,672170.687500
VL2_N_N_IV,13.32,672170.687500
VL2_IV_VL8_VL8,13.33,672170.687500
VL2_VL4_VA_VA,13.33,672170.687500
VL2_VL2_VL4_IV,13.34,672170.687500
VL2_VL4_N_VL8,13.34,672170.687500
VL2_VL8_VA_VL4,13.34,672170.687500
VL2_VL4_N_VL4,13.35,672170.687500
VL2_VL8_IV_VA,13.35,672170.687500
VL2_VL8_VL8_VL2,13.36,672170.687500
VL2_VA_VA_VL2,13.37,672170.687500
VL2_VL2_VL4_VA,13.40,672170.687500
VL2_IV_N_VL4,13.41,672170.687500
VL2_N_VL2_N,13.42,672170.687500
VL2_VA_VL8_VL2,13.42,672170.687500
VL2_VA_N_N,13.43,672170.687500
VL2_IV_VL8_VL2,13.44,672170.687500
VL2_VA_IV_VA,13.44,672170.687500
VL2_VA_VL4_VL2,13.45,672170.687500
VL2_IV_N_VL8,13.46,672170.687500
VL2_VL2_VL8_IV,13.46,672170.687500
VL2_VL2_VA_IV,13.48,672170.687500
VL2_VL2_VL8_N,13.48,672170.687500
VL2_VA_VA_IV,13.50,672170.687500
VL2_VA_VA_N,13.50,672170.687500
VL2_VA_VL2_VL4,13.51,672170.687500
VL2_VL4_IV_N,13.51,672170.687500
VL2_VL8_IV_IV,13.51,672170.687500
VL2_N_VL2_IV,13.52,672170.687500
VL2_VA_VL2_N,13.52,672170.687500
VL2_VL2_IV_VL4,13.52,672170.687500
VL2_VL2_VA_VA,13.52,672170.687500
VL2_VL4_IV_VA,13.52,672170.687500
VL2_N_N_VL8,13.53,672170.687500
VL2_VL8_IV_N,13.54,672170.687500
VL2_VL8_N_VL4,13.54,672170.687500
VL2_VL8_VA_N,13.54,672170.687500
VL2_VL8_VL2_IV,13.54,672170.687500
VL2_VL8_IV_VL2,13.55,672170.687500
VL2_VL8_IV_VL4,13.55,672170.687500
VL2_VL8_VL8_VL8,13.56,672170.687500
VL2_VA_VL2_IV,13.57,672170.687500
VL2_VL2_N_IV,13.59,672170.687500
VL2_VL8_VL8_VA,13.61,672170.687500
VL2_VL2_N_N,13.62,672170.687500
VL2_VL4_VA_N,13.64,672170.687500
VL2_VL2_IV_VL8,13.65,672170.687500
VL2_VA_N_VA,13.66,672170.687500
VL2_VL2_VL4_N,13.67,672170.687500
VL2_VL8_VL8_VL4,13.69,672170.687500
VL2_VA_VL4_IV,13.70,672170.687500
VL2_VL8_VA_VA,13.74,672170.687500
VL2_VL2_VL8_VA,13.75,672170.687500
VL2_VL8_N_VA,13.75,672170.687500
VL2_VL2_VL8_VL4,13.76,672170.687500
VL2_N_VA_VA,13.77,672170.687500
VL2_VL2_VL4_VL8,13.77,672170.687500
VL2_VL8_VA_VL2,13.80,672170.687500
VL2_VL2_VA_N,13.81,672170.687500
VL2_VA_VA_VL8,13.90,672170.687500
VL2_VL8_N_VL2,13.90,672170.687500
VL2_N_VA_VL2,13.94,672170.687500
VL2_VL2_N_VL8,13.95,672170.687500
VL2_VA_VL2_VL8,13.96,672170.687500
VL2_VL4_IV_IV,13.98,672170.687500
VL2_VL2_VL8_VL2,14.03,672170.687500
VL2_VL2_N_VL4,14.04,672170.687500
VL2_VL2_VL8_VL8,14.16,672170.687500
VA_VL2_N_VL4,15.93,672170.687500
VA_VL2_N_VL2,16.01,672170.687500
VA_VL2_IV_VA,16.04,672170.687500
VA_VL2_VL8_VL2,16.07,672170.687500
N_VL2_VL8_N,16.09,672170.687500
N_VL2_VL8_VA,16.16,672170.687500
VA_VL2_N_VA,16.19,672170.687500
VA_VL2_N_N,16.20,672170.687500
N_VL2_VL8_IV,16.22,672170.687500
VA_VL2_N_IV,16.26,672170.687500
VA_VL2_IV_VL2,16.28,672170.687500
VA_VL2_IV_VL4,16.30,672170.687500
VA_VL2_N_VL8,16.32,672170.687500
VA_VL2_VL8_N,16.37,672170.687500
N_VL2_VL4_N,16.38,672170.687500
VA_VL2_IV_VL8,16.47,672170.687500
VA_VL2_VL4_VL8,16.51,672170.687500
IV_VL2_VL4_VL4,16.54,672170.687500
N_VL2_VL4_IV,16.62,672170.687500
N_VL2_VL2_N,16.63,672170.687500
VA_VL2_VL4_VL4,16.65,672170.687500
VA_VL2_VL8_VA,16.66,672170.687500
N_VL2_VA_IV,16.67,672170.687500
N_VL2_VA_N,16.67,672170.687500
N_VL2_VL2_IV,16.67,672170.687500
VA_VL2_VL8_VL4,16.67,672170.687500
N_VL2_N_N,16.68,672170.687500
N_VL2_VA_VL8,16.68,672170.687500
N_VL2_IV_IV,16.69,672170.687500
VA_VL2_VL8_IV,16.71,672170.687500
N_VL2_N_IV,16.72,672170.687500
IV_VL2_VL4_VL8,16.73,672170.687500
VA_VL2_VL2_VL4,16.74,672170.687500
N_VL2_VL2_VL4,16.75,672170.687500
N_VL2_IV_VA,16.76,672170.687500
N_VL2_IV_N,16.77,672170.687500
N_VL2_IV_VL8,16.77,672170.687500
N_VL2_VL2_VL2,16.78,672170.687500
VA_VL2_VL4_VL2,16.79,672170.687500
IV_VL2_VL8_VL8,16.82,672170.687500
IV_VL2_VL2_VL2,16.84,672170.687500
N_VL2_N_VL4,16.84,672170.687500
N_VL2_VL4_VA,16.85,672170.687500
IV_VL2_VL8_VL2,16.86,672170.687500
VA_VL2_VL4_IV,16.87,672170.687500
IV_VL2_VL2_VL4,16.88,672170.687500
N_VL2_IV_VL2,16.89,672170.687500
N_VL2_VL4_VL4,16.90,672170.687500
N_VL2_VL8_VL4,16.90,672170.687500
IV_VL2_VL8_IV,16.91,672170.687500
N_VL2_VL2_VL8,16.92,672170.687500
VA_VL2_VA_VL4,16.93,672170.687500
N_VL2_VA_VL2,16.95,672170.687500
VA_VL2_VL4_VA,16.95,672170.687500
N_VL2_VL8_VL2,16.96,672170.687500
IV_VL2_VL2_VL8,16.99,672170.687500
VA_VL2_VL8_VL8,16.99,672170.687500
VA_VL2_VL2_VL2,17.00,672170.687500
N_VL2_VL4_VL8,17.01,672170.687500
IV_VL2_VL8_VL4,17.02,672170.687500
N_VL2_VA_VA,17.02,672170.687500
N_VL2_VL2_VA,17.05,672170.687500
N_VL2_N_VA,17.06,672170.687500
VA_VL2_IV_N,17.07,672170.687500
IV_VL2_VL8_VA,17.09,672170.687500
VA_VL2_VA_VL8,17.09,672170.687500
IV_VL2_VL4_N,17.10,672170.687500
IV_VL2_VL4_IV,17.11,672170.687500
N_VL2_VL8_VL8,17.11,672170.687500
VA_VL2_VA_VL2,17.13,672170.687500
N_VL2_VL4_VL2,17.15,672170.687500
IV_VL2_VL4_VA,17.17,672170.687500
N_VL2_IV_VL4,17.17,672170.687500
IV_VL2_IV_VL8,17.18,672170.687500
IV_VL2_VL8_N,17.20,672170.687500
VA_VL2_VA_IV,17.20,672170.687500
VA_VL2_VL2_VL8,17.20,672170.687500
N_VL2_N_VL2,17.21,672170.687500
VA_VL2_VL2_N,17.22,672170.687500
IV_VL2_VL2_N,17.25,672170.687500
VA_VL2_VL2_VA,17.26,672170.687500
IV_VL2_VA_VL4,17.30,672170.687500
N_VL2_N_VL8,17.30,672170.687500
IV_VA_IV_IV,17.34,672170.687500
VA_VL2_VA_N,17.34,672170.687500
IV_VL2_VL4_VL2,17.35,672170.687500
VA_VL2_IV_IV,17.35,672170.687500
IV_VL2_IV_VL4,17.36,672170.687500
VA_VL2_VL4_N,17.36,672170.687500
N_VL2_VA_VL4,17.40,672170.687500
IV_VL2_N_VL8,17.42,672170.687500
IV_VA_IV_N,17.46,672170.687500
IV_VA_IV_VA,17.52,672170.687500
IV_VL2_VL2_IV,17.53,672170.687500
VA_VL2_VA_VA,17.53,672170.687500
VA_VL2_VL2_IV,17.53,672170.687500
IV_VL2_IV_VL2,17.55,672170.687500
IV_VL2_VA_VL8,17.60,672170.687500
IV_VL2_VA_VL2,17.65,672170.687500
IV_VL2_N_VL2,17.76,672170.687500
IV_VA_N_IV,17.78,672170.687500
IV_VL2_N_VL4,17.78,672170.687500
IV_VL2_VL2_VA,18.03,672170.687500
IV_VA_VA_IV,18.18,672170.687500
IV_VL2_IV_IV,18.62,672170.687500
IV_VL2_N_IV,18.84,672170.687500
IV_VL2_IV_N,18.96,672170.687500
IV_VL2_N_N,19.05,672170.687500
IV_VL2_IV_VA,19.26,672170.687500
IV_VL2_N_VA,19.31,672170.687500
IV_VL2_VA_N,19.45,672170.687500
IV_VL2_VA_IV,19.67,672170.687500
IV_VL2_VA_VA,20.76,672170.687500
VA_N_N_VL4,22.71,672170.687500
VA_IV_N_VL4,22.75,672170.687500
VA_VA_N_VL4,22.89,672170.687500
N_VA_VA_VL4,22.95,672170.687500
VA_VA_VA_VL2,23.14,672170.687500
VA_N_IV_VL4,23.17,672170.687500
VA_VA_VA_VL4,23.18,672170.687500
VA_N_VA_VL4,23.23,672170.687500
VA_IV_VA_VL2,23.30,672170.687500
VA_IV_IV_VL4,23.33,672170.687500
VA_IV_N_VL2,23.43,672170.687500
N_VA_N_VA,23.48,672170.687500
VA_N_N_VL2,23.49,672170.687500
VA_IV_VA_VA,23.50,672170.687500
N_VA_VA_VL2,23.51,672170.687500
VA_N_IV_N,23.52,672170.687500
VA_N_VA_VL2,23.52,672170.687500
N_VA_VA_VL8,23.53,672170.687500
N_VA_IV_IV,23.54,672170.687500
VA_VA_N_VL8,23.54,672170.687500
N_VA_IV_VL4,23.55,672170.687500
N_VA_VA_N,23.55,672170.687500
VA_N_IV_VA,23.55,672170.687500
N_VA_N_VL2,23.56,672170.687500
VA_IV_N_IV,23.58,672170.687500
VA_N_IV_VL2,23.59,672170.687500
VA_N_N_VL8,23.65,672170.687500
VA_N_N_IV,23.68,672170.687500
VA_IV_IV_VL8,23.71,672170.687500
VA_N_N_N,23.71,672170.687500
VA_IV_IV_N,23.72,672170.687500
VA_IV_VA_VL4,23.72,672170.687500
VA_VA_IV_VA,23.74,672170.687500
N_VA_VA_IV,23.77,672170.687500
VA_IV_VA_VL8,23.79,672170.687500
VA_IV_VA_IV,23.82,672170.687500
VA_VA_IV_VL8,23.85,672170.687500
VA_N_VA_VA,23.88,672170.687500
N_VA_IV_N,23.89,672170.687500
N_VA_IV_VL8,23.91,672170.687500
VA_VA_IV_IV,23.93,672170.687500
VA_VA_VA_VA,23.93,672170.687500
N_VA_N_IV,23.94,672170.687500
VA_N_N_VA,23.94,672170.687500
VA_VA_VA_N,23.95,672170.687500
N_VA_N_VL8,23.96,672170.687500
VA_VA_N_VA,23.99,672170.687500
VA_N_IV_IV,24.02,672170.687500
N_VA_IV_VA,24.06,672170.687500
N_VA_N_VL4,24.06,672170.687500
VA_IV_N_VA,24.08,672170.687500
N_VA_VA_VA,24.09,672170.687500
VA_IV_IV_IV,24.12,672170.687500
VA_N_IV_VL8,24.14,672170.687500
VA_N_VA_IV,24.14,672170.687500
N_VA_N_N,24.16,672170.687500
VA_IV_N_N,24.16,672170.687500
VA_IV_N_VL8,24.16,672170.687500
VA_VA_N_VL2,24.18,672170.687500
VA_VA_VA_IV,24.19,672170.687500
VA_IV_IV_VA,24.20,672170.687500
VA_VA_IV_VL2,24.23,672170.687500
VA_VA_N_N,24.25,672170.687500
IV_VA_N_VL4,24.26,672170.687500
N_VA_IV_VL2,24.29,672170.687500
VA_VA_VA_VL8,24.30,672170.687500
VA_VA_N_IV,24.32,672170.687500
IV_VA_VA_VL8,24.34,672170.687500
VA_IV_VA_N,24.34,672170.687500
VA_N_VA_VL8,24.34,672170.687500
VA_N_VA_N,24.39,672170.687500
VA_VA_IV_N,24.41,672170.687500
IV_VA_VA_VL4,24.51,672170.687500
IV_VA_N_VL2,24.72,672170.687500
VA_VA_IV_VL4,24.80,672170.687500
VA_IV_IV_VL2,24.81,672170.687500
IV_VA_IV_VL4,24.92,672170.687500
IV_VA_N_VL8,24.94,672170.687500
IV_VA_IV_VL8,24.98,672170.687500
N_IV_VL2_VL4,24.98,672170.687500
IV_VA_IV_VL2,25.38,672170.687500
VA_N_VL2_VL4,25.46,672170.687500
VA_IV_VL2_VL4,25.50,672170.687500
IV_VA_VA_VL2,25.56,672170.687500
N_N_VL2_VL2,25.57,672170.687500
VA_IV_VL2_VL2,25.69,672170.687500
N_IV_VL2_VL2,25.78,672170.687500
VA_N_VL4_VL2,25.88,672170.687500
N_IV_VL2_IV,26.00,672170.687500
VA_VA_VL4_VL2,26.00,672170.687500
VA_N_VL2_VL2,26.11,672170.687500
N_N_VL2_VL4,26.14,672170.687500
N_VA_VL2_VL2,26.24,672170.687500
N_IV_VL2_VA,26.25,672170.687500
VA_VA_VL2_VL4,26.26,672170.687500
VA_IV_VL4_VL4,26.27,672170.687500
VA_N_VL2_VL8,26.27,672170.687500
N_IV_VL2_VL8,26.28,672170.687500
VA_N_VL2_N,26.30,672170.687500
VA_IV_VL2_N,26.33,672170.687500
VA_IV_VL2_IV,26.34,672170.687500
IV_N_VL2_VL4,26.36,672170.687500
VA_N_VL4_VL4,26.39,672170.687500
VA_VA_VL2_VL8,26.41,672170.687500
N_IV_VL4_VA,26.42,672170.687500
N_N_VL2_VA,26.42,672170.687500
VA_VA_VL2_N,26.42,672170.687500
N_N_VL4_VL4,26.46,672170.687500
VA_IV_VL4_VL2,26.50,672170.687500
VA_VA_VL2_VA,26.51,672170.687500
N_IV_VL2_N,26.55,672170.687500
N_N_VL2_N,26.55,672170.687500
N_N_VL4_N,26.55,672170.687500
VA_N_VL2_IV,26.55,672170.687500
N_VA_VL4_N,26.58,672170.687500
N_N_VL8_VA,26.59,672170.687500
N_VA_VL4_VL8,26.59,672170.687500
IV_N_VL2_VL2,26.60,672170.687500
N_VA_VL2_VA,26.60,672170.687500
N_IV_VL8_IV,26.62,672170.687500
VA_IV_VL8_IV,26.63,672170.687500
IV_N_VL4_VL4,26.65,672170.687500
VA_IV_VL2_VL8,26.66,672170.687500
VA_IV_VL4_VA,26.66,672170.687500
VA_IV_VL8_VL2,26.66,672170.687500
VA_N_VL8_IV,26.66,672170.687500
N_IV_VL4_N,26.68,672170.687500
VA_IV_VL2_VA,26.68,672170.687500
N_N_VL4_IV,26.69,672170.687500
N_VA_VL2_VL8,26.69,672170.687500
N_N_VL2_VL8,26.71,672170.687500
N_VA_VL2_IV,26.72,672170.687500
N_IV_VL4_VL2,26.74,672170.687500
N_N_VL2_IV,26.75,672170.687500
VA_IV_VL8_N,26.75,672170.687500
IV_IV_VL2_VA,26.77,672170.687500
IV_N_VL2_IV,26.78,672170.687500
VA_N_VL2_VA,26.78,672170.687500
IV_VA_VL2_VL2,26.80,672170.687500
N_IV_VL4_VL4,26.80,672170.687500
VA_N_VL8_VL4,26.80,672170.687500
IV_IV_VL2_VL8,26.83,672170.687500
N_VA_VL4_VL4,26.83,672170.687500
VA_VA_VL2_VL2,26.83,672170.687500
N_VA_VL4_VL2,26.84,672170.687500
N_VA_VL8_VL2,26.84,672170.687500
VA_VA_VL2_IV,26.84,672170.687500
N_IV_VL8_VL4,26.85,672170.687500
N_N_VL4_VL8,26.85,672170.687500
N_VA_VL8_VA,26.85,672170.687500
N_VA_VL2_N,26.86,672170.687500
VA_IV_VL8_VL4,26.86,672170.687500
N_IV_VL4_VL8,26.87,672170.687500
VA_VA_VL4_VA,26.89,672170.687500
VA_VA_VL4_VL4,26.89,672170.687500
N_VA_VL4_IV,26.90,672170.687500
VA_N_VL4_VA,26.90,672170.687500
IV_IV_VL2_VL4,26.92,672170.687500
N_VA_VL2_VL4,26.94,672170.687500
VA_IV_VL4_IV,26.94,672170.687500
N_VA_VL4_VA,26.96,672170.687500
IV_VA_VL2_IV,26.97,672170.687500
IV_N_VL2_VL8,26.98,672170.687500
IV_IV_VL4_IV,26.99,672170.687500
N_IV_VL8_VL2,27.00,672170.687500
N_N_VL8_N,27.00,672170.687500
VA_N_VL8_VL2,27.00,672170.687500
N_IV_VL4_IV,27.01,672170.687500
IV_N_VL4_VL8,27.02,672170.687500
IV_N_VL4_N,27.03,672170.687500
IV_IV_VL2_N,27.04,672170.687500
IV_N_VL8_IV,27.07,672170.687500
N_IV_VL8_VL8,27.07,672170.687500
N_N_VL8_VL8,27.07,672170.687500
VA_N_VL4_N,27.07,672170.687500
IV_VA_VL4_VL8,27.08,672170.687500
IV_VA_VL4_N,27.09,672170.687500
VA_N_VL8_N,27.11,672170.687500
N_VA_VL8_VL8,27.12,672170.687500
IV_IV_VL8_VL4,27.13,672170.687500
IV_IV_VL2_IV,27.14,672170.687500
IV_IV_VL8_N,27.15,672170.687500
N_IV_VL8_N,27.15,672170.687500
N_VA_VL8_IV,27.15,672170.687500
N_VA_VL8_N,27.16,672170.687500
VA_IV_VL4_VL8,27.16,672170.687500
N_N_VL8_VL4,27.17,672170.687500
IV_VA_VL2_N,27.20,672170.687500
N_N_VL4_VA,27.20,672170.687500
VA_N_VL4_IV,27.20,672170.687500
IV_IV_VL8_IV,27.21,672170.687500
IV_N_VL4_VA,27.21,672170.687500
IV_VA_VL4_VL4,27.23,672170.687500
VA_N_VL8_VL8,27.25,672170.687500
IV_IV_VL4_VL4,27.26,672170.687500
N_N_VL8_IV,27.27,672170.687500
N_VA_VL8_VL4,27.29,672170.687500
VA_IV_VL8_VA,27.29,672170.687500
VA_VA_VL4_N,27.30,672170.687500
IV_IV_VL4_VL2,27.31,672170.687500
VA_N_VL4_VL8,27.32,672170.687500
N_IV_VL8_VA,27.35,672170.687500
VA_VA_VL8_VL4,27.35,672170.687500
IV_VA_VL8_VL2,27.37,672170.687500
N_N_VL8_VL2,27.37,672170.687500
VA_VA_VL8_N,27.37,672170.687500
IV_N_VL2_N,27.39,672170.687500
VA_IV_VL4_N,27.40,672170.687500
IV_IV_VL8_VL8,27.41,672170.687500
VA_VA_VL4_IV,27.41,672170.687500
IV_VA_VL2_VL8,27.43,672170.687500
VA_N_VL8_VA,27.43,672170.687500
IV_VA_VL2_VA,27.44,672170.687500
IV_VA_VL8_VA,27.44,672170.687500
VA_VA_VL8_IV,27.44,672170.687500
IV_N_VL2_VA,27.46,672170.687500
IV_N_VL8_VL8,27.47,672170.687500
IV_N_VL8_VL2,27.48,672170.687500
IV_N_VL8_VL4,27.48,672170.687500
N_N_VL4_VL2,27.48,672170.687500
IV_N_VL8_VA,27.49,672170.687500
IV_VA_VL2_VL4,27.50,672170.687500
VA_VA_VL8_VL8,27.50,672170.687500
IV_IV_VL4_N,27.53,672170.687500
VA_IV_VL8_VL8,27.54,672170.687500
VA_VA_VL4_VL8,27.54,672170.687500
IV_N_VL4_VL2,27.61,672170.687500
IV_N_VL4_IV,27.62,672170.687500
IV_VA_VL4_IV,27.65,672170.687500
VA_VA_VL8_VL2,27.66,672170.687500
IV_IV_VL4_VA,27.67,672170.687500
IV_VA_VL4_VL2,27.75,672170.687500
IV_VA_VL8_N,27.87,672170.687500
IV_IV_VL2_VL2,27.90,672170.687500
IV_N_VL8_N,27.93,672170.687500
IV_VA_VL8_IV,27.93,672170.687500
IV_IV_VL4_VL8,27.94,672170.687500
IV_IV_VL8_VA,27.98,672170.687500
IV_VA_VL4_VA,28.04,672170.687500
IV_VA_VL8_VL8,28.05,672170.687500
VA_VA_VL8_VA,28.13,672170.687500
IV_VA_VL8_VL4,28.24,672170.687500
IV_IV_VL8_VL2,28.25,672170.687500
IV_VA_N_N,31.74,672170.687500
IV_VA_VA_VA,31.75,672170.687500
IV_VA_VA_N,31.83,672170.687500
IV_VA_N_VA,32.27,672170.687500
