IV_IV_IV,1.31,106399.171875
IV_IV_N,1.31,106399.171875
N_N_IV,1.31,106399.171875
VA_N_IV,1.31,106399.171875
N_IV_IV,1.32,106399.171875
N_IV_N,1.32,106399.171875
VA_IV_IV,1.32,106399.171875
VA_IV_N,1.33,106399.171875
IV_N_IV,1.34,106399.171875
N_N_N,2.30,106399.171875
VA_N_N,2.30,106399.171875
IV_N_N,2.31,106399.171875
VA_VL8_IV,3.00,106399.171875
IV_VL8_N,3.02,106399.171875
N_IV_VA,3.03,106399.171875
N_VA_VA,3.03,106399.171875
N_VL8_N,3.03,106399.171875
N_VL8_VA,3.03,106399.171875
VA_N_VA,3.03,106399.171875
VA_VL8_VL2,3.03,106399.171875
VL8_IV_VA,3.03,106399.171875
VL8_VA_VL4,3.03,106399.171875
VL8_VL8_VL4,3.03,106399.171875
VL8_VL8_VL8,3.03,106399.171875
IV_VL8_IV,3.04,106399.171875
N_VA_N,3.04,106399.171875
N_VL8_IV,3.04,106399.171875
N_VL8_VL4,3.04,106399.171875
VA_VL8_VL4,3.04,106399.171875
VL8_IV_IV,3.04,106399.171875
VL8_IV_N,3.04,106399.171875
VL8_N_IV,3.04,106399.171875
VL8_N_VA,3.04,106399.171875
VL8_VL2_IV,3.04,106399.171875
N_VL8_VL8,3.05,106399.171875
VA_VL8_N,3.05,106399.171875
VA_VL8_VL8,3.05,106399.171875
VL8_IV_VL4,3.05,106399.171875
VL8_VL4_VL2,3.05,106399.171875
VL8_VL8_VA,3.05,106399.171875
IV_VL8_VL8,3.06,106399.171875
N_N_VA,3.06,106399.171875
N_VA_IV,3.06,106399.171875
VA_VL8_VA,3.06,106399.171875
VL8_N_N,3.06,106399.171875
VL8_N_VL2,3.06,106399.171875
VL8_VL8_IV,3.06,106399.171875
VL8_VL8_N,3.06,106399.171875
VL8_VL8_VL2,3.06,106399.171875
IV_N_VA,3.07,106399.171875
IV_VL8_VA,3.07,106399.171875
N_VL8_VL2,3.07,106399.171875
VL8_IV_VL8,3.07,106399.171875
VL8_VA_VL8,3.07,106399.171875
VL8_VL4_VA,3.07,106399.171875
VL8_VL4_VL4,3.07,106399.171875
IV_IV_VA,3.08,106399.171875
IV_VA_IV,3.08,106399.171875
IV_VL8_VL4,3.08,106399.171875
VA_IV_VA,3.08,106399.171875
VL8_IV_VL2,3.08,106399.171875
VL8_N_VL4,3.08,106399.171875
VL8_VL2_VA,3.08,106399.171875
VA_VA_N,3.09,106399.171875
VA_VA_VA,3.09,106399.171875
VL8_VA_IV,3.09,106399.171875
IV_VL8_VL2,3.10,106399.171875
VA_VA_IV,3.10,106399.171875
VL8_VA_VL2,3.10,106399.171875
IV_VA_N,3.11,106399.171875
IV_VA_VA,3.11,106399.171875
VL8_N_VL8,3.11,106399.171875
VL8_VL2_VL2,3.11,106399.171875
VL8_VA_VA,3.12,106399.171875
VL8_VL2_VL4,3.12,106399.171875
VL8_VA_N,3.13,106399.171875
VL8_VL2_VL8,3.14,106399.171875
VL8_VL4_VL8,3.14,106399.171875
VL8_VL4_N,3.15,106399.171875
VL8_VL2_N,3.18,106399.171875
VL8_VL4_IV,3.18,106399.171875
VL4_IV_N,5.73,106399.171875
VL4_VL2_VL2,5.73,106399.171875
VL4_IV_VL2,5.76,106399.171875
VL4_N_N,5.76,106399.171875
VL4_VL2_VA,5.76,106399.171875
VL4_VL2_VL4,5.76,106399.171875
VL4_IV_VL8,5.77,106399.171875
VL4_N_IV,5.77,106399.171875
VL4_VL8_N,5.77,106399.171875
IV_VL4_VL4,5.78,106399.171875
N_VL4_VL8,5.78,106399.171875
IV_VL4_VA,5.79,106399.171875
N_VL4_N,5.79,106399.171875
VL4_IV_VA,5.79,106399.171875
VL4_IV_VL4,5.79,106399.171875
VA_VL4_VL2,5.80,106399.171875
VL4_VL2_IV,5.80,106399.171875
VL4_VL8_VL8,5.80,106399.171875
IV_VL4_IV,5.81,106399.171875
N_VL4_IV,5.81,106399.171875
VL4_IV_IV,5.81,106399.171875
VL4_VL2_VL8,5.81,106399.171875
IV_VL4_VL8,5.82,106399.171875
VL4_VL2_N,5.82,106399.171875
IV_VL4_N,5.83,106399.171875
VA_VL4_IV,5.83,106399.171875
VA_VL4_N,5.84,106399.171875
VL4_N_VL2,5.84,106399.171875
VL4_VA_N,5.84,106399.171875
IV_VL4_VL2,5.85,106399.171875
VL4_VA_VL2,5.85,106399.171875
VL4_VL4_N,5.85,106399.171875
VA_VL4_VA,5.86,106399.171875
VL4_VL4_IV,5.87,106399.171875
VL4_VL8_IV,5.87,106399.171875
VL4_VL8_VA,5.87,106399.171875
VL4_N_VA,5.89,106399.171875
VL4_VA_IV,5.89,106399.171875
VL4_VA_VA,5.90,106399.171875
VL4_VL4_VA,5.90,106399.171875
VL4_VL8_VL4,5.90,106399.171875
N_VL4_VL4,5.91,106399.171875
VA_VL4_VL4,5.91,106399.171875
N_VL4_VL2,5.92,106399.171875
VL4_VL4_VL4,5.92,106399.171875
VL4_VL4_VL8,5.92,106399.171875
VL4_N_VL4,5.93,106399.171875
VL4_VL8_VL2,5.93,106399.171875
VL4_N_VL8,5.94,106399.171875
VA_VL4_VL8,5.95,106399.171875
N_VL4_VA,5.96,106399.171875
VL4_VL4_VL2,5.96,106399.171875
VL4_VA_VL8,6.04,106399.171875
VL4_VA_VL4,6.07,106399.171875
N_VL2_IV,11.53,106399.171875
VL2_N_IV,11.54,106399.171875
VA_VL2_VL8,11.55,106399.171875
VL2_N_VL8,11.55,106399.171875
VL2_VL8_IV,11.55,106399.171875
N_VL2_N,11.56,106399.171875
N_VL2_VA,11.56,106399.171875
VA_VL2_VA,11.56,106399.171875
VL2_IV_VL2,11.56,106399.171875
VL2_VL4_VL8,11.57,106399.171875
VL2_IV_VA,11.58,106399.171875
VL2_VA_IV,11.58,106399.171875
VL2_VL2_N,11.58,106399.171875
VA_VL2_VL4,11.60,106399.171875
VL2_VL2_VL2,11.60,106399.171875
IV_VL2_VL8,11.61,106399.171875
VL2_IV_VL4,11.62,106399.171875
VL2_N_VL4,11.62,106399.171875
VL2_VL2_VA,11.63,106399.171875
VL2_VL4_VA,11.63,106399.171875
N_VL2_VL2,11.64,106399.171875
VL2_VL4_VL4,11.64,106399.171875
VL2_VL8_N,11.64,106399.171875
VL2_VL8_VL8,11.64,106399.171875
VA_VL2_N,11.65,106399.171875
VA_VL2_VL2,11.66,106399.171875
VL2_VL2_VL8,11.66,106399.171875
IV_VL2_VA,11.67,106399.171875
IV_VL2_N,11.68,106399.171875
VL2_VA_N,11.68,106399.171875
IV_VL2_IV,11.69,106399.171875
VL2_IV_N,11.69,106399.171875
IV_VL2_VL2,11.71,106399.171875
VL2_VL4_VL2,11.73,106399.171875
VL2_N_VL2,11.76,106399.171875
VL2_VA_VA,11.76,106399.171875
N_VL2_VL4,11.77,106399.171875
VL2_N_VA,11.78,106399.171875
N_VL2_VL8,11.79,106399.171875
VL2_VL2_VL4,11.80,106399.171875
VL2_VL8_VL2,11.80,106399.171875
IV_VL2_VL4,11.81,106399.171875
VL2_VA_VL2,11.82,106399.171875
VL2_VL2_IV,11.82,106399.171875
VA_VL2_IV,11.83,106399.171875
VL2_VL8_VA,11.83,106399.171875
VL2_N_N,11.85,106399.171875
VL2_VL4_N,11.85,106399.171875
VL2_IV_VL8,11.88,106399.171875
VL2_VL4_IV,11.90,106399.171875
VL2_IV_IV,11.91,106399.171875
VL2_VA_VL8,11.91,106399.171875
VL2_VL8_VL4,11.91,106399.171875
VL2_VA_VL4,11.96,106399.171875
IV_IV_VL2,24.30,106399.171875
VA_VA_VL2,24.30,106399.171875
VA_N_VL2,24.32,106399.171875
N_VA_VL2,24.39,106399.171875
VA_IV_VL2,24.49,106399.171875
IV_N_VL2,24.51,106399.171875
N_N_VL2,24.58,106399.171875
N_IV_VL2,24.61,106399.171875
IV_VA_VL2,24.62,106399.171875
IV_N_VL4,24.66,106399.171875
VA_VA_VL4,24.67,106399.171875
IV_IV_VL4,24.76,106399.171875
VA_N_VL4,24.92,106399.171875
N_N_VL4,24.96,106399.171875
IV_VA_VL4,25.00,106399.171875
VA_IV_VL4,25.09,106399.171875
N_VA_VL4,25.11,106399.171875
N_IV_VL4,25.15,106399.171875
IV_VA_VL8,26.27,106399.171875
IV_N_VL8,26.41,106399.171875
N_IV_VL8,26.43,106399.171875
VA_VA_VL8,26.47,106399.171875
N_N_VL8,26.48,106399.171875
VA_IV_VL8,26.53,106399.171875
VA_N_VL8,26.56,106399.171875
IV_IV_VL8,26.67,106399.171875
N_VA_VL8,26.67,106399.171875
