IV_VA_VL8,2.48,65536.000000
N_VA_VL8,2.48,65536.000000
IV_IV_VL8,2.49,65536.000000
IV_N_VL8,2.49,65536.000000
VA_IV_VL8,2.49,65536.000000
VL2_IV_VL8,2.49,65536.000000
VL2_N_VL8,2.49,65536.000000
VL2_VA_VL8,2.49,65536.000000
N_IV_VL8,2.50,65536.000000
N_N_VL8,2.50,65536.000000
VA_N_VL8,2.50,65536.000000
VA_VA_VL8,2.50,65536.000000
VL4_IV_VL8,2.50,65536.000000
VL4_N_VL8,2.50,65536.000000
VL4_VA_VL8,2.50,65536.000000
VL8_N_VL8,2.50,65536.000000
VL8_VA_VL8,2.50,65536.000000
VL8_IV_VL8,2.52,65536.000000
VL4_VA_IV,3.35,65536.000000
N_N_N,3.36,65536.000000
VA_IV_N,3.36,65536.000000
IV_N_N,3.37,65536.000000
IV_IV_VA,3.38,65536.000000
N_VA_N,3.38,65536.000000
VL4_IV_N,3.38,65536.000000
VL8_IV_N,3.38,65536.000000
VL8_IV_VA,3.38,65536.000000
VL8_N_VA,3.38,65536.000000
IV_N_IV,3.39,65536.000000
N_N_VA,3.39,65536.000000
VA_IV_VA,3.39,65536.000000
VA_VA_N,3.39,65536.000000
VL2_N_VA,3.39,65536.000000
VL2_VA_IV,3.39,65536.000000
VL4_IV_IV,3.39,65536.000000
VL4_VA_N,3.39,65536.000000
VL4_VA_VA,3.39,65536.000000
VL8_N_IV,3.39,65536.000000
IV_IV_IV,3.40,65536.000000
IV_IV_N,3.40,65536.000000
IV_N_VA,3.40,65536.000000
N_N_IV,3.40,65536.000000
N_VA_VA,3.40,65536.000000
VA_N_IV,3.40,65536.000000
VA_VA_VA,3.40,65536.000000
VL2_IV_VA,3.40,65536.000000
VL2_VA_N,3.40,65536.000000
VL4_N_IV,3.40,65536.000000
VL4_N_N,3.40,65536.000000
VL8_IV_IV,3.40,65536.000000
VL8_VA_IV,3.40,65536.000000
IV_VA_VA,3.41,65536.000000
N_IV_IV,3.41,65536.000000
N_IV_N,3.41,65536.000000
N_VA_IV,3.41,65536.000000
VA_IV_IV,3.41,65536.000000
VL4_N_VA,3.41,65536.000000
IV_VA_IV,3.42,65536.000000
VA_N_N,3.42,65536.000000
VL2_IV_IV,3.42,65536.000000
VL2_N_IV,3.42,65536.000000
VL2_N_N,3.42,65536.000000
VL4_IV_VA,3.42,65536.000000
VL8_N_N,3.42,65536.000000
IV_VA_N,3.43,65536.000000
N_IV_VA,3.43,65536.000000
VL2_VA_VA,3.44,65536.000000
VA_VA_IV,3.45,65536.000000
VL8_VA_N,3.45,65536.000000
VL8_VA_VA,3.45,65536.000000
VA_N_VA,3.47,65536.000000
VL2_IV_N,3.47,65536.000000
IV_VL4_VL8,3.50,65536.000000
VL4_VL4_VL8,3.50,65536.000000
IV_VL4_VL4,3.51,65536.000000
VL8_VL4_VL2,3.51,65536.000000
N_VL4_VA,3.52,65536.000000
VL2_VL4_VL8,3.52,65536.000000
IV_VL4_VL2,3.53,65536.000000
N_VL4_IV,3.53,65536.000000
N_VL4_VL2,3.53,65536.000000
N_VL4_VL8,3.53,65536.000000
VL8_VL4_VA,3.53,65536.000000
VL8_VL4_VL4,3.53,65536.000000
IV_VL4_IV,3.54,65536.000000
IV_VL4_N,3.54,65536.000000
VA_VL4_IV,3.54,65536.000000
VA_VL4_VL2,3.54,65536.000000
VL2_VL4_VA,3.54,65536.000000
VL4_VL4_VA,3.54,65536.000000
VL8_VL4_N,3.54,65536.000000
IV_VL4_VA,3.55,65536.000000
VA_VL4_VL8,3.55,65536.000000
VL2_VL4_VL2,3.55,65536.000000
VL4_VL4_IV,3.55,65536.000000
VL4_VL4_VL2,3.55,65536.000000
VL8_VL4_VL8,3.55,65536.000000
N_VL4_N,3.56,65536.000000
N_VL4_VL4,3.56,65536.000000
VA_VL4_VA,3.56,65536.000000
VL2_VL4_IV,3.56,65536.000000
VL8_VL4_IV,3.56,65536.000000
VA_VL4_VL4,3.57,65536.000000
VL2_VL4_N,3.57,65536.000000
VL2_VL4_VL4,3.57,65536.000000
VL4_VL4_N,3.57,65536.000000
VL4_VL4_VL4,3.57,65536.000000
VA_VL4_N,3.58,65536.000000
VL8_VA_VL4,4.18,65536.000000
VL2_N_VL4,4.20,65536.000000
IV_VA_VL4,4.21,65536.000000
VA_IV_VL4,4.21,65536.000000
VA_VA_VL4,4.21,65536.000000
VL2_IV_VL4,4.21,65536.000000
VL2_VA_VL4,4.21,65536.000000
VL4_IV_VL4,4.21,65536.000000
VL4_N_VL4,4.21,65536.000000
VL4_VA_VL4,4.21,65536.000000
VL8_IV_VL4,4.21,65536.000000
VL8_N_VL4,4.21,65536.000000
IV_IV_VL4,4.22,65536.000000
N_IV_VL4,4.22,65536.000000
N_N_VL4,4.22,65536.000000
N_VA_VL4,4.22,65536.000000
IV_N_VL4,4.23,65536.000000
VA_N_VL4,4.24,65536.000000
VL2_VL8_VL8,5.00,65536.000000
VL2_VL8_IV,5.03,65536.000000
VL2_VL8_VL4,5.03,65536.000000
VL2_VL8_N,5.04,65536.000000
VL2_VL8_VA,5.04,65536.000000
VL4_VL8_VL8,5.04,65536.000000
VL8_VL8_VL4,5.04,65536.000000
VL8_VL8_VL8,5.04,65536.000000
IV_VL8_N,5.05,65536.000000
N_VL8_VL2,5.05,65536.000000
IV_VL8_IV,5.07,65536.000000
N_VL8_IV,5.07,65536.000000
VL4_VL8_VL4,5.07,65536.000000
VL8_VL8_IV,5.07,65536.000000
IV_VL8_VL8,5.08,65536.000000
N_VL8_N,5.08,65536.000000
VA_VL8_IV,5.08,65536.000000
VA_VL8_N,5.08,65536.000000
VA_VL8_VL4,5.08,65536.000000
VA_VL8_VL8,5.08,65536.000000
VL2_VL8_VL2,5.08,65536.000000
VL4_VL8_IV,5.08,65536.000000
IV_VL8_VL4,5.09,65536.000000
N_VL8_VA,5.09,65536.000000
N_VL8_VL4,5.09,65536.000000
VL4_VL8_VL2,5.09,65536.000000
VL8_VL8_N,5.09,65536.000000
VA_VL8_VL2,5.10,65536.000000
VL8_VL8_VA,5.10,65536.000000
VA_VL8_VA,5.11,65536.000000
VL4_VL8_VA,5.11,65536.000000
N_VL8_VL8,5.12,65536.000000
VL8_VL8_VL2,5.12,65536.000000
IV_VL8_VL2,5.13,65536.000000
IV_VL8_VA,5.14,65536.000000
VL4_VL8_N,5.14,65536.000000
VL8_VL2_VL8,5.81,65536.000000
VL4_VL2_VL4,5.83,65536.000000
N_VL2_IV,5.84,65536.000000
N_VL2_N,5.84,65536.000000
VA_VL2_IV,5.84,65536.000000
VL8_VL2_IV,5.84,65536.000000
VL8_VL2_N,5.84,65536.000000
N_VL2_VL4,5.85,65536.000000
VA_VL2_VL4,5.85,65536.000000
VA_VL2_VL8,5.85,65536.000000
VL2_VL2_VA,5.85,65536.000000
VL4_VL2_VL2,5.85,65536.000000
IV_VL2_IV,5.86,65536.000000
VL2_VL2_VL8,5.86,65536.000000
IV_VL2_VA,5.87,65536.000000
IV_VL2_VL4,5.87,65536.000000
IV_VL2_VL8,5.87,65536.000000
N_VL2_VL2,5.87,65536.000000
VA_VL2_VL2,5.87,65536.000000
VL2_VL2_IV,5.87,65536.000000
VL4_VL2_VA,5.87,65536.000000
VL4_VL2_VL8,5.87,65536.000000
VL8_VL2_VL4,5.87,65536.000000
N_VL2_VL8,5.88,65536.000000
VA_VL2_VA,5.88,65536.000000
VL2_VL2_VL2,5.88,65536.000000
VL8_VL2_VL2,5.88,65536.000000
IV_VL2_VL2,5.89,65536.000000
N_VL2_VA,5.89,65536.000000
VL2_VL2_N,5.89,65536.000000
VL4_VL2_IV,5.89,65536.000000
VL4_VL2_N,5.89,65536.000000
VA_VL2_N,5.90,65536.000000
VL8_VL2_VA,5.91,65536.000000
VL2_VL2_VL4,5.92,65536.000000
IV_VL2_N,5.93,65536.000000
VL2_VA_VL2,8.15,65536.000000
VL8_N_VL2,8.18,65536.000000
VA_N_VL2,8.19,65536.000000
VL8_VA_VL2,8.20,65536.000000
VA_VA_VL2,8.21,65536.000000
VL4_VA_VL2,8.21,65536.000000
IV_N_VL2,8.22,65536.000000
IV_VA_VL2,8.22,65536.000000
N_IV_VL2,8.22,65536.000000
VA_IV_VL2,8.23,65536.000000
VL4_IV_VL2,8.23,65536.000000
VL8_IV_VL2,8.23,65536.000000
VL2_IV_VL2,8.24,65536.000000
N_N_VL2,8.25,65536.000000
VL2_N_VL2,8.25,65536.000000
IV_IV_VL2,8.26,65536.000000
VL4_N_VL2,8.27,65536.000000
N_VA_VL2,8.31,65536.000000
