VL8_IV_VL8_VL2,5.89,504911.812500
VL8_IV_N_VA,5.90,504911.812500
VL8_IV_VA_VL4,5.90,504911.812500
VL8_IV_VL4_VL8,5.90,504911.812500
VL8_IV_VL8_VA,5.90,504911.812500
VL8_N_VL4_VL4,5.90,504911.812500
VL8_VA_IV_VL8,5.90,504911.812500
VL8_VL2_IV_VL2,5.90,504911.812500
VL8_VL2_N_N,5.90,504911.812500
VL8_IV_VA_VA,5.91,504911.812500
VL8_N_IV_VA,5.91,504911.812500
VL8_N_IV_VL2,5.91,504911.812500
VL8_N_VL2_N,5.91,504911.812500
VL8_VA_IV_VA,5.91,504911.812500
VL8_VA_VL2_VL4,5.91,504911.812500
VL8_VL2_N_VL2,5.91,504911.812500
VL8_VL2_VL4_IV,5.91,504911.812500
VL8_VL2_VL4_VL8,5.91,504911.812500
VL8_VL2_VL8_VL4,5.91,504911.812500
VL8_VL4_VL2_N,5.91,504911.812500
VL8_VL8_VA_IV,5.91,504911.812500
VL8_IV_IV_VL4,5.92,504911.812500
VL8_IV_N_IV,5.92,504911.812500
VL8_IV_VA_IV,5.92,504911.812500
VL8_IV_VA_N,5.92,504911.812500
VL8_IV_VL8_N,5.92,504911.812500
VL8_N_VA_IV,5.92,504911.812500
VL8_N_VA_VL4,5.92,504911.812500
VL8_N_VL2_IV,5.92,504911.812500
VL8_N_VL2_VL4,5.92,504911.812500
VL8_N_VL4_IV,5.92,504911.812500
VL8_N_VL4_N,5.92,504911.812500
VL8_N_VL4_VA,5.92,504911.812500
VL8_N_VL4_VL2,5.92,504911.812500
VL8_N_VL4_VL8,5.92,504911.812500
VL8_N_VL8_VA,5.92,504911.812500
VL8_N_VL8_VL2,5.92,504911.812500
VL8_VA_IV_VL2,5.92,504911.812500
VL8_VA_VL2_VL2,5.92,504911.812500
VL8_VA_VL4_VA,5.92,504911.812500
VL8_VA_VL4_VL2,5.92,504911.812500
VL8_VA_VL4_VL8,5.92,504911.812500
VL8_VA_VL8_VA,5.92,504911.812500
VL8_VA_VL8_VL4,5.92,504911.812500
VL8_VA_VL8_VL8,5.92,504911.812500
VL8_VL2_IV_IV,5.92,504911.812500
VL8_VL2_IV_VA,5.92,504911.812500
VL8_VL2_N_VL8,5.92,504911.812500
VL8_VL2_VL2_VL2,5.92,504911.812500
VL8_VL2_VL4_VL2,5.92,504911.812500
VL8_VL4_IV_VL8,5.92,504911.812500
VL8_VL4_VA_VL2,5.92,504911.812500
VL8_VL4_VL2_IV,5.92,504911.812500
VL8_VL4_VL2_VA,5.92,504911.812500
VL8_VL4_VL2_VL2,5.92,504911.812500
VL8_VL4_VL4_N,5.92,504911.812500
VL8_VL8_IV_VL2,5.92,504911.812500
VL8_IV_IV_VL8,5.93,504911.812500
VL8_IV_N_VL8,5.93,504911.812500
VL8_IV_VL2_VL8,5.93,504911.812500
VL8_IV_VL4_N,5.93,504911.812500
VL8_IV_VL4_VA,5.93,504911.812500
VL8_IV_VL8_VL8,5.93,504911.812500
VL8_N_IV_IV,5.93,504911.812500
VL8_N_VA_VL2,5.93,504911.812500
VL8_N_VL2_VA,5.93,504911.812500
VL8_N_VL8_N,5.93,504911.812500
VL8_N_VL8_VL8,5.93,504911.812500
VL8_VA_IV_IV,5.93,504911.812500
VL8_VA_IV_VL4,5.93,504911.812500
VL8_VA_N_VL8,5.93,504911.812500
VL8_VA_VL2_N,5.93,504911.812500
VL8_VA_VL4_N,5.93,504911.812500
VL8_VA_VL4_VL4,5.93,504911.812500
VL8_VA_VL8_IV,5.93,504911.812500
VL8_VA_VL8_VL2,5.93,504911.812500
VL8_VL2_IV_N,5.93,504911.812500
VL8_VL2_N_IV,5.93,504911.812500
VL8_VL2_N_VL4,5.93,504911.812500
VL8_VL2_VA_IV,5.93,504911.812500
VL8_VL2_VA_VL2,5.93,504911.812500
VL8_VL2_VL2_N,5.93,504911.812500
VL8_VL2_VL2_VA,5.93,504911.812500
VL8_VL2_VL2_VL8,5.93,504911.812500
VL8_VL4_IV_N,5.93,504911.812500
VL8_VL4_VL8_VL4,5.93,504911.812500
VL8_IV_VL2_VL2,5.94,504911.812500
VL8_N_VL2_VL2,5.94,504911.812500
VL8_N_VL8_VL4,5.94,504911.812500
VL8_VA_N_IV,5.94,504911.812500
VL8_VA_N_VA,5.94,504911.812500
VL8_VA_N_VL4,5.94,504911.812500
VL8_VA_VA_IV,5.94,504911.812500
VL8_VA_VA_VA,5.94,504911.812500
VL8_VA_VA_VL2,5.94,504911.812500
VL8_VA_VL8_N,5.94,504911.812500
VL8_VL2_VL2_IV,5.94,504911.812500
VL8_VL4_VL2_VL8,5.94,504911.812500
VL8_VL4_VL4_IV,5.94,504911.812500
VL8_VL4_VL8_VA,5.94,504911.812500
VL8_VL4_VL8_VL8,5.94,504911.812500
VL8_VL8_IV_IV,5.94,504911.812500
VL8_VL8_N_N,5.94,504911.812500
VL8_VL8_N_VL8,5.94,504911.812500
VL8_VL8_VA_VA,5.94,504911.812500
VL8_VL8_VA_VL2,5.94,504911.812500
VL8_VL8_VL2_VA,5.94,504911.812500
VL8_IV_IV_VA,5.95,504911.812500
VL8_IV_N_VL2,5.95,504911.812500
VL8_IV_VL4_IV,5.95,504911.812500
VL8_IV_VL8_IV,5.95,504911.812500
VL8_IV_VL8_VL4,5.95,504911.812500
VL8_N_IV_N,5.95,504911.812500
VL8_N_IV_VL8,5.95,504911.812500
VL8_N_N_VA,5.95,504911.812500
VL8_N_N_VL8,5.95,504911.812500
VL8_N_VL8_IV,5.95,504911.812500
VL8_VA_N_VL2,5.95,504911.812500
VL8_VA_VL2_IV,5.95,504911.812500
VL8_VA_VL2_VA,5.95,504911.812500
VL8_VA_VL2_VL8,5.95,504911.812500
VL8_VL2_IV_VL8,5.95,504911.812500
VL8_VL2_VA_VA,5.95,504911.812500
VL8_VL2_VL8_VA,5.95,504911.812500
VL8_VL4_IV_VA,5.95,504911.812500
VL8_VL4_IV_VL4,5.95,504911.812500
VL8_VL4_VA_N,5.95,504911.812500
VL8_VL4_VL4_VL2,5.95,504911.812500
VL8_VL8_IV_N,5.95,504911.812500
VL8_VL8_N_VL2,5.95,504911.812500
VL8_VL8_VL2_VL2,5.95,504911.812500
VL8_IV_N_N,5.96,504911.812500
VL8_IV_VA_VL2,5.96,504911.812500
VL8_IV_VL4_VL2,5.96,504911.812500
VL8_N_VA_N,5.96,504911.812500
VL8_N_VA_VA,5.96,504911.812500
VL8_N_VA_VL8,5.96,504911.812500
VL8_VA_VA_N,5.96,504911.812500
VL8_VA_VA_VL8,5.96,504911.812500
VL8_VA_VL4_IV,5.96,504911.812500
VL8_VL2_IV_VL4,5.96,504911.812500
VL8_VL2_VA_VL4,5.96,504911.812500
VL8_VL2_VA_VL8,5.96,504911.812500
VL8_VL2_VL4_VL4,5.96,504911.812500
VL8_VL4_N_N,5.96,504911.812500
VL8_VL4_N_VL2,5.96,504911.812500
VL8_VL4_VA_VL8,5.96,504911.812500
VL8_VL4_VL4_VL4,5.96,504911.812500
VL8_VL8_IV_VL4,5.96,504911.812500
VL8_VL8_IV_VL8,5.96,504911.812500
VL8_VL8_N_VL4,5.96,504911.812500
VL8_VL8_VA_VL4,5.96,504911.812500
VL8_VL8_VL2_IV,5.96,504911.812500
VL8_VL8_VL2_N,5.96,504911.812500
VL8_IV_IV_IV,5.97,504911.812500
VL8_IV_IV_VL2,5.97,504911.812500
VL8_IV_VA_VL8,5.97,504911.812500
VL8_IV_VL2_N,5.97,504911.812500
VL8_IV_VL2_VL4,5.97,504911.812500
VL8_IV_VL4_VL4,5.97,504911.812500
VL8_N_IV_VL4,5.97,504911.812500
VL8_N_N_IV,5.97,504911.812500
VL8_N_N_VL4,5.97,504911.812500
VL8_N_VL2_VL8,5.97,504911.812500
VL8_VA_N_N,5.97,504911.812500
VL8_VA_VA_VL4,5.97,504911.812500
VL8_VL2_N_VA,5.97,504911.812500
VL8_VL2_VL4_N,5.97,504911.812500
VL8_VL2_VL8_N,5.97,504911.812500
VL8_VL2_VL8_VL2,5.97,504911.812500
VL8_VL4_IV_VL2,5.97,504911.812500
VL8_VL4_N_VA,5.97,504911.812500
VL8_VL4_N_VL8,5.97,504911.812500
VL8_VL4_VA_IV,5.97,504911.812500
VL8_VL4_VA_VA,5.97,504911.812500
VL8_VL4_VL4_VA,5.97,504911.812500
VL8_VL4_VL4_VL8,5.97,504911.812500
VL8_VL4_VL8_N,5.97,504911.812500
VL8_VL4_VL8_VL2,5.97,504911.812500
VL8_VL8_IV_VA,5.97,504911.812500
VL8_IV_IV_N,5.98,504911.812500
VL8_IV_N_VL4,5.98,504911.812500
VL8_IV_VL2_IV,5.98,504911.812500
VL8_IV_VL2_VA,5.98,504911.812500
VL8_N_N_N,5.98,504911.812500
VL8_N_N_VL2,5.98,504911.812500
VL8_VL2_VA_N,5.98,504911.812500
VL8_VL2_VL4_VA,5.98,504911.812500
VL8_VL2_VL8_VL8,5.98,504911.812500
VL8_VL4_IV_IV,5.98,504911.812500
VL8_VL4_N_IV,5.98,504911.812500
VL8_VL4_VA_VL4,5.98,504911.812500
VL8_VL4_VL8_IV,5.98,504911.812500
VL8_VL8_N_IV,5.98,504911.812500
VL8_VL8_N_VA,5.98,504911.812500
VL8_VL8_VA_N,5.98,504911.812500
VL8_VL8_VL2_VL4,5.98,504911.812500
VL8_VL8_VL2_VL8,5.98,504911.812500
VL8_VL2_VL2_VL4,5.99,504911.812500
VL8_VL4_N_VL4,5.99,504911.812500
VL8_VL4_VL2_VL4,5.99,504911.812500
VL8_VL8_VA_VL8,5.99,504911.812500
VL8_VL8_VL8_IV,5.99,504911.812500
VL8_VA_IV_N,6.00,504911.812500
VL8_VL8_VL8_N,6.00,504911.812500
VL8_VL2_VL8_IV,6.01,504911.812500
VL8_VL8_VL4_VL8,6.01,504911.812500
VL8_VL8_VL4_N,6.03,504911.812500
VL8_VL8_VL4_VL4,6.03,504911.812500
VL8_VL8_VL4_VA,6.04,504911.812500
VL8_VL8_VL4_VL2,6.04,504911.812500
VL8_VL8_VL4_IV,6.13,504911.812500
VL8_VL8_VL8_VL8,6.26,504911.812500
VL8_VL8_VL8_VA,6.30,504911.812500
VL8_VL8_VL8_VL4,6.43,504911.812500
VL8_VL8_VL8_VL2,6.49,504911.812500
N_IV_N_N,7.70,504911.812500
N_N_IV_IV,7.71,504911.812500
N_N_IV_N,7.72,504911.812500
N_N_N_N,7.72,504911.812500
IV_N_IV_IV,7.73,504911.812500
IV_N_N_N,7.73,504911.812500
N_N_N_IV,7.73,504911.812500
IV_N_N_IV,7.74,504911.812500
N_IV_IV_N,7.74,504911.812500
N_IV_N_IV,7.74,504911.812500
IV_N_IV_N,7.75,504911.812500
N_IV_IV_IV,7.85,504911.812500
IV_IV_IV_N,8.06,504911.812500
IV_IV_N_IV,8.16,504911.812500
IV_VL8_VA_N,8.34,504911.812500
IV_VL8_IV_N,8.35,504911.812500
IV_VL8_N_N,8.35,504911.812500
IV_VL8_N_VA,8.35,504911.812500
IV_VL8_VA_VA,8.36,504911.812500
IV_IV_N_N,8.37,504911.812500
IV_VL8_IV_VA,8.37,504911.812500
IV_VL8_VA_IV,8.38,504911.812500
IV_VL8_N_IV,8.39,504911.812500
IV_VL8_IV_IV,8.42,504911.812500
IV_IV_IV_IV,8.50,504911.812500
VA_VL8_IV_VL4,9.17,504911.812500
VA_VL8_VA_VL8,9.17,504911.812500
VA_VL8_N_IV,9.18,504911.812500
VA_VL8_N_VL8,9.18,504911.812500
VA_VL8_IV_IV,9.19,504911.812500
VA_VL8_N_N,9.19,504911.812500
VA_VL8_N_VA,9.19,504911.812500
VA_VL8_VA_N,9.19,504911.812500
VA_VL8_VA_VL4,9.19,504911.812500
VA_VL8_VL4_VA,9.19,504911.812500
VA_VL8_VL4_VL2,9.19,504911.812500
IV_VL8_VL2_IV,9.20,504911.812500
VA_VL8_IV_N,9.20,504911.812500
VA_VL8_VA_IV,9.20,504911.812500
VA_VL8_VA_VL2,9.20,504911.812500
VA_VL8_VL4_IV,9.20,504911.812500
VA_VL8_VL4_N,9.20,504911.812500
VA_VL8_VL8_VL8,9.20,504911.812500
IV_VL8_VA_VL4,9.21,504911.812500
IV_VL8_VL2_N,9.21,504911.812500
IV_VL8_VL2_VL4,9.21,504911.812500
IV_VL8_VL2_VL8,9.21,504911.812500
IV_VL8_VL4_VA,9.21,504911.812500
VA_VL8_IV_VA,9.21,504911.812500
VA_VL8_VL2_VA,9.21,504911.812500
VA_VL8_VL2_VL2,9.21,504911.812500
VA_VL8_VL8_VA,9.21,504911.812500
IV_VL8_N_VL8,9.22,504911.812500
IV_VL8_VA_VL2,9.22,504911.812500
IV_VL8_VL4_VL4,9.22,504911.812500
VA_VL8_VL8_VL4,9.22,504911.812500
IV_VL8_IV_VL8,9.23,504911.812500
IV_VL8_N_VL4,9.23,504911.812500
IV_VL8_VL2_VL2,9.23,504911.812500
IV_VL8_VL8_VA,9.23,504911.812500
IV_VL8_VL8_VL8,9.23,504911.812500
VA_VL8_IV_VL2,9.23,504911.812500
VA_VL8_VL2_VL8,9.23,504911.812500
VA_VL8_VL4_VL4,9.23,504911.812500
IV_VL8_VL4_IV,9.24,504911.812500
IV_VL8_VL4_N,9.24,504911.812500
IV_VL8_VL8_IV,9.24,504911.812500
IV_VL8_VL8_N,9.24,504911.812500
IV_VL8_VL8_VL2,9.24,504911.812500
VA_VL8_IV_VL8,9.24,504911.812500
VA_VL8_VA_VA,9.24,504911.812500
VA_VL8_VL4_VL8,9.24,504911.812500
IV_VL8_IV_VL2,9.25,504911.812500
IV_VL8_VL2_VA,9.25,504911.812500
IV_VL8_VL4_VL8,9.25,504911.812500
VA_VL8_N_VL2,9.25,504911.812500
VA_VL8_VL8_IV,9.25,504911.812500
VA_VL8_VL8_N,9.25,504911.812500
IV_VL8_VL8_VL4,9.26,504911.812500
VA_VL8_N_VL4,9.26,504911.812500
VA_VL8_VL2_IV,9.26,504911.812500
VA_VL8_VL2_N,9.26,504911.812500
IV_VL8_IV_VL4,9.27,504911.812500
IV_VL8_N_VL2,9.27,504911.812500
IV_VL8_VA_VL8,9.27,504911.812500
IV_VL8_VL4_VL2,9.27,504911.812500
N_VL8_VA_IV,9.27,504911.812500
VA_VL8_VL2_VL4,9.27,504911.812500
N_VL8_IV_VL8,9.28,504911.812500
N_VL8_VA_VA,9.28,504911.812500
N_VL8_VA_VL4,9.28,504911.812500
N_VL8_VL4_IV,9.28,504911.812500
N_VL8_VL4_VL2,9.28,504911.812500
VA_VL8_VL8_VL2,9.28,504911.812500
N_VL8_IV_VA,9.29,504911.812500
N_VL8_N_VA,9.29,504911.812500
N_VL8_VA_VL8,9.29,504911.812500
N_VL8_VL2_VL4,9.29,504911.812500
N_VL8_VL2_VL8,9.29,504911.812500
N_VL8_VL8_IV,9.29,504911.812500
N_VL8_VL8_N,9.29,504911.812500
N_VL8_VL8_VA,9.29,504911.812500
N_VL8_N_VL2,9.30,504911.812500
N_VL8_N_VL8,9.30,504911.812500
N_VL8_VA_N,9.30,504911.812500
N_VL8_VA_VL2,9.30,504911.812500
N_VL8_VL4_N,9.30,504911.812500
N_VL8_VL4_VL8,9.30,504911.812500
N_VL8_VL8_VL2,9.30,504911.812500
N_VL8_IV_IV,9.31,504911.812500
N_VL8_IV_VL4,9.31,504911.812500
N_VL8_VL2_VA,9.31,504911.812500
N_VL8_VL2_VL2,9.31,504911.812500
N_VL8_VL8_VL4,9.31,504911.812500
N_VL8_IV_VL2,9.32,504911.812500
N_VL8_N_VL4,9.32,504911.812500
N_VL8_VL2_N,9.32,504911.812500
N_VL8_VL4_VA,9.32,504911.812500
N_VL8_VL2_IV,9.33,504911.812500
N_VL8_VL4_VL4,9.33,504911.812500
N_VL8_VL8_VL8,9.33,504911.812500
N_VL8_N_IV,9.34,504911.812500
N_VL8_N_N,9.35,504911.812500
N_VL8_IV_N,9.37,504911.812500
IV_N_VA_N,10.61,504911.812500
IV_N_VA_IV,10.63,504911.812500
N_IV_VA_N,10.64,504911.812500
N_N_VA_N,10.64,504911.812500
N_N_VA_IV,10.66,504911.812500
VL4_VA_IV_VA,10.74,504911.812500
VL4_VL2_VL2_VL4,10.75,504911.812500
VL4_IV_N_N,10.76,504911.812500
VL4_VL2_N_N,10.76,504911.812500
VL4_VL2_VL4_VL2,10.76,504911.812500
VL4_IV_N_VL2,10.77,504911.812500
VL4_VL4_VL4_VA,10.77,504911.812500
VL4_IV_VL8_VA,10.78,504911.812500
VL4_N_VL8_VL4,10.78,504911.812500
VL4_VA_IV_VL8,10.78,504911.812500
VL4_VA_VL4_VA,10.78,504911.812500
VL4_VL4_VL8_VA,10.78,504911.812500
VL4_VL8_IV_N,10.78,504911.812500
VL4_VL8_VL8_N,10.78,504911.812500
VL4_VA_VL2_VL2,10.79,504911.812500
VL4_VL4_VL8_VL4,10.79,504911.812500
VL4_VL8_IV_VL8,10.79,504911.812500
VL4_VL8_VL8_VA,10.79,504911.812500
VL4_VL2_IV_VL4,10.80,504911.812500
VL4_VL2_N_IV,10.80,504911.812500
VL4_VL4_N_N,10.80,504911.812500
VL4_VL4_N_VL2,10.80,504911.812500
VL4_VL4_VL8_N,10.80,504911.812500
VL4_VL8_VA_VA,10.80,504911.812500
VL4_VL8_VL2_VA,10.80,504911.812500
N_IV_VA_IV,10.81,504911.812500
VL4_IV_N_VL4,10.81,504911.812500
VL4_N_VA_N,10.81,504911.812500
VL4_VL2_IV_VL8,10.81,504911.812500
VL4_VL2_N_VL8,10.81,504911.812500
VL4_VL8_VL2_IV,10.81,504911.812500
VL4_IV_VA_IV,10.82,504911.812500
VL4_IV_VL2_VL8,10.82,504911.812500
VL4_IV_VL4_VL2,10.82,504911.812500
VL4_N_IV_VL8,10.82,504911.812500
VL4_N_VL4_IV,10.82,504911.812500
VL4_N_VL4_VA,10.82,504911.812500
VL4_VA_VL2_VA,10.82,504911.812500
VL4_VA_VL4_VL8,10.82,504911.812500
VL4_VL2_VL2_VL2,10.82,504911.812500
VL4_VL4_VA_VL2,10.82,504911.812500
VL4_VL8_VA_N,10.82,504911.812500
VL4_VL8_VL4_VL4,10.82,504911.812500
VL4_VL8_VL8_IV,10.82,504911.812500
VL4_IV_N_VA,10.83,504911.812500
VL4_IV_N_VL8,10.83,504911.812500
VL4_IV_VL4_VL4,10.83,504911.812500
VL4_IV_VL8_VL8,10.83,504911.812500
VL4_N_VA_IV,10.83,504911.812500
VL4_N_VA_VA,10.83,504911.812500
VL4_N_VA_VL2,10.83,504911.812500
VL4_N_VA_VL4,10.83,504911.812500
VL4_VA_VL2_VL4,10.83,504911.812500
VL4_VL2_VA_VA,10.83,504911.812500
VL4_VL2_VL4_VL4,10.83,504911.812500
VL4_VL4_VA_VL8,10.83,504911.812500
VL4_VL4_VL2_VA,10.83,504911.812500
VL4_VL8_N_N,10.83,504911.812500
VL4_VL8_VA_IV,10.83,504911.812500
VL4_VL8_VL2_VL4,10.83,504911.812500
VL4_IV_IV_VL2,10.84,504911.812500
VL4_VA_N_IV,10.84,504911.812500
VL4_VA_VL2_VL8,10.84,504911.812500
VL4_VA_VL8_N,10.84,504911.812500
VL4_VL2_N_VA,10.84,504911.812500
VL4_VL2_VA_VL2,10.84,504911.812500
VL4_VL2_VL4_VA,10.84,504911.812500
VL4_VL2_VL4_VL8,10.84,504911.812500
VL4_VL4_VL4_VL4,10.84,504911.812500
VL4_VL8_IV_VA,10.84,504911.812500
VL4_VL8_IV_VL2,10.84,504911.812500
VL4_VL8_VA_VL4,10.84,504911.812500
VL4_VL8_VL2_VL8,10.84,504911.812500
VL4_VL8_VL8_VL8,10.84,504911.812500
VL4_IV_IV_VL8,10.85,504911.812500
VL4_IV_VL4_IV,10.85,504911.812500
VL4_IV_VL4_N,10.85,504911.812500
VL4_IV_VL8_IV,10.85,504911.812500
VL4_N_IV_N,10.85,504911.812500
VL4_VA_VA_IV,10.85,504911.812500
VL4_VL2_VL8_VL8,10.85,504911.812500
VL4_VL4_IV_IV,10.85,504911.812500
VL4_VL4_VL2_IV,10.85,504911.812500
VL4_VL8_N_VL2,10.85,504911.812500
VL4_VL8_VL8_VL4,10.85,504911.812500
VL4_IV_VA_VA,10.86,504911.812500
VL4_IV_VA_VL2,10.86,504911.812500
VL4_N_IV_VL4,10.86,504911.812500
VL4_VA_IV_IV,10.86,504911.812500
VL4_VL2_VL2_VL8,10.86,504911.812500
VL4_VL2_VL8_IV,10.86,504911.812500
VL4_VL4_VL8_VL8,10.86,504911.812500
VL4_VL8_VA_VL8,10.86,504911.812500
VL4_VL8_VL4_VA,10.86,504911.812500
VL4_IV_VA_N,10.87,504911.812500
VL4_IV_VL4_VL8,10.87,504911.812500
VL4_IV_VL8_N,10.87,504911.812500
VL4_IV_VL8_VL4,10.87,504911.812500
VL4_N_VA_VL8,10.87,504911.812500
VL4_N_VL2_N,10.87,504911.812500
VL4_N_VL8_N,10.87,504911.812500
VL4_N_VL8_VA,10.87,504911.812500
VL4_VA_IV_N,10.87,504911.812500
VL4_VA_VL2_IV,10.87,504911.812500
VL4_VA_VL4_IV,10.87,504911.812500
VL4_VL2_IV_VL2,10.87,504911.812500
VL4_VL2_N_VL2,10.87,504911.812500
VL4_VL2_VL2_IV,10.87,504911.812500
VL4_VL2_VL4_IV,10.87,504911.812500
VL4_VL2_VL4_N,10.87,504911.812500
VL4_VL4_VA_N,10.87,504911.812500
VL4_VL4_VL4_VL8,10.87,504911.812500
VL4_IV_IV_VL4,10.88,504911.812500
VL4_IV_VL4_VA,10.88,504911.812500
VL4_N_IV_IV,10.88,504911.812500
VL4_N_VL2_IV,10.88,504911.812500
VL4_N_VL2_VA,10.88,504911.812500
VL4_N_VL4_VL4,10.88,504911.812500
VL4_VA_N_VL8,10.88,504911.812500
VL4_VA_VA_VL2,10.88,504911.812500
VL4_VA_VL4_N,10.88,504911.812500
VL4_VL2_IV_N,10.88,504911.812500
VL4_VL2_VA_N,10.88,504911.812500
VL4_VL2_VA_VL8,10.88,504911.812500
VL4_VL4_IV_VA,10.88,504911.812500
VL4_VL4_IV_VL4,10.88,504911.812500
VL4_VL4_VA_VA,10.88,504911.812500
VL4_VL4_VA_VL4,10.88,504911.812500
VL4_VL4_VL2_N,10.88,504911.812500
VL4_VL4_VL8_VL2,10.88,504911.812500
VL4_VL8_N_IV,10.88,504911.812500
VL4_VL8_VL4_IV,10.88,504911.812500
VL4_VL8_VL4_VL2,10.88,504911.812500
VL4_VL8_VL4_VL8,10.88,504911.812500
VL4_IV_IV_IV,10.89,504911.812500
VL4_N_VL2_VL8,10.89,504911.812500
VL4_N_VL4_VL8,10.89,504911.812500
VL4_N_VL8_VL8,10.89,504911.812500
VL4_VA_N_VL2,10.89,504911.812500
VL4_VA_VL2_N,10.89,504911.812500
VL4_VA_VL4_VL4,10.89,504911.812500
VL4_VL2_N_VL4,10.89,504911.812500
VL4_VL4_IV_VL2,10.89,504911.812500
VL4_VL8_VL4_N,10.89,504911.812500
VL4_IV_IV_N,10.90,504911.812500
VL4_IV_VA_VL8,10.90,504911.812500
VL4_IV_VL2_VL4,10.90,504911.812500
VL4_IV_VL8_VL2,10.90,504911.812500
VL4_N_VL2_VL4,10.90,504911.812500
VL4_N_VL4_VL2,10.90,504911.812500
VL4_N_VL8_IV,10.90,504911.812500
VL4_VA_IV_VL4,10.90,504911.812500
VL4_VA_VA_VL4,10.90,504911.812500
VL4_VA_VA_VL8,10.90,504911.812500
VL4_VA_VL8_VL4,10.90,504911.812500
VL4_VL2_VL8_N,10.90,504911.812500
VL4_VL4_IV_N,10.90,504911.812500
VL4_VL4_IV_VL8,10.90,504911.812500
VL4_VL4_N_VA,10.90,504911.812500
VL4_VL8_N_VL4,10.90,504911.812500
VL4_VL8_VA_VL2,10.90,504911.812500
VL4_N_IV_VL2,10.91,504911.812500
VL4_N_VL8_VL2,10.91,504911.812500
VL4_VA_IV_VL2,10.91,504911.812500
VL4_VA_N_N,10.91,504911.812500
VL4_VA_N_VA,10.91,504911.812500
VL4_VA_N_VL4,10.91,504911.812500
VL4_VA_VL4_VL2,10.91,504911.812500
VL4_VL4_VL2_VL4,10.91,504911.812500
VL4_VL4_VL4_VL2,10.91,504911.812500
VL4_VL8_VL8_VL2,10.91,504911.812500
VL4_N_IV_VA,10.92,504911.812500
VL4_N_N_N,10.92,504911.812500
VL4_VA_VL8_IV,10.92,504911.812500
VL4_VL4_N_IV,10.92,504911.812500
VL4_VL4_N_VL4,10.92,504911.812500
VL4_VL4_VL4_N,10.92,504911.812500
VL4_VL4_VL8_IV,10.92,504911.812500
VL4_VL8_IV_VL4,10.92,504911.812500
VL4_VL8_VL2_VL2,10.92,504911.812500
VL4_IV_IV_VA,10.93,504911.812500
VL4_IV_VA_VL4,10.93,504911.812500
VL4_IV_VL2_IV,10.93,504911.812500
VL4_N_N_VL8,10.93,504911.812500
VL4_VA_VA_VA,10.93,504911.812500
VL4_VL2_VA_IV,10.93,504911.812500
VL4_VL2_VL2_VA,10.93,504911.812500
VL4_VL4_VA_IV,10.93,504911.812500
VL4_VL8_IV_IV,10.93,504911.812500
VL4_VL2_VL8_VL2,10.94,504911.812500
VL4_IV_VL2_N,10.95,504911.812500
VL4_N_VL2_VL2,10.95,504911.812500
VL4_N_VL4_N,10.95,504911.812500
VL4_VL2_IV_VA,10.95,504911.812500
VL4_VL2_VA_VL4,10.95,504911.812500
VL4_VL2_VL2_N,10.95,504911.812500
VL4_VL8_N_VA,10.95,504911.812500
VL4_VL8_N_VL8,10.95,504911.812500
VL4_IV_VL2_VL2,10.96,504911.812500
VL4_N_N_VA,10.96,504911.812500
VL4_VL2_IV_IV,10.96,504911.812500
VL4_VL4_N_VL8,10.96,504911.812500
VL4_VL8_VL2_N,10.96,504911.812500
VL4_IV_N_IV,10.97,504911.812500
VL4_VL2_VL8_VL4,10.97,504911.812500
VL4_N_N_IV,10.98,504911.812500
VL4_N_N_VL2,10.98,504911.812500
VL4_VA_VA_N,10.99,504911.812500
VL4_VA_VL8_VL2,10.99,504911.812500
VL4_N_N_VL4,11.00,504911.812500
VL4_VA_VL8_VA,11.00,504911.812500
VL4_VA_VL8_VL8,11.00,504911.812500
VL4_VL4_VL2_VL2,11.00,504911.812500
VL4_IV_VL2_VA,11.01,504911.812500
VL4_VL4_VL4_IV,11.01,504911.812500
VL4_VL2_VL8_VA,11.04,504911.812500
VL4_VL4_VL2_VL8,11.08,504911.812500
IV_IV_VA_N,11.55,504911.812500
IV_IV_VA_IV,11.77,504911.812500
IV_VL4_N_IV,12.78,504911.812500
IV_VL4_IV_N,12.87,504911.812500
IV_VL4_VA_VA,12.87,504911.812500
IV_VL4_VA_IV,12.92,504911.812500
IV_VL4_IV_VA,12.94,504911.812500
IV_VL4_VA_N,12.98,504911.812500
IV_VL4_IV_IV,12.99,504911.812500
IV_VL4_N_N,13.12,504911.812500
IV_VL4_N_VA,13.40,504911.812500
IV_VL4_IV_VL8,14.04,504911.812500
VA_VL4_VL2_IV,14.72,504911.812500
VA_VL4_IV_VL4,14.73,504911.812500
VA_VL4_VA_IV,14.73,504911.812500
VA_VL4_VL8_N,14.73,504911.812500
VA_VL4_IV_VL2,14.74,504911.812500
VA_VL4_VA_VL2,14.74,504911.812500
VA_VL4_VL2_N,14.74,504911.812500
VA_VL4_VL8_VL4,14.74,504911.812500
IV_VL4_VL4_VL4,14.75,504911.812500
N_VL4_VL4_IV,14.75,504911.812500
VA_VL4_N_VL4,14.75,504911.812500
VA_VL4_VL4_N,14.75,504911.812500
VA_VL4_VL8_IV,14.75,504911.812500
VA_VL4_VL8_VA,14.75,504911.812500
VA_VL4_IV_IV,14.76,504911.812500
VA_VL4_N_VL8,14.76,504911.812500
VA_VL4_VA_VL8,14.76,504911.812500
VA_VL4_VL2_VL8,14.76,504911.812500
VA_VL4_VL4_VL4,14.76,504911.812500
VA_VL4_VL4_VL8,14.76,504911.812500
VA_VL4_IV_N,14.77,504911.812500
VA_VL4_N_VA,14.77,504911.812500
VA_VL4_VL2_VL2,14.77,504911.812500
VA_VL4_VL4_VA,14.77,504911.812500
VA_VL4_VL8_VL2,14.77,504911.812500
IV_VL4_VL2_VL8,14.78,504911.812500
IV_VL4_VL4_VL2,14.78,504911.812500
VA_VL4_N_IV,14.78,504911.812500
VA_VL4_VL2_VL4,14.78,504911.812500
VA_VL4_VL8_VL8,14.78,504911.812500
IV_VL4_IV_VL4,14.79,504911.812500
IV_VL4_VL8_N,14.79,504911.812500
N_VL4_VL2_N,14.79,504911.812500
IV_VL4_VL2_IV,14.80,504911.812500
N_VL4_IV_IV,14.80,504911.812500
N_VL4_IV_VA,14.80,504911.812500
N_VL4_IV_VL2,14.80,504911.812500
N_VL4_IV_VL4,14.80,504911.812500
N_VL4_VL2_VL2,14.80,504911.812500
N_VL4_VL4_VA,14.80,504911.812500
VA_VL4_N_N,14.80,504911.812500
VA_VL4_VA_VA,14.80,504911.812500
VA_VL4_VL2_VA,14.80,504911.812500
VA_VL4_VL4_VL2,14.80,504911.812500
IV_VL4_IV_VL2,14.81,504911.812500
IV_VL4_N_VL2,14.81,504911.812500
IV_VL4_VA_VL8,14.81,504911.812500
IV_VL4_VL2_N,14.81,504911.812500
IV_VL4_VL2_VL4,14.81,504911.812500
IV_VL4_VL4_VL8,14.81,504911.812500
IV_VL4_N_VL4,14.82,504911.812500
IV_VL4_VL4_N,14.82,504911.812500
N_VL4_IV_N,14.82,504911.812500
N_VL4_N_VL4,14.82,504911.812500
N_VL4_VA_VA,14.82,504911.812500
VA_VL4_VA_N,14.82,504911.812500
IV_VL4_VA_VL2,14.83,504911.812500
IV_VL4_VL2_VL2,14.83,504911.812500
IV_VL4_VL8_VL4,14.83,504911.812500
N_VL4_VA_IV,14.83,504911.812500
N_VL4_VA_N,14.83,504911.812500
N_VL4_VA_VL2,14.83,504911.812500
N_VL4_VL2_VL8,14.83,504911.812500
N_VL4_VL4_N,14.83,504911.812500
VA_VL4_VL4_IV,14.83,504911.812500
IV_VL4_VL2_VA,14.84,504911.812500
IV_VL4_VL8_VL8,14.84,504911.812500
IV_VL4_VL8_IV,14.85,504911.812500
N_VL4_N_VL8,14.85,504911.812500
N_VL4_VL2_VL4,14.85,504911.812500
VA_VL4_IV_VA,14.85,504911.812500
VA_VL4_IV_VL8,14.85,504911.812500
IV_VL4_VL4_IV,14.86,504911.812500
IV_VL4_VL8_VA,14.86,504911.812500
N_VL4_VL2_IV,14.86,504911.812500
N_VL4_VL4_VL2,14.86,504911.812500
N_VL4_VL4_VL4,14.86,504911.812500
N_VL4_VL8_N,14.86,504911.812500
VA_VL4_N_VL2,14.86,504911.812500
VA_VL4_VA_VL4,14.86,504911.812500
IV_VL4_VA_VL4,14.87,504911.812500
IV_VL4_VL8_VL2,14.87,504911.812500
N_VL4_N_VA,14.87,504911.812500
N_VL4_N_VL2,14.88,504911.812500
N_VL4_VL2_VA,14.88,504911.812500
N_VL4_N_N,14.89,504911.812500
N_VL4_VL8_IV,14.89,504911.812500
IV_VL4_N_VL8,14.90,504911.812500
N_VL4_VA_VL8,14.90,504911.812500
N_VL4_VL8_VL8,14.90,504911.812500
N_VL4_IV_VL8,14.91,504911.812500
N_VL4_VL8_VL4,14.91,504911.812500
N_VL4_N_IV,14.92,504911.812500
N_VL4_VL4_VL8,14.92,504911.812500
N_VL4_VL8_VL2,14.92,504911.812500
N_VL4_VL8_VA,14.93,504911.812500
N_VL4_VA_VL4,14.94,504911.812500
IV_VL4_VL4_VA,15.13,504911.812500
VL2_VL8_VL4_VA,21.43,504911.812500
VL2_VL2_VL2_VL4,21.44,504911.812500
VL2_VL8_N_IV,21.45,504911.812500
VL2_VA_N_VL8,21.47,504911.812500
VL2_VL4_N_VL2,21.48,504911.812500
VL2_VA_VL2_IV,21.50,504911.812500
VL2_VL2_IV_N,21.50,504911.812500
VL2_VL4_N_IV,21.50,504911.812500
VL2_N_VL4_IV,21.51,504911.812500
VL2_VA_N_VL4,21.51,504911.812500
VL2_VL2_VA_VL8,21.52,504911.812500
VL2_VL8_VL8_VA,21.52,504911.812500
VL2_VA_VA_VL4,21.54,504911.812500
VL2_VL2_IV_VL4,21.54,504911.812500
VL2_VL8_VL8_VL4,21.54,504911.812500
VL2_VL2_VL8_VL2,21.55,504911.812500
VL2_VL8_VA_N,21.55,504911.812500
VL2_VL8_VL2_VL4,21.55,504911.812500
VL2_VL2_VA_N,21.56,504911.812500
VL2_VL2_VL2_VL8,21.56,504911.812500
VL2_VL4_VL8_VL8,21.56,504911.812500
VL2_VL8_VL4_IV,21.56,504911.812500
VL2_N_VL8_IV,21.57,504911.812500
VL2_VA_VA_IV,21.57,504911.812500
VL2_VL2_VL2_VA,21.57,504911.812500
VL2_VL2_VL4_N,21.57,504911.812500
VL2_VL2_VL8_VL8,21.57,504911.812500
VL2_VL4_VL8_N,21.57,504911.812500
VL2_VL8_N_VL4,21.57,504911.812500
VL2_N_VA_VL8,21.58,504911.812500
VL2_N_VL4_N,21.58,504911.812500
VL2_N_VL4_VL8,21.58,504911.812500
VL2_VL2_IV_VA,21.58,504911.812500
VL2_VL2_N_VL8,21.58,504911.812500
VL2_VL2_VL8_N,21.58,504911.812500
VL2_N_N_VL8,21.59,504911.812500
VL2_N_VL8_VA,21.59,504911.812500
VL2_N_VL8_VL2,21.59,504911.812500
VL2_N_VL8_VL8,21.59,504911.812500
VL2_VA_N_IV,21.59,504911.812500
VL2_VL2_IV_IV,21.59,504911.812500
VL2_VL2_VL4_VA,21.59,504911.812500
VL2_VL2_VL8_VA,21.59,504911.812500
VL2_VL4_VA_VL2,21.59,504911.812500
VL2_VL4_VL8_IV,21.59,504911.812500
VL2_VL8_VA_IV,21.59,504911.812500
VL2_VL8_VL8_IV,21.59,504911.812500
VL2_N_VA_N,21.60,504911.812500
VL2_N_VL2_VL4,21.60,504911.812500
VL2_VA_VA_VL8,21.60,504911.812500
VL2_VA_VL2_VA,21.60,504911.812500
VL2_VA_VL4_IV,21.60,504911.812500
VL2_VA_VL4_N,21.60,504911.812500
VL2_VL4_VL4_VL2,21.60,504911.812500
VL2_VL8_N_N,21.60,504911.812500
VL2_VL8_VL2_N,21.60,504911.812500
VL2_N_N_VA,21.61,504911.812500
VL2_VL8_VL2_VA,21.61,504911.812500
VL2_N_VL2_VL2,21.62,504911.812500
VL2_VA_IV_IV,21.62,504911.812500
VL2_VA_VL8_IV,21.62,504911.812500
VL2_VL2_N_IV,21.62,504911.812500
VL2_VL2_VL8_VL4,21.62,504911.812500
VL2_VL4_N_VL4,21.62,504911.812500
VL2_VL4_VL4_IV,21.62,504911.812500
VL2_N_VL4_VA,21.63,504911.812500
VL2_N_VL8_N,21.63,504911.812500
VL2_N_VL8_VL4,21.63,504911.812500
VL2_VA_VL4_VL2,21.63,504911.812500
VL2_VA_VL8_VA,21.63,504911.812500
VL2_VA_VL8_VL8,21.63,504911.812500
VL2_VL2_VA_VL2,21.63,504911.812500
VL2_N_VA_VL2,21.64,504911.812500
VL2_VA_VL4_VL8,21.64,504911.812500
VL2_VL2_VL2_VL2,21.64,504911.812500
VL2_VL4_VL2_IV,21.64,504911.812500
VL2_VL4_VL4_N,21.64,504911.812500
VL2_VL8_VA_VL8,21.64,504911.812500
VL2_VL8_VL2_VL8,21.64,504911.812500
VL2_VA_IV_N,21.65,504911.812500
VL2_VA_N_N,21.65,504911.812500
VL2_VA_N_VA,21.65,504911.812500
VL2_VL2_IV_VL2,21.65,504911.812500
VL2_VL2_VL4_IV,21.65,504911.812500
VL2_VL4_N_VA,21.65,504911.812500
VL2_VL8_IV_VA,21.65,504911.812500
VL2_VL8_VL8_VL8,21.65,504911.812500
VL2_N_VL2_VL8,21.66,504911.812500
VL2_VA_IV_VL4,21.66,504911.812500
VL2_VA_N_VL2,21.66,504911.812500
VL2_VA_VA_N,21.66,504911.812500
VL2_VL2_N_N,21.66,504911.812500
VL2_VL4_VA_N,21.66,504911.812500
VL2_VL8_VL2_VL2,21.66,504911.812500
VL2_VA_VL2_VL2,21.67,504911.812500
VL2_VA_VL2_VL4,21.67,504911.812500
VL2_VL2_VA_VA,21.67,504911.812500
VL2_VL4_N_N,21.67,504911.812500
VL2_VL4_VL2_N,21.67,504911.812500
VL2_VL4_VL4_VL4,21.67,504911.812500
VL2_VL8_N_VA,21.67,504911.812500
VL2_N_VA_VA,21.68,504911.812500
VL2_VA_VL2_N,21.68,504911.812500
VL2_VL8_VL4_VL8,21.68,504911.812500
VL2_N_VL2_IV,21.69,504911.812500
VL2_VA_IV_VL2,21.69,504911.812500
VL2_VA_VL8_VL4,21.69,504911.812500
VL2_VL4_IV_VL2,21.69,504911.812500
VL2_VL4_VL4_VA,21.69,504911.812500
VL2_VL8_VL2_IV,21.69,504911.812500
VL2_VL8_VL4_N,21.69,504911.812500
VL2_VL2_VL2_IV,21.70,504911.812500
VL2_VL2_VL8_IV,21.70,504911.812500
VL2_VL4_IV_VL8,21.70,504911.812500
VL2_VL4_VL8_VA,21.70,504911.812500
VL2_VL8_IV_VL2,21.70,504911.812500
VL2_VL8_N_VL2,21.70,504911.812500
VL2_VL8_VL8_N,21.70,504911.812500
VL2_VA_IV_VL8,21.71,504911.812500
VL2_VL2_IV_VL8,21.71,504911.812500
VL2_VL2_N_VL4,21.71,504911.812500
VL2_VL2_VL2_N,21.71,504911.812500
VL2_VL2_VL4_VL2,21.71,504911.812500
VL2_VL4_IV_IV,21.71,504911.812500
VL2_VL4_VA_VA,21.71,504911.812500
VL2_VL4_VL2_VL4,21.71,504911.812500
VL2_VL8_VA_VA,21.71,504911.812500
VL2_N_VL4_VL4,21.72,504911.812500
VL2_VA_VL8_N,21.72,504911.812500
VL2_VL2_VA_IV,21.72,504911.812500
VL2_VL4_VA_IV,21.72,504911.812500
VL2_VL4_VL2_VL2,21.72,504911.812500
VL2_VL8_IV_VL4,21.72,504911.812500
VL2_VL8_VL8_VL2,21.72,504911.812500
VL2_VA_IV_VA,21.73,504911.812500
VL2_VA_VL4_VL4,21.73,504911.812500
VL2_VL2_VL4_VL8,21.73,504911.812500
VL2_VL8_N_VL8,21.73,504911.812500
VL2_VL8_VA_VL4,21.73,504911.812500
VL2_VA_VL2_VL8,21.74,504911.812500
VL2_VA_VL4_VA,21.74,504911.812500
VL2_VL2_VL4_VL4,21.74,504911.812500
VL2_VL4_VL2_VL8,21.74,504911.812500
VL2_VL8_IV_IV,21.74,504911.812500
VL2_N_VA_IV,21.75,504911.812500
VL2_VL4_VA_VL8,21.75,504911.812500
VL2_VL4_VL4_VL8,21.75,504911.812500
VL2_VL8_IV_VL8,21.75,504911.812500
VL2_VL4_VL2_VA,21.76,504911.812500
VL2_VL8_VL4_VL2,21.76,504911.812500
VL2_N_VA_VL4,21.77,504911.812500
VL2_VL4_IV_N,21.77,504911.812500
VL2_VL4_IV_VL4,21.77,504911.812500
VL2_N_VL2_VA,21.78,504911.812500
VL2_VL4_N_VL8,21.78,504911.812500
VL2_VL4_VA_VL4,21.78,504911.812500
VL2_VA_VL8_VL2,21.79,504911.812500
VL2_VL2_VA_VL4,21.80,504911.812500
VL2_VL8_IV_N,21.80,504911.812500
VL2_N_VL4_VL2,21.82,504911.812500
VL2_VL4_IV_VA,21.82,504911.812500
VL2_N_N_VL4,21.84,504911.812500
VL2_VL8_VL4_VL4,21.85,504911.812500
VL2_N_VL2_N,21.87,504911.812500
VL2_VL4_VL8_VL2,21.87,504911.812500
VL2_VL4_VL8_VL4,21.88,504911.812500
VL2_N_N_VL2,21.89,504911.812500
VL2_VL8_VA_VL2,21.90,504911.812500
VL2_VA_VA_VA,21.91,504911.812500
VL2_N_N_N,21.92,504911.812500
VL2_VA_VA_VL2,21.93,504911.812500
VL2_VL2_N_VL2,21.94,504911.812500
VL2_VL2_N_VA,21.99,504911.812500
VL2_N_N_IV,22.67,504911.812500
VL2_N_IV_VL8,23.61,504911.812500
VL2_IV_IV_N,23.67,504911.812500
VL2_IV_N_VL8,23.70,504911.812500
VL2_IV_VA_VA,23.70,504911.812500
VL2_IV_VL4_IV,23.70,504911.812500
VL2_IV_IV_VA,23.71,504911.812500
VL2_IV_VL8_VL2,23.71,504911.812500
VL2_IV_IV_VL2,23.72,504911.812500
VL2_IV_N_N,23.72,504911.812500
VL2_IV_VL2_VL2,23.72,504911.812500
VL2_IV_VL4_VL4,23.72,504911.812500
VL2_IV_VL8_N,23.72,504911.812500
VL2_IV_IV_VL4,23.73,504911.812500
VL2_IV_N_IV,23.73,504911.812500
VL2_IV_N_VL4,23.73,504911.812500
VL2_IV_VA_N,23.73,504911.812500
VL2_IV_VL2_IV,23.74,504911.812500
VL2_N_IV_VA,23.74,504911.812500
VL2_IV_VA_VL4,23.75,504911.812500
VL2_IV_VL8_IV,23.75,504911.812500
VL2_N_IV_N,23.75,504911.812500
VL2_IV_VL2_VL8,23.76,504911.812500
VL2_IV_VA_IV,23.77,504911.812500
VL2_IV_VL4_N,23.77,504911.812500
VL2_N_IV_VL4,23.77,504911.812500
VL2_IV_VL4_VL2,23.78,504911.812500
VL2_IV_VL2_VL4,23.79,504911.812500
VL2_IV_VL8_VA,23.79,504911.812500
VL2_IV_VL8_VL8,23.79,504911.812500
VL2_IV_N_VL2,23.80,504911.812500
VL2_IV_VA_VL2,23.81,504911.812500
VL2_IV_VL4_VL8,23.81,504911.812500
VL2_IV_VA_VL8,23.83,504911.812500
VL2_IV_VL4_VA,23.83,504911.812500
VL2_IV_VL8_VL4,23.83,504911.812500
VL2_N_IV_VL2,23.83,504911.812500
VL2_IV_VL2_N,23.84,504911.812500
VL2_IV_VL2_VA,23.84,504911.812500
VL2_IV_N_VA,23.85,504911.812500
VL2_N_IV_IV,23.86,504911.812500
VL2_IV_IV_IV,23.87,504911.812500
VL2_IV_IV_VL8,23.87,504911.812500
N_VL2_VA_VL2,25.16,504911.812500
N_VL2_VA_VL4,25.16,504911.812500
N_VL2_IV_VL4,25.17,504911.812500
N_VL2_VA_VA,25.21,504911.812500
N_VL2_VA_N,25.28,504911.812500
N_VL2_VL4_IV,25.37,504911.812500
IV_VA_N_IV,25.41,504911.812500
IV_VA_IV_N,25.43,504911.812500
IV_VA_IV_VA,25.45,504911.812500
IV_VA_VA_IV,25.45,504911.812500
IV_VA_IV_IV,25.47,504911.812500
N_IV_N_VL2,25.49,504911.812500
IV_N_IV_VL2,25.51,504911.812500
N_N_N_VL2,25.51,504911.812500
N_IV_IV_VL2,25.53,504911.812500
N_VL2_VL4_VA,25.53,504911.812500
IV_N_N_VL2,25.63,504911.812500
N_N_IV_VL2,25.63,504911.812500
IV_N_IV_VL4,25.68,504911.812500
N_VL2_IV_VL8,25.68,504911.812500
N_IV_N_VL4,25.72,504911.812500
N_N_N_VL4,25.72,504911.812500
N_N_IV_VL4,25.76,504911.812500
IV_N_N_VL4,25.79,504911.812500
N_IV_IV_VL4,25.79,504911.812500
N_VL2_VL4_VL4,25.79,504911.812500
N_N_N_VA,25.98,504911.812500
N_IV_IV_VA,26.00,504911.812500
N_N_IV_VL8,26.00,504911.812500
N_IV_N_VA,26.01,504911.812500
N_IV_IV_VL8,26.02,504911.812500
IV_N_IV_VA,26.03,504911.812500
IV_N_N_VL8,26.05,504911.812500
N_N_IV_VA,26.05,504911.812500
N_N_N_VL8,26.05,504911.812500
N_VL2_VA_IV,26.07,504911.812500
IV_N_IV_VL8,26.09,504911.812500
N_IV_N_VL8,26.10,504911.812500
N_VL2_VA_VL8,26.13,504911.812500
N_VL2_IV_VL2,26.14,504911.812500
N_VL2_VL4_VL8,26.17,504911.812500
IV_N_N_VA,26.18,504911.812500
N_VL2_VL4_VL2,26.39,504911.812500
VA_VL2_IV_VL8,26.40,504911.812500
VA_VL2_N_IV,26.40,504911.812500
VA_VL2_VL4_IV,26.40,504911.812500
VA_VL2_IV_IV,26.41,504911.812500
VA_VL2_VL2_VL2,26.41,504911.812500
VA_VL2_VL8_VL2,26.42,504911.812500
IV_IV_IV_VL4,26.43,504911.812500
VA_VL2_VL2_IV,26.43,504911.812500
VA_VL2_VL4_N,26.43,504911.812500
VA_VL2_VL4_VL8,26.43,504911.812500
VA_VL2_N_VA,26.44,504911.812500
VA_VL2_N_VL4,26.44,504911.812500
VA_VL2_VA_VL4,26.44,504911.812500
VA_VL2_VL2_VL4,26.44,504911.812500
VA_VL2_VL8_IV,26.44,504911.812500
VA_VL2_VL8_VL8,26.44,504911.812500
IV_IV_IV_VL2,26.45,504911.812500
VA_VL2_VA_VA,26.45,504911.812500
VA_VL2_VA_VL8,26.45,504911.812500
VA_VL2_VL2_N,26.45,504911.812500
IV_VL2_VL2_IV,26.46,504911.812500
VA_VL2_VL4_VL4,26.46,504911.812500
IV_VL2_VA_VL2,26.47,504911.812500
IV_VL2_VL2_N,26.47,504911.812500
VA_VL2_VA_VL2,26.47,504911.812500
IV_VL2_IV_VL4,26.48,504911.812500
IV_VL2_N_VL8,26.48,504911.812500
IV_VL2_VL8_VL2,26.48,504911.812500
VA_VL2_N_VL2,26.48,504911.812500
IV_IV_N_VL4,26.49,504911.812500
IV_VL2_N_VL2,26.49,504911.812500
IV_VL2_VL4_N,26.49,504911.812500
IV_VL2_IV_VL2,26.50,504911.812500
VA_VL2_IV_VA,26.50,504911.812500
VA_VL2_VL2_VA,26.50,504911.812500
N_VL2_VL4_N,26.51,504911.812500
VA_VL2_IV_VL4,26.51,504911.812500
VA_VL2_N_VL8,26.51,504911.812500
VA_VL2_VA_IV,26.51,504911.812500
VA_VL2_VL2_VL8,26.51,504911.812500
VA_VL2_VL4_VL2,26.51,504911.812500
VA_VL2_VL8_VA,26.51,504911.812500
IV_VL2_N_VL4,26.52,504911.812500
IV_VL2_VL2_VA,26.52,504911.812500
IV_VL2_IV_VL8,26.53,504911.812500
IV_VL2_VL4_IV,26.53,504911.812500
IV_VL2_VL8_N,26.53,504911.812500
IV_VL2_VL8_VA,26.53,504911.812500
N_VL2_VL8_VL8,26.53,504911.812500
VA_VL2_IV_N,26.53,504911.812500
VA_VL2_VA_N,26.53,504911.812500
VA_VL2_VL4_VA,26.53,504911.812500
VA_VL2_VL8_VL4,26.53,504911.812500
IV_VL2_VA_VL4,26.54,504911.812500
IV_VL2_VA_VL8,26.54,504911.812500
N_VL2_VL8_IV,26.54,504911.812500
IV_VL2_VL4_VL8,26.55,504911.812500
VA_VL2_N_N,26.55,504911.812500
IV_VL2_VL4_VA,26.56,504911.812500
IV_VL2_VL2_VL2,26.57,504911.812500
IV_VL2_VL2_VL8,26.57,504911.812500
IV_VL2_VL4_VL4,26.57,504911.812500
IV_VL2_VL8_IV,26.57,504911.812500
IV_VL2_VL2_VL4,26.58,504911.812500
N_VL2_VL8_VL4,26.58,504911.812500
VA_VL2_IV_VL2,26.58,504911.812500
N_VL2_VL8_N,26.59,504911.812500
VA_VL2_VL8_N,26.59,504911.812500
IV_VL2_VL4_VL2,26.61,504911.812500
N_VL2_IV_IV,26.61,504911.812500
IV_VL2_VL8_VL8,26.62,504911.812500
N_VL2_VL2_VL8,26.63,504911.812500
N_VL2_N_N,26.64,504911.812500
N_VL2_IV_VA,26.65,504911.812500
N_VL2_VL2_IV,26.65,504911.812500
N_VL2_VL2_N,26.65,504911.812500
N_VL2_VL8_VA,26.65,504911.812500
N_VL2_N_VL2,26.66,504911.812500
N_VL2_VL2_VL4,26.66,504911.812500
N_VL2_N_IV,26.67,504911.812500
N_VL2_N_VL4,26.67,504911.812500
N_VL2_VL2_VL2,26.69,504911.812500
IV_VL2_VL8_VL4,26.70,504911.812500
N_VL2_N_VA,26.72,504911.812500
N_VL2_N_VL8,26.72,504911.812500
N_VL2_VL8_VL2,26.73,504911.812500
N_VL2_IV_N,26.74,504911.812500
IV_IV_N_VL2,26.76,504911.812500
N_VL2_VL2_VA,26.80,504911.812500
IV_IV_N_VL8,26.88,504911.812500
IV_IV_IV_VA,27.01,504911.812500
IV_IV_IV_VL8,27.09,504911.812500
IV_IV_N_VA,27.23,504911.812500
IV_VL2_N_IV,27.76,504911.812500
IV_VL2_VA_IV,27.87,504911.812500
IV_VL2_IV_IV,27.88,504911.812500
IV_VL2_IV_N,27.88,504911.812500
IV_VL2_VA_VA,27.90,504911.812500
IV_VL2_IV_VA,27.91,504911.812500
IV_VL2_N_VA,27.96,504911.812500
IV_VL2_N_N,28.17,504911.812500
IV_VL2_VA_N,28.19,504911.812500
N_IV_VA_VL2,28.43,504911.812500
IV_N_VA_VL2,28.50,504911.812500
N_N_VA_VL2,28.52,504911.812500
IV_N_VA_VL4,28.63,504911.812500
N_N_VA_VL4,28.63,504911.812500
N_IV_VA_VL4,28.83,504911.812500
IV_N_VA_VA,28.88,504911.812500
N_IV_VA_VA,28.90,504911.812500
N_N_VA_VL8,28.93,504911.812500
IV_N_VA_VL8,29.02,504911.812500
N_N_VA_VA,29.08,504911.812500
N_IV_VA_VL8,29.09,504911.812500
IV_IV_VA_VL4,29.42,504911.812500
IV_IV_VA_VL2,29.58,504911.812500
IV_IV_VA_VL8,29.89,504911.812500
IV_IV_VA_VA,30.43,504911.812500
N_N_VL2_IV,30.70,504911.812500
N_N_VL2_N,30.71,504911.812500
IV_N_VL2_IV,30.79,504911.812500
IV_N_VL2_N,30.84,504911.812500
N_IV_VL2_N,30.88,504911.812500
N_IV_VL2_IV,30.94,504911.812500
N_N_VL4_N,31.28,504911.812500
IV_N_VL4_IV,31.29,504911.812500
N_N_VL4_IV,31.29,504911.812500
IV_N_VL4_N,31.30,504911.812500
N_IV_VL4_IV,31.30,504911.812500
N_IV_VL4_N,31.31,504911.812500
N_IV_VL8_N,31.45,504911.812500
IV_N_VL8_IV,31.51,504911.812500
N_N_VL8_IV,31.51,504911.812500
N_IV_VL8_IV,31.53,504911.812500
N_N_VL8_N,31.54,504911.812500
IV_IV_VL8_N,31.56,504911.812500
IV_N_VL8_N,31.61,504911.812500
IV_IV_VL8_IV,31.76,504911.812500
IV_IV_VL2_N,32.05,504911.812500
IV_IV_VL2_IV,32.21,504911.812500
IV_IV_VL4_IV,32.38,504911.812500
IV_IV_VL4_N,32.62,504911.812500
IV_VA_N_VA,34.82,504911.812500
IV_VA_VA_VA,34.87,504911.812500
IV_VA_N_N,34.97,504911.812500
IV_VA_VA_N,35.04,504911.812500
VA_N_IV_VL2,43.82,504911.812500
VA_N_N_VL2,43.92,504911.812500
VA_VA_N_VL2,44.00,504911.812500
VA_N_IV_VL4,44.22,504911.812500
VA_VA_IV_VL2,45.20,504911.812500
VA_N_VA_VL4,45.41,504911.812500
VA_VA_IV_VL4,45.42,504911.812500
VA_VA_N_VL4,45.54,504911.812500
VA_IV_N_VL2,45.98,504911.812500
VA_IV_N_VL4,46.08,504911.812500
IV_VA_VA_VL2,46.32,504911.812500
VA_VA_VA_VL2,46.33,504911.812500
N_IV_VL2_VL2,46.34,504911.812500
IV_VA_N_VL2,46.37,504911.812500
VA_N_VA_VL2,46.38,504911.812500
IV_VA_IV_VL2,46.41,504911.812500
N_VA_IV_VL2,46.49,504911.812500
VA_N_N_VL4,46.50,504911.812500
N_VA_N_VL2,46.52,504911.812500
N_VA_VA_VL2,46.58,504911.812500
IV_VA_N_VL4,46.60,504911.812500
IV_VA_IV_VL4,46.62,504911.812500
IV_VA_VA_VL4,46.62,504911.812500
N_VA_IV_VL4,46.62,504911.812500
N_VA_N_VL4,46.62,504911.812500
VA_VA_VA_VL4,46.67,504911.812500
N_VA_VA_VL4,46.68,504911.812500
IV_VA_N_VL8,46.69,504911.812500
IV_VA_VA_VL8,46.69,504911.812500
VA_IV_VA_VL2,46.69,504911.812500
VA_VA_VA_VL8,46.70,504911.812500
VA_N_IV_IV,46.73,504911.812500
VA_VA_VA_VA,46.75,504911.812500
VA_IV_IV_VL2,46.78,504911.812500
VA_N_VA_VL8,46.79,504911.812500
IV_VA_IV_VL8,46.80,504911.812500
VA_N_IV_VL8,46.81,504911.812500
VA_IV_VA_VL4,46.82,504911.812500
VA_N_N_VL8,46.83,504911.812500
VA_VA_IV_IV,46.84,504911.812500
VA_VA_VA_N,46.86,504911.812500
VA_N_N_N,46.87,504911.812500
VA_VA_IV_VL8,46.87,504911.812500
N_VA_N_IV,46.88,504911.812500
VA_N_IV_VA,46.90,504911.812500
N_VA_N_VA,46.92,504911.812500
VA_IV_N_VL8,46.92,504911.812500
VA_VA_IV_VA,46.93,504911.812500
VA_VA_N_N,46.93,504911.812500
N_VA_VA_VA,46.94,504911.812500
VA_IV_IV_VL4,46.94,504911.812500
VA_VA_N_VA,46.94,504911.812500
N_VA_IV_VL8,46.95,504911.812500
VA_N_VA_VA,46.95,504911.812500
N_VA_VA_N,46.97,504911.812500
VA_VA_IV_N,46.97,504911.812500
VA_N_N_IV,46.98,504911.812500
VA_N_VA_IV,47.00,504911.812500
VA_N_VA_N,47.00,504911.812500
N_VA_N_N,47.01,504911.812500
VA_IV_VA_VL8,47.01,504911.812500
VA_N_N_VA,47.01,504911.812500
N_VA_VA_VL8,47.03,504911.812500
VA_VA_N_IV,47.03,504911.812500
VA_N_IV_N,47.04,504911.812500
VA_IV_IV_VL8,47.05,504911.812500
N_VA_IV_IV,47.09,504911.812500
VA_VA_N_VL8,47.09,504911.812500
N_VA_IV_N,47.11,504911.812500
VA_IV_VA_IV,47.13,504911.812500
N_VA_VA_IV,47.14,504911.812500
N_VA_N_VL8,47.15,504911.812500
VA_IV_N_VA,47.16,504911.812500
VA_IV_N_IV,47.17,504911.812500
VA_IV_N_N,47.19,504911.812500
VA_VA_VA_IV,47.20,504911.812500
VA_IV_IV_N,47.21,504911.812500
VA_IV_VL2_VL2,47.23,504911.812500
VA_IV_IV_IV,47.24,504911.812500
VA_N_VL2_VL4,47.24,504911.812500
VA_IV_VA_VA,47.26,504911.812500
VA_IV_IV_VA,47.27,504911.812500
VA_IV_VA_N,47.27,504911.812500
N_VA_IV_VA,47.30,504911.812500
VA_IV_VL4_VL2,47.37,504911.812500
VA_IV_VL2_VL4,47.49,504911.812500
N_IV_VL2_VL4,47.66,504911.812500
VA_VA_VL4_VL4,47.88,504911.812500
VA_N_VL2_VL2,47.89,504911.812500
N_IV_VL4_VL4,48.01,504911.812500
IV_N_VL2_VL2,48.51,504911.812500
VA_VA_VL2_VL2,48.51,504911.812500
N_N_VL2_VL2,48.59,504911.812500
IV_VA_VL2_VL2,48.64,504911.812500
IV_N_VL2_VL4,48.76,504911.812500
VA_VA_VL2_VL4,48.82,504911.812500
VA_N_VL4_VL2,48.87,504911.812500
IV_VA_VL2_VL4,48.88,504911.812500
VA_VA_VL4_VL2,48.96,504911.812500
N_VA_VL2_VL2,48.99,504911.812500
VA_VA_VL2_VL8,49.02,504911.812500
IV_N_VL2_VA,49.03,504911.812500
IV_VA_VL4_VL2,49.03,504911.812500
IV_VA_VL2_IV,49.04,504911.812500
N_IV_VL2_VL8,49.04,504911.812500
IV_VA_VL2_VL8,49.05,504911.812500
N_VA_VL2_VL4,49.07,504911.812500
VA_IV_VL2_N,49.08,504911.812500
VA_VA_VL2_IV,49.08,504911.812500
IV_N_VL4_VL2,49.09,504911.812500
N_N_VL2_VA,49.10,504911.812500
VA_IV_VL2_VA,49.10,504911.812500
VA_VA_VL2_VA,49.11,504911.812500
N_N_VL2_VL8,49.12,504911.812500
IV_VA_VL2_VA,49.13,504911.812500
N_IV_VL4_VL2,49.13,504911.812500
VA_IV_VL2_IV,49.13,504911.812500
IV_N_VL2_VL8,49.15,504911.812500
N_N_VL4_VL2,49.15,504911.812500
VA_VA_VL2_N,49.15,504911.812500
IV_N_VL4_VL4,49.17,504911.812500
N_N_VL2_VL4,49.17,504911.812500
IV_VA_VL4_VL4,49.20,504911.812500
VA_N_VL2_IV,49.20,504911.812500
VA_N_VL2_VA,49.20,504911.812500
IV_N_VL8_VL2,49.21,504911.812500
N_VA_VL2_VL8,49.22,504911.812500
VA_IV_VL2_VL8,49.24,504911.812500
N_IV_VL2_VA,49.25,504911.812500
VA_N_VL2_N,49.25,504911.812500
N_VA_VL4_VL2,49.28,504911.812500
VA_VA_VL8_VL2,49.29,504911.812500
IV_VA_VL2_N,49.30,504911.812500
N_IV_VL8_VL2,49.32,504911.812500
N_VA_VL2_N,49.32,504911.812500
N_VA_VL2_VA,49.33,504911.812500
VA_N_VL2_VL8,49.33,504911.812500
IV_VA_VL8_VL2,49.35,504911.812500
N_N_VL8_VL2,49.38,504911.812500
N_VA_VL4_VL4,49.39,504911.812500
VA_N_VL8_VL2,49.39,504911.812500
N_VA_VL2_IV,49.41,504911.812500
VA_IV_VL4_VL4,49.41,504911.812500
VA_IV_VL8_VL2,49.43,504911.812500
VA_N_VL4_VL4,49.44,504911.812500
IV_IV_VL8_VL2,49.47,504911.812500
IV_N_VL4_VL8,49.49,504911.812500
N_IV_VL8_VL4,49.49,504911.812500
IV_VA_VL4_IV,49.50,504911.812500
IV_VA_VL4_N,49.50,504911.812500
VA_VA_VL8_VL4,49.50,504911.812500
IV_N_VL8_VL4,49.52,504911.812500
IV_IV_VL2_VL4,49.53,504911.812500
IV_VA_VL4_VA,49.53,504911.812500
IV_VA_VL4_VL8,49.53,504911.812500
N_N_VL4_VL4,49.54,504911.812500
VA_VA_VL4_IV,49.54,504911.812500
IV_IV_VL8_VL4,49.55,504911.812500
VA_VA_VL4_VA,49.55,504911.812500
VA_VA_VL4_N,49.56,504911.812500
IV_N_VL4_VA,49.57,504911.812500
N_N_VL8_VL4,49.57,504911.812500
VA_VA_VL4_VL8,49.57,504911.812500
IV_VA_VL8_VL4,49.58,504911.812500
VA_IV_VL4_VA,49.59,504911.812500
VA_IV_VL4_VL8,49.59,504911.812500
N_VA_VL8_VL2,49.60,504911.812500
N_IV_VL4_VL8,49.64,504911.812500
VA_IV_VL4_N,49.64,504911.812500
VA_N_VL4_VL8,49.64,504911.812500
N_IV_VL4_VA,49.66,504911.812500
VA_IV_VL4_IV,49.67,504911.812500
VA_IV_VL8_VL4,49.67,504911.812500
VA_N_VL8_VL4,49.67,504911.812500
N_N_VL4_VA,49.68,504911.812500
VA_N_VL4_N,49.68,504911.812500
VA_N_VL4_IV,49.72,504911.812500
IV_N_VL8_VA,49.73,504911.812500
N_N_VL4_VL8,49.74,504911.812500
IV_VA_VL8_VA,49.75,504911.812500
VA_VA_VL8_IV,49.78,504911.812500
VA_VA_VL8_N,49.78,504911.812500
N_VA_VL4_N,49.80,504911.812500
VA_N_VL4_VA,49.80,504911.812500
IV_N_VL8_VL8,49.81,504911.812500
IV_VA_VL8_VL8,49.82,504911.812500
VA_VA_VL8_VL8,49.82,504911.812500
N_IV_VL8_VL8,49.83,504911.812500
N_N_VL8_VA,49.83,504911.812500
N_VA_VL4_VL8,49.83,504911.812500
N_VA_VL8_VL4,49.83,504911.812500
IV_VA_VL8_N,49.86,504911.812500
N_VA_VL4_VA,49.86,504911.812500
N_IV_VL8_VA,49.89,504911.812500
IV_IV_VL8_VL8,49.90,504911.812500
IV_VA_VL8_IV,49.90,504911.812500
N_VA_VL4_IV,49.90,504911.812500
VA_N_VL8_N,49.90,504911.812500
VA_IV_VL8_VL8,49.93,504911.812500
IV_IV_VL8_VA,49.94,504911.812500
VA_VA_VL8_VA,49.94,504911.812500
VA_IV_VL8_N,49.95,504911.812500
IV_IV_VL2_VL2,49.97,504911.812500
VA_N_VL8_VL8,49.97,504911.812500
VA_IV_VL8_VA,49.98,504911.812500
VA_N_VL8_IV,49.99,504911.812500
VA_IV_VL8_IV,50.00,504911.812500
N_N_VL8_VL8,50.02,504911.812500
N_VA_VL8_VL8,50.03,504911.812500
VA_N_VL8_VA,50.07,504911.812500
N_VA_VL8_VA,50.12,504911.812500
N_VA_VL8_N,50.15,504911.812500
N_VA_VL8_IV,50.27,504911.812500
IV_IV_VL2_VL8,50.31,504911.812500
IV_IV_VL4_VL2,51.18,504911.812500
IV_IV_VL2_VA,51.19,504911.812500
IV_IV_VL4_VL4,51.34,504911.812500
IV_IV_VL4_VA,51.40,504911.812500
IV_IV_VL4_VL8,51.89,504911.812500
