S256 0.78 162944.000000,0.75,162944.000000
S256 0.77 162944.000000,0.77,162944.000000
S256 0.78 162944.000000,0.77,162944.000000
S256 0.77 162944.000000,0.78,162944.000000
S256 0.78 162944.000000,0.78,162944.000000
S256 0.78 162944.000000,0.78,162944.000000
S256 0.78 162944.000000,0.78,162944.000000
S256 0.78 162944.000000,0.78,162944.000000
S256 0.78 162944.000000,0.78,162944.000000
S256 0.79 162944.000000,0.78,162944.000000
S256 0.77 162944.000000,0.79,162944.000000
S256 0.79 162944.000000,0.80,162944.000000
S256 0.80 162944.000000,0.80,162944.000000
S256 0.80 162944.000000,0.80,162944.000000
S256 0.80 162944.000000,0.80,162944.000000
S256 0.80 162944.000000,0.80,162944.000000
S256 0.81 162944.000000,0.80,162944.000000
S256 0.81 162944.000000,0.80,162944.000000
S256 0.81 162944.000000,0.80,162944.000000
S256 0.82 162944.000000,0.80,162944.000000
S256 0.80 162944.000000,0.81,162944.000000
S256 0.81 162944.000000,0.81,162944.000000
S256 0.82 162944.000000,0.81,162944.000000
S256 0.88 162944.000000,0.81,162944.000000
S256 0.79 162944.000000,0.82,162944.000000
S256 0.81 162944.000000,0.82,162944.000000
S256 0.82 162944.000000,0.82,162944.000000
S256 1.53 162944.000000,1.53,162944.000000
S256 1.54 162944.000000,1.53,162944.000000
S256 1.54 162944.000000,1.53,162944.000000
S256 1.55 162944.000000,1.53,162944.000000
S256 1.55 162944.000000,1.53,162944.000000
S256 1.55 162944.000000,1.53,162944.000000
S256 1.53 162944.000000,1.54,162944.000000
S256 1.54 162944.000000,1.54,162944.000000
S256 1.54 162944.000000,1.54,162944.000000
S256 1.54 162944.000000,1.54,162944.000000
S256 1.54 162944.000000,1.54,162944.000000
S256 1.54 162944.000000,1.54,162944.000000
S256 1.54 162944.000000,1.55,162944.000000
S256 1.54 162944.000000,1.55,162944.000000
S256 1.55 162944.000000,1.55,162944.000000
S256 1.55 162944.000000,1.55,162944.000000
S256 1.54 162944.000000,1.56,162944.000000
S256 1.54 162944.000000,1.56,162944.000000
S256 1.57 162944.000000,1.58,162944.000000
S256 1.58 162944.000000,1.58,162944.000000
S256 1.59 162944.000000,1.58,162944.000000
S256 1.59 162944.000000,1.58,162944.000000
S256 1.58 162944.000000,1.60,162944.000000
S256 1.60 162944.000000,1.60,162944.000000
S256 1.58 162944.000000,1.70,162944.000000
S256 1.72 162944.000000,1.73,162944.000000
S256 1.72 162944.000000,1.73,162944.000000
S256 2.92 162944.000000,2.51,162944.000000
S256 3.02 162944.000000,2.55,162944.000000
S256 2.92 162944.000000,2.56,162944.000000
S256 3.00 162944.000000,2.58,162944.000000
S256 3.06 162944.000000,2.58,162944.000000
S256 3.01 162944.000000,2.59,162944.000000
S256 3.03 162944.000000,2.59,162944.000000
S256 3.13 162944.000000,2.62,162944.000000
S256 3.05 162944.000000,2.64,162944.000000
S256 3.08 162944.000000,3.07,162944.000000
S256 3.08 162944.000000,3.08,162944.000000
S256 3.08 162944.000000,3.08,162944.000000
S256 3.08 162944.000000,3.08,162944.000000
S256 3.09 162944.000000,3.08,162944.000000
S256 3.09 162944.000000,3.08,162944.000000
S256 3.14 162944.000000,3.08,162944.000000
S256 3.09 162944.000000,3.09,162944.000000
S256 3.09 162944.000000,3.09,162944.000000
S256 3.09 162944.000000,3.09,162944.000000
S256 3.09 162944.000000,3.09,162944.000000
S256 3.11 162944.000000,3.09,162944.000000
S256 3.09 162944.000000,3.10,162944.000000
S256 3.09 162944.000000,3.10,162944.000000
S256 3.09 162944.000000,3.10,162944.000000
S256 3.15 162944.000000,3.10,162944.000000
S256 3.09 162944.000000,3.11,162944.000000
S256 3.10 162944.000000,3.11,162944.000000
S256 3.09 162944.000000,3.13,162944.000000
S256 3.11 162944.000000,3.14,162944.000000
S256 3.13 162944.000000,3.16,162944.000000
S256 3.22 162944.000000,3.17,162944.000000
S256 3.20 162944.000000,3.18,162944.000000
S256 3.18 162944.000000,3.19,162944.000000
S256 3.19 162944.000000,3.19,162944.000000
S256 3.19 162944.000000,3.20,162944.000000
S256 3.22 162944.000000,3.22,162944.000000
S256 6.04 162944.000000,3.53,162944.000000
S256 6.11 162944.000000,3.53,162944.000000
S256 6.09 162944.000000,3.57,162944.000000
S256 5.90 162944.000000,3.58,162944.000000
S256 6.05 162944.000000,3.60,162944.000000
S256 6.28 162944.000000,3.62,162944.000000
S256 6.46 162944.000000,3.62,162944.000000
S256 6.24 162944.000000,3.71,162944.000000
S256 6.54 162944.000000,3.75,162944.000000
S256 6.15 162944.000000,6.03,162944.000000
S256 6.17 162944.000000,6.03,162944.000000
S256 6.04 162944.000000,6.05,162944.000000
S256 6.18 162944.000000,6.07,162944.000000
S256 6.02 162944.000000,6.09,162944.000000
S256 6.08 162944.000000,6.14,162944.000000
S256 6.32 162944.000000,6.28,162944.000000
S256 6.36 162944.000000,6.44,162944.000000
S256 6.34 162944.000000,6.48,162944.000000
