S257 0.05 163072.000000,0.05,163072.000000
S257 0.05 163072.000000,0.05,163072.000000
S257 0.05 163072.000000,0.05,163072.000000
S257 0.05 163072.000000,0.05,163072.000000
S257 0.06 163072.000000,0.05,163072.000000
S257 0.06 163072.000000,0.05,163072.000000
S257 0.06 163072.000000,0.05,163072.000000
S257 0.06 163072.000000,0.05,163072.000000
S257 0.07 163072.000000,0.05,163072.000000
S257 0.05 163072.000000,0.06,163072.000000
S257 0.05 163072.000000,0.06,163072.000000
S257 0.05 163072.000000,0.06,163072.000000
S257 0.05 163072.000000,0.06,163072.000000
S257 0.06 163072.000000,0.06,163072.000000
S257 0.06 163072.000000,0.06,163072.000000
S257 0.06 163072.000000,0.06,163072.000000
S257 0.06 163072.000000,0.06,163072.000000
S257 0.07 163072.000000,0.06,163072.000000
S257 0.10 163072.000000,0.11,163072.000000
S257 0.11 163072.000000,0.11,163072.000000
S257 0.11 163072.000000,0.11,163072.000000
S257 0.11 163072.000000,0.11,163072.000000
S257 0.11 163072.000000,0.11,163072.000000
S257 0.11 163072.000000,0.11,163072.000000
S257 0.11 163072.000000,0.11,163072.000000
S257 0.11 163072.000000,0.11,163072.000000
S257 0.11 163072.000000,0.11,163072.000000
S257 0.11 163072.000000,0.11,163072.000000
S257 0.11 163072.000000,0.11,163072.000000
S257 0.11 163072.000000,0.11,163072.000000
S257 0.11 163072.000000,0.11,163072.000000
S257 0.11 163072.000000,0.11,163072.000000
S257 0.11 163072.000000,0.11,163072.000000
S257 0.11 163072.000000,0.12,163072.000000
S257 0.11 163072.000000,0.12,163072.000000
S257 0.11 163072.000000,0.12,163072.000000
S257 0.21 163072.000000,0.21,163072.000000
S257 0.22 163072.000000,0.21,163072.000000
S257 0.22 163072.000000,0.21,163072.000000
S257 0.22 163072.000000,0.21,163072.000000
S257 0.22 163072.000000,0.21,163072.000000
S257 0.21 163072.000000,0.22,163072.000000
S257 0.21 163072.000000,0.22,163072.000000
S257 0.22 163072.000000,0.22,163072.000000
S257 0.22 163072.000000,0.22,163072.000000
S257 0.22 163072.000000,0.22,163072.000000
S257 0.22 163072.000000,0.22,163072.000000
S257 0.22 163072.000000,0.22,163072.000000
S257 0.22 163072.000000,0.22,163072.000000
S257 0.22 163072.000000,0.22,163072.000000
S257 0.23 163072.000000,0.22,163072.000000
S257 0.22 163072.000000,0.23,163072.000000
S257 0.22 163072.000000,0.26,163072.000000
S257 0.21 163072.000000,0.31,163072.000000
S257 0.51 163072.000000,0.51,163072.000000
S257 0.51 163072.000000,0.51,163072.000000
S257 0.50 163072.000000,0.52,163072.000000
S257 0.52 163072.000000,0.52,163072.000000
S257 0.52 163072.000000,0.53,163072.000000
S257 0.52 163072.000000,0.53,163072.000000
S257 0.52 163072.000000,0.53,163072.000000
S257 0.53 163072.000000,0.53,163072.000000
S257 0.54 163072.000000,0.53,163072.000000
S257 0.75 163072.000000,0.76,163072.000000
S257 0.76 163072.000000,0.76,163072.000000
S257 0.77 163072.000000,0.78,163072.000000
S257 0.77 163072.000000,0.79,163072.000000
S257 0.79 163072.000000,0.79,163072.000000
S257 0.79 163072.000000,0.80,163072.000000
S257 0.80 163072.000000,0.80,163072.000000
S257 0.80 163072.000000,0.80,163072.000000
S257 0.80 163072.000000,0.80,163072.000000
S257 1.87 163072.000000,1.86,163072.000000
S257 1.87 163072.000000,1.87,163072.000000
S257 1.88 163072.000000,1.91,163072.000000
S257 1.96 163072.000000,1.94,163072.000000
S257 2.01 163072.000000,1.94,163072.000000
S257 2.01 163072.000000,1.94,163072.000000
S257 1.89 163072.000000,1.95,163072.000000
S257 1.96 163072.000000,1.95,163072.000000
S257 1.95 163072.000000,1.96,163072.000000
S257 2.45 163072.000000,2.42,163072.000000
S257 2.49 163072.000000,2.43,163072.000000
S257 2.42 163072.000000,2.45,163072.000000
S257 2.45 163072.000000,2.46,163072.000000
S257 2.49 163072.000000,2.46,163072.000000
S257 2.46 163072.000000,2.47,163072.000000
S257 2.48 163072.000000,2.50,163072.000000
S257 2.46 163072.000000,2.51,163072.000000
S257 2.52 163072.000000,2.56,113920.000000
S257 2.47 163072.000000,2.57,113920.000000
S257 2.64 163072.000000,2.57,163072.000000
S257 2.55 163072.000000,2.58,113920.000000
S257 2.58 163072.000000,2.58,113920.000000
S257 2.40 163072.000000,2.59,nan
S257 2.49 163072.000000,2.59,113920.000000
S257 2.40 163072.000000,2.60,nan
S257 2.54 163072.000000,2.60,113920.000000
S257 2.65 163072.000000,2.60,113920.000000
S257 2.44 163072.000000,2.61,nan
S257 2.54 163072.000000,2.61,nan
S257 2.64 163072.000000,2.61,113920.000000
S257 2.42 163072.000000,2.63,nan
S257 2.44 163072.000000,2.66,nan
S257 2.54 163072.000000,2.66,113920.000000
S257 2.48 163072.000000,2.68,nan
S257 2.50 163072.000000,2.75,nan
S257 2.55 163072.000000,2.79,nan
