S275 0.17 65536.000000,0.17,65536.000000
S275 0.17 65536.000000,0.17,65536.000000
S275 0.17 65536.000000,0.17,65536.000000
S275 0.18 65536.000000,0.17,65536.000000
S275 0.18 65536.000000,0.18,65536.000000
S275 0.18 65536.000000,0.18,65536.000000
S275 0.36 65536.000000,0.35,65536.000000
S275 0.36 65536.000000,0.36,65536.000000
S275 0.37 65536.000000,0.36,65536.000000
S275 0.37 65536.000000,0.37,65536.000000
S275 0.36 65536.000000,0.38,65536.000000
S275 0.38 65536.000000,0.38,65536.000000
S275 0.39 65536.000000,0.38,65536.000000
S275 0.39 65536.000000,0.38,65536.000000
S275 0.39 65536.000000,0.38,65536.000000
S275 0.40 65536.000000,0.38,65536.000000
S275 3.30 65536.000000,0.38,65536.000000
S275 0.35 65536.000000,0.39,65536.000000
S275 0.36 65536.000000,0.39,65536.000000
S275 0.39 65536.000000,0.39,65536.000000
S275 0.39 65536.000000,0.39,65536.000000
S275 0.39 65536.000000,0.39,65536.000000
S275 0.39 65536.000000,0.39,65536.000000
S275 0.39 65536.000000,0.39,65536.000000
S275 0.36 65536.000000,0.40,65536.000000
S275 0.39 65536.000000,0.40,65536.000000
S275 0.41 65536.000000,0.40,65536.000000
S275 0.72 65536.000000,0.71,65536.000000
S275 0.70 65536.000000,0.73,65536.000000
S275 0.73 65536.000000,0.73,65536.000000
S275 0.71 65536.000000,0.74,65536.000000
S275 0.74 65536.000000,0.74,65536.000000
S275 0.74 65536.000000,0.74,65536.000000
S275 0.75 65536.000000,0.74,65536.000000
S275 0.75 65536.000000,0.74,65536.000000
S275 0.70 65536.000000,0.75,65536.000000
S275 0.74 65536.000000,0.75,65536.000000
S275 0.75 65536.000000,0.75,65536.000000
S275 0.75 65536.000000,0.76,65536.000000
S275 0.76 65536.000000,0.76,65536.000000
S275 0.77 65536.000000,0.76,65536.000000
S275 0.76 65536.000000,0.77,65536.000000
S275 0.77 65536.000000,0.77,65536.000000
S275 0.79 65536.000000,0.77,65536.000000
S275 0.75 65536.000000,0.81,65536.000000
S275 1.45 65536.000000,1.44,65536.000000
S275 1.47 65536.000000,1.44,65536.000000
S275 1.46 65536.000000,1.45,65536.000000
S275 1.46 65536.000000,1.46,65536.000000
S275 1.46 65536.000000,1.46,65536.000000
S275 1.49 65536.000000,1.46,65536.000000
S275 1.51 65536.000000,1.46,65536.000000
S275 1.45 65536.000000,1.47,65536.000000
S275 1.47 65536.000000,1.47,65536.000000
S275 1.48 65536.000000,1.47,65536.000000
S275 1.46 65536.000000,1.48,65536.000000
S275 1.50 65536.000000,1.50,65536.000000
S275 1.44 65536.000000,1.52,65536.000000
S275 1.53 65536.000000,1.53,65536.000000
S275 1.49 65536.000000,1.54,65536.000000
S275 1.51 65536.000000,1.54,65536.000000
S275 1.64 65536.000000,1.58,65536.000000
S275 1.59 65536.000000,1.60,65536.000000
S275 2.96 65536.000000,2.98,65536.000000
S275 3.12 65536.000000,3.03,65536.000000
S275 3.03 65536.000000,3.06,65536.000000
S275 3.11 65536.000000,3.06,65536.000000
S275 3.06 65536.000000,3.07,65536.000000
S275 3.05 65536.000000,3.08,65536.000000
S275 3.11 65536.000000,3.08,65536.000000
S275 3.02 65536.000000,3.09,65536.000000
S275 3.13 65536.000000,3.19,65536.000000
S275 3.06 65536.000000,3.20,65536.000000
S275 3.07 65536.000000,3.21,65536.000000
S275 0.39 65536.000000,3.22,65536.000000
S275 0.40 65536.000000,3.22,65536.000000
S275 3.08 65536.000000,3.22,65536.000000
S275 3.07 65536.000000,3.23,65536.000000
S275 3.02 65536.000000,3.24,65536.000000
S275 0.36 65536.000000,3.25,65536.000000
S275 0.37 65536.000000,3.25,65536.000000
S275 3.04 65536.000000,3.25,65536.000000
S275 0.38 65536.000000,3.28,65536.000000
S275 3.12 65536.000000,3.28,65536.000000
S275 0.36 65536.000000,3.32,65536.000000
S275 3.16 65536.000000,3.32,65536.000000
S275 3.23 65536.000000,3.32,65536.000000
S275 3.29 65536.000000,3.32,65536.000000
S275 0.38 65536.000000,3.33,65536.000000
S275 0.40 65536.000000,3.34,65536.000000
S275 3.24 65536.000000,3.34,65536.000000
S275 3.32 65536.000000,3.34,65536.000000
S275 3.17 65536.000000,3.36,65536.000000
S275 3.26 65536.000000,3.36,65536.000000
S275 3.25 65536.000000,3.37,65536.000000
S275 3.26 65536.000000,3.37,65536.000000
S275 3.27 65536.000000,3.38,65536.000000
S275 3.29 65536.000000,3.38,65536.000000
S275 0.37 65536.000000,3.41,65536.000000
S275 3.23 65536.000000,3.41,65536.000000
S275 3.26 65536.000000,3.45,65536.000000
S275 3.26 65536.000000,3.46,65536.000000
S275 3.31 65536.000000,3.46,65536.000000
S275 3.41 65536.000000,3.51,65536.000000
S275 3.31 65536.000000,3.52,65536.000000
S275 3.33 65536.000000,3.53,65536.000000
S275 3.37 65536.000000,3.55,65536.000000
S275 3.27 65536.000000,3.57,65536.000000
